2023-09-27 09:22:53,416 [INFO] MainUpdater:2868 - connection check result : 10
2023-09-27 09:22:53,429 [INFO] MainUpdater:2868 - connection check result : 10
2023-09-27 09:22:53,474 [INFO] MicroXplorer:468 - Change Database Path : 
2023-09-27 09:22:53,474 [INFO] MicroXplorer:498 - Change Database Version : DB.6.0.91
2023-09-27 09:22:53,573 [WARN] ThirdParty:871 - waiting for thirdparty lock release [close project]
2023-09-27 09:22:53,573 [INFO] ThirdParty:873 - entering critical section [close project]
2023-09-27 09:22:53,573 [INFO] ThirdParty:883 - exiting critical section [close project]
2023-09-27 09:22:53,575 [INFO] PinOutPanel:1499 - setPackage(No Configuration,No Configuration)
2023-09-27 09:22:53,579 [INFO] HwResourcesManager:1388 - RZone for current mcu STM32WB55RGVx : STM32_DIE495_256_1024
2023-09-27 09:22:53,595 [INFO] HwResourcesManager:368 - Memory Region Flash added without MPC
2023-09-27 09:22:53,595 [INFO] HwResourcesManager:368 - Memory Region SRAM2_C added without MPC
2023-09-27 09:22:53,597 [INFO] HwResourcesManager:368 - Memory Region SRAM1 added without MPC
2023-09-27 09:22:53,598 [INFO] HwResourcesManager:368 - Memory Region SRAM2 added without MPC
2023-09-27 09:22:53,599 [INFO] MemInfoExtractor$OctoQuadSPIInfoExtractor:1214 - Cannot find QUADSPI start address in the info provided by HWResourceManager => Set it to the default value
2023-09-27 09:22:53,646 [INFO] UtilMem:75 - Begin LoadConfig() Used Memory: 802924576 Bytes (1073741824)
2023-09-27 09:22:53,647 [INFO] MicroXplorer:468 - Change Database Path : 
2023-09-27 09:22:53,647 [INFO] MicroXplorer:498 - Change Database Version : DB.6.0.91
2023-09-27 09:22:53,647 [INFO] OpenFileManager:308 - Change cursor
2023-09-27 09:22:53,676 [INFO] RulesReader:64 - Compatibility file has been processed (293 Rules)
2023-09-27 09:22:53,689 [INFO] Mcu:1946 - Initializing MCU STM32WB55RGVx STM32WB55RGVx STM32WB55RGV6
2023-09-27 09:22:55,427 [INFO] Context:659 - Trying to add GPIOservice into a context  which must be forbidden
2023-09-27 09:22:55,853 [INFO] RtosManager:555 - Registered RTOS mode: class=CMSIS, group=RTOS, mode=CMSIS_V1, owner=FREERTOS
2023-09-27 09:22:55,853 [INFO] RtosManager:555 - Registered RTOS mode: class=CMSIS, group=RTOS2, mode=CMSIS_V2, owner=FREERTOS
2023-09-27 09:22:55,853 [INFO] RtosManager:555 - Registered RTOS mode: class=RTOS, group=Core, mode=CMSIS_V1, owner=FREERTOS
2023-09-27 09:22:55,853 [INFO] RtosManager:555 - Registered RTOS mode: class=RTOS, group=Core, mode=CMSIS_V2, owner=FREERTOS
2023-09-27 09:22:55,853 [WARN] ModelIntegratedComponent:184 - Missing modes for component STMicroelectronics:FreeRTOS:0.0.1:STMicroelectronics:RTOS:FreeRTOS:Core:::10.2.0:
2023-09-27 09:22:55,856 [WARN] ModelIntegratedComponent:63 - No mode defined for component null
2023-09-27 09:22:55,856 [WARN] ModelIntegratedComponent:63 - No mode defined for component null
2023-09-27 09:22:55,856 [WARN] ModelIntegratedComponent:63 - No mode defined for component null
2023-09-27 09:22:55,856 [WARN] ModelIntegratedComponent:63 - No mode defined for component null
2023-09-27 09:22:55,856 [WARN] ModelIntegratedComponent:63 - No mode defined for component null
2023-09-27 09:22:55,856 [WARN] ModelIntegratedComponent:63 - No mode defined for component null
2023-09-27 09:22:55,856 [WARN] ModelIntegratedComponent:63 - No mode defined for component null
2023-09-27 09:22:55,856 [WARN] ModelIntegratedComponent:63 - No mode defined for component null
2023-09-27 09:22:55,856 [WARN] ModelIntegratedComponent:63 - No mode defined for component null
2023-09-27 09:22:55,856 [WARN] ModelIntegratedComponent:63 - No mode defined for component null
2023-09-27 09:22:55,856 [WARN] ModelIntegratedComponent:63 - No mode defined for component null
2023-09-27 09:22:55,856 [WARN] ModelIntegratedComponent:63 - No mode defined for component null
2023-09-27 09:22:55,856 [WARN] ModelIntegratedComponent:63 - No mode defined for component null
2023-09-27 09:22:55,856 [WARN] ModelIntegratedComponent:63 - No mode defined for component null
2023-09-27 09:22:55,856 [WARN] ModelIntegratedComponent:63 - No mode defined for component null
2023-09-27 09:22:55,856 [WARN] ModelIntegratedComponent:63 - No mode defined for component null
2023-09-27 09:22:55,856 [WARN] ModelIntegratedComponent:63 - No mode defined for component null
2023-09-27 09:22:55,856 [WARN] ModelIntegratedComponent:63 - No mode defined for component null
2023-09-27 09:22:55,856 [WARN] ModelIntegratedComponent:63 - No mode defined for component null
2023-09-27 09:22:55,856 [WARN] ModelIntegratedComponent:63 - No mode defined for component null
2023-09-27 09:22:55,856 [WARN] ModelIntegratedComponent:63 - No mode defined for component null
2023-09-27 09:22:55,856 [WARN] ModelIntegratedComponent:63 - No mode defined for component null
2023-09-27 09:22:55,856 [WARN] ModelIntegratedComponent:63 - No mode defined for component null
2023-09-27 09:22:55,856 [WARN] ModelIntegratedComponent:63 - No mode defined for component null
2023-09-27 09:22:55,856 [WARN] ModelIntegratedComponent:63 - No mode defined for component null
2023-09-27 09:22:55,856 [WARN] ModelIntegratedComponent:63 - No mode defined for component null
2023-09-27 09:22:55,856 [WARN] ModelIntegratedComponent:63 - No mode defined for component null
2023-09-27 09:22:55,856 [WARN] ModelIntegratedComponent:63 - No mode defined for component null
2023-09-27 09:22:55,856 [WARN] ModelIntegratedComponent:63 - No mode defined for component null
2023-09-27 09:22:55,856 [WARN] ModelIntegratedComponent:63 - No mode defined for component null
2023-09-27 09:22:55,856 [WARN] ModelIntegratedComponent:63 - No mode defined for component null
2023-09-27 09:22:55,856 [WARN] ModelIntegratedComponent:63 - No mode defined for component null
2023-09-27 09:22:55,856 [WARN] ModelIntegratedComponent:63 - No mode defined for component null
2023-09-27 09:22:56,057 [INFO] ThirdPartyModel:298 - Start build external matchings
2023-09-27 09:22:57,447 [INFO] ThirdPartyModel:316 - End build external matchings
2023-09-27 09:22:57,480 [INFO] ImportTextPane:194 - (OptionalMessage_ERROR) IP (ADC1) : Parameter (CommonPathInternal) has invalid value (null|null|null|null)
2023-09-27 09:22:57,480 [INFO] ImportTextPane:194 - (OptionalMessage_ERROR) IP (RCC) : Invalid parameter (FamilyName)
2023-09-27 09:22:57,481 [INFO] ImportTextPane:194 - (OptionalMessage_ERROR) IP (RCC) : Invalid parameter (SMPSCLockSelectionVirtualVirtual)
2023-09-27 09:22:57,507 [WARN] IP:2114 - SERVICE2_UUID not found: check if there is a RefParameter without a condition.
2023-09-27 09:22:57,509 [WARN] IP:2114 - SERVICE3_UUID not found: check if there is a RefParameter without a condition.
2023-09-27 09:22:57,512 [WARN] IP:2114 - SERVICE4_UUID not found: check if there is a RefParameter without a condition.
2023-09-27 09:22:57,514 [WARN] IP:2114 - SERVICE5_UUID not found: check if there is a RefParameter without a condition.
2023-09-27 09:22:57,524 [INFO] ImportTextPane:194 - (OptionalMessage_ERROR) IP (STM32_WPAN) : Parameter (AD_SERVICE_CLASS_UUID_1_INV) has invalid value ([1A, 18])
2023-09-27 09:22:57,796 [INFO] UtilMem:75 - End LoadConfig() Used Memory: 904001128 Bytes (1073741824)
2023-09-27 09:22:57,874 [WARN] ThirdParty:833 - waiting for thirdparty lock release [change project]
2023-09-27 09:22:57,874 [INFO] ThirdParty:835 - entering critical section [change project]
2023-09-27 09:22:57,874 [INFO] ThirdParty:1030 - CMSIS Pack Vendor :STMicroelectronics USBPD 4.1
2023-09-27 09:22:57,875 [INFO] ThirdParty:1030 - CMSIS Pack Vendor :STMicroelectronics X-CUBE-GNSS1 6.0.0
2023-09-27 09:22:57,875 [INFO] ThirdParty:1030 - CMSIS Pack Vendor :STMicroelectronics USB_HOST 2.0.0
2023-09-27 09:22:57,875 [INFO] ThirdParty:1030 - CMSIS Pack Vendor :STMicroelectronics X-CUBE-AZRTOS-F4 1.1.0
2023-09-27 09:22:57,875 [INFO] ThirdParty:1030 - CMSIS Pack Vendor :STMicroelectronics LIBJPEG 8.0.0
2023-09-27 09:22:57,875 [INFO] ThirdParty:1030 - CMSIS Pack Vendor :wolfSSL I-CUBE-wolfSSL 5.6.3
2023-09-27 09:22:57,875 [INFO] ThirdParty:1030 - CMSIS Pack Vendor :STMicroelectronics X-CUBE-SMBUS 2.1.0
2023-09-27 09:22:57,875 [INFO] ThirdParty:1030 - CMSIS Pack Vendor :STMicroelectronics X-CUBE-BLEMGR 1.2.0
2023-09-27 09:22:57,875 [INFO] ThirdParty:1030 - CMSIS Pack Vendor :STMicroelectronics X-CUBE-AZRTOS-F7 1.1.0
2023-09-27 09:22:57,875 [INFO] ThirdParty:1030 - CMSIS Pack Vendor :STMicroelectronics X-CUBE-AZRTOS-L5 2.0.0
2023-09-27 09:22:57,875 [INFO] ThirdParty:1030 - CMSIS Pack Vendor :STMicroelectronics USB_DEVICE 2.0.0
2023-09-27 09:22:57,875 [INFO] ThirdParty:1030 - CMSIS Pack Vendor :STMicroelectronics X-CUBE-MEMS1 9.6.0
2023-09-27 09:22:57,875 [INFO] ThirdParty:1030 - CMSIS Pack Vendor :STMicroelectronics FP-SNS-MOTENV1 4.3.0
2023-09-27 09:22:57,875 [INFO] ThirdParty:1030 - CMSIS Pack Vendor :STMicroelectronics FP-SNS-MOTENV1 4.3.2
2023-09-27 09:22:57,875 [INFO] ThirdParty:1030 - CMSIS Pack Vendor :STMicroelectronics FP-SNS-FLIGHT1 5.0.0
2023-09-27 09:22:57,875 [INFO] ThirdParty:1030 - CMSIS Pack Vendor :STMicroelectronics FP-SNS-MOTENV1 4.3.1
2023-09-27 09:22:57,875 [INFO] ThirdParty:1030 - CMSIS Pack Vendor :STMicroelectronics FP-SNS-FLIGHT1 5.0.1
2023-09-27 09:22:57,875 [INFO] ThirdParty:1030 - CMSIS Pack Vendor :STMicroelectronics X-CUBE-BLE1 6.2.3
2023-09-27 09:22:57,875 [INFO] ThirdParty:1030 - CMSIS Pack Vendor :STMicroelectronics X-CUBE-BLE1 6.2.4
2023-09-27 09:22:57,875 [INFO] ThirdParty:1030 - CMSIS Pack Vendor :STMicroelectronics FreeRTOS 0.0.1
2023-09-27 09:22:57,875 [INFO] ThirdParty:1030 - CMSIS Pack Vendor :emotas I-CUBE-CANOPEN 1.1.3
2023-09-27 09:22:57,875 [INFO] ThirdParty:1030 - CMSIS Pack Vendor :STMicroelectronics X-CUBE-BLEMGR 2.0.0
2023-09-27 09:22:57,875 [INFO] ThirdParty:1030 - CMSIS Pack Vendor :STMicroelectronics FP-SNS-FLIGHT1 5.0.2
2023-09-27 09:22:57,875 [INFO] ThirdParty:1030 - CMSIS Pack Vendor :STMicroelectronics X-CUBE-NFC4 2.0.5
2023-09-27 09:22:57,875 [INFO] ThirdParty:1030 - CMSIS Pack Vendor :STMicroelectronics X-CUBE-NFC4 2.0.4
2023-09-27 09:22:57,875 [INFO] ThirdParty:1030 - CMSIS Pack Vendor :STMicroelectronics X-CUBE-AZRTOS-H7 3.1.0
2023-09-27 09:22:57,875 [INFO] ThirdParty:1030 - CMSIS Pack Vendor :STMicroelectronics PDM2PCM 3.3.0
2023-09-27 09:22:57,875 [INFO] ThirdParty:1030 - CMSIS Pack Vendor :STMicroelectronics X-CUBE-DISPLAY 3.0.0
2023-09-27 09:22:57,875 [INFO] ThirdParty:1030 - CMSIS Pack Vendor :wolfSSL I-CUBE-wolfSSL 5.5.3
2023-09-27 09:22:57,875 [INFO] ThirdParty:1030 - CMSIS Pack Vendor :STMicroelectronics X-CUBE-BLE1 7.0.0
2023-09-27 09:22:57,875 [INFO] ThirdParty:1030 - CMSIS Pack Vendor :STMicroelectronics HAL Drivers 0.0.0
2023-09-27 09:22:57,875 [INFO] ThirdParty:1030 - CMSIS Pack Vendor :emotas I-CUBE-CANOPEN 1.3.0
2023-09-27 09:22:57,875 [INFO] ThirdParty:1030 - CMSIS Pack Vendor :STMicroelectronics X-CUBE-TOUCHGFX 4.22.0
2023-09-27 09:22:57,875 [INFO] ThirdParty:1030 - CMSIS Pack Vendor :STMicroelectronics X-CUBE-NFC7 1.0.1
2023-09-27 09:22:57,875 [INFO] ThirdParty:1030 - CMSIS Pack Vendor :STMicroelectronics MBEDTLS 2.14.1
2023-09-27 09:22:57,875 [INFO] ThirdParty:1030 - CMSIS Pack Vendor :STMicroelectronics X-CUBE-NFC7 1.0.0
2023-09-27 09:22:57,876 [INFO] ThirdParty:1030 - CMSIS Pack Vendor :STMicroelectronics X-CUBE-NFC6 3.0.0
2023-09-27 09:22:57,876 [INFO] ThirdParty:1030 - CMSIS Pack Vendor :STMicroelectronics X-CUBE-MEMS1 9.3.0
2023-09-27 09:22:57,876 [INFO] ThirdParty:1030 - CMSIS Pack Vendor :STMicroelectronics X-CUBE-EEPRMA1 4.1.0
2023-09-27 09:22:57,876 [INFO] ThirdParty:1030 - CMSIS Pack Vendor :STMicroelectronics FP-SNS-SMARTAG2 1.2.0
2023-09-27 09:22:57,876 [INFO] ThirdParty:1030 - CMSIS Pack Vendor :STMicroelectronics X-CUBE-AZRTOS-WL 2.0.0
2023-09-27 09:22:57,876 [INFO] ThirdParty:1030 - CMSIS Pack Vendor :STMicroelectronics USB_DEVICE 1.0.0
2023-09-27 09:22:57,876 [INFO] ThirdParty:1030 - CMSIS Pack Vendor :STMicroelectronics X-CUBE-AI 8.1.0
2023-09-27 09:22:57,876 [INFO] ThirdParty:1030 - CMSIS Pack Vendor :STMicroelectronics X-CUBE-AZRTOS-L4 2.0.0
2023-09-27 09:22:57,876 [INFO] ThirdParty:1030 - CMSIS Pack Vendor :STMicroelectronics ThreadX 0.0.2
2023-09-27 09:22:57,876 [INFO] ThirdParty:1030 - CMSIS Pack Vendor :WES I-CUBE-Cesium 1.3.0
2023-09-27 09:22:57,876 [INFO] ThirdParty:1030 - CMSIS Pack Vendor :STMicroelectronics lwIP 2.1.2
2023-09-27 09:22:57,876 [INFO] ThirdParty:1030 - CMSIS Pack Vendor :STMicroelectronics X-CUBE-SFXS2LP1 4.0.0
2023-09-27 09:22:57,876 [INFO] ThirdParty:1030 - CMSIS Pack Vendor :STMicroelectronics X-CUBE-BLE2 3.3.0
2023-09-27 09:22:57,876 [INFO] ThirdParty:1030 - CMSIS Pack Vendor :STMicroelectronics X-CUBE-DISPLAY 2.2.0
2023-09-27 09:22:57,876 [INFO] ThirdParty:1030 - CMSIS Pack Vendor :STMicroelectronics X-CUBE-TOF1 3.2.0
2023-09-27 09:22:57,876 [INFO] ThirdParty:1030 - CMSIS Pack Vendor :STMicroelectronics PDM2PCM 3.2.0
2023-09-27 09:22:57,876 [INFO] ThirdParty:1030 - CMSIS Pack Vendor :STMicroelectronics X-CUBE-AZRTOS-H7 3.0.0
2023-09-27 09:22:57,876 [INFO] ThirdParty:1030 - CMSIS Pack Vendor :STMicroelectronics X-CUBE-ISPU 1.1.0
2023-09-27 09:22:57,876 [INFO] ThirdParty:1030 - CMSIS Pack Vendor :RoweBots I-CUBE-UNISONRTOS 5.5.0-4
2023-09-27 09:22:57,876 [INFO] ThirdParty:1030 - CMSIS Pack Vendor :STMicroelectronics X-CUBE-AZRTOS-H7 2.1.0
2023-09-27 09:22:57,876 [INFO] ThirdParty:1030 - CMSIS Pack Vendor :STMicroelectronics USB_DEVICE 3.0.0
2023-09-27 09:22:57,876 [INFO] ThirdParty:1030 - CMSIS Pack Vendor :STMicroelectronics X-CUBE-AI 8.0.0
2023-09-27 09:22:57,876 [INFO] ThirdParty:1030 - CMSIS Pack Vendor :STMicroelectronics X-CUBE-AZRTOS-WB 2.0.0
2023-09-27 09:22:57,876 [INFO] ThirdParty:1030 - CMSIS Pack Vendor :STMicroelectronics X-CUBE-FREERTOS 1.0.1
2023-09-27 09:22:57,876 [INFO] ThirdParty:1030 - CMSIS Pack Vendor :STMicroelectronics X-CUBE-TOUCHGFX 4.21.1
2023-09-27 09:22:57,876 [INFO] ThirdParty:1030 - CMSIS Pack Vendor :STMicroelectronics X-CUBE-TOUCHGFX 4.21.0
2023-09-27 09:22:57,876 [INFO] ThirdParty:1030 - CMSIS Pack Vendor :STMicroelectronics X-CUBE-TOUCHGFX 4.21.3
2023-09-27 09:22:57,876 [INFO] ThirdParty:1030 - CMSIS Pack Vendor :STMicroelectronics X-CUBE-TOUCHGFX 4.21.4
2023-09-27 09:22:57,876 [INFO] ThirdParty:1030 - CMSIS Pack Vendor :STMicroelectronics X-CUBE-MEMS1 9.4.0
2023-09-27 09:22:57,876 [INFO] ThirdParty:1030 - CMSIS Pack Vendor :STMicroelectronics X-CUBE-AI 7.3.0
2023-09-27 09:22:57,876 [INFO] ThirdParty:1030 - CMSIS Pack Vendor :STMicroelectronics X-CUBE-ALGOBUILD 1.3.0
2023-09-27 09:22:57,876 [INFO] ThirdParty:1030 - CMSIS Pack Vendor :STMicroelectronics X-CUBE-AZRTOS-L5 1.1.0
2023-09-27 09:22:57,876 [INFO] ThirdParty:1030 - CMSIS Pack Vendor :STMicroelectronics X-CUBE-AZRTOS-G0 1.1.0
2023-09-27 09:22:57,876 [INFO] ThirdParty:1030 - CMSIS Pack Vendor :STMicroelectronics X-CUBE-AI 8.0.1
2023-09-27 09:22:57,876 [INFO] ThirdParty:1030 - CMSIS Pack Vendor :STMicroelectronics X-CUBE-NFC4 3.0.0
2023-09-27 09:22:57,876 [INFO] ThirdParty:1030 - CMSIS Pack Vendor :STMicroelectronics X-CUBE-SUBG2 5.0.0
2023-09-27 09:22:57,876 [INFO] ThirdParty:1030 - CMSIS Pack Vendor :STMicroelectronics STM32_WPAN 1.0.0
2023-09-27 09:22:57,876 [INFO] ThirdParty:1030 - CMSIS Pack Vendor :SEGGER I-CUBE-embOS 1.2.1
2023-09-27 09:22:57,876 [INFO] ThirdParty:1030 - CMSIS Pack Vendor :STMicroelectronics lwIP 2.0.3
2023-09-27 09:22:57,876 [INFO] ThirdParty:1030 - CMSIS Pack Vendor :STMicroelectronics USB_HOST 1.0.0
2023-09-27 09:22:57,876 [INFO] ThirdParty:1030 - CMSIS Pack Vendor :STMicroelectronics X-CUBE-TOF1 3.3.1
2023-09-27 09:22:57,876 [INFO] ThirdParty:1030 - CMSIS Pack Vendor :STMicroelectronics X-CUBE-AZRTOS-G4 2.0.0
2023-09-27 09:22:57,876 [INFO] ThirdParty:1030 - CMSIS Pack Vendor :STMicroelectronics PDM2PCM 3.1.0
2023-09-27 09:22:57,876 [INFO] ThirdParty:1030 - CMSIS Pack Vendor :STMicroelectronics X-CUBE-TOF1 3.3.0
2023-09-27 09:22:57,877 [INFO] ThirdParty:1030 - CMSIS Pack Vendor :STMicroelectronics FP-ATR-ASTRA1 1.1.1
2023-09-27 09:22:57,877 [INFO] ThirdParty:1030 - CMSIS Pack Vendor :STMicroelectronics X-CUBE-BLEMGR 1.3.0
2023-09-27 09:22:57,877 [INFO] ThirdParty:1030 - CMSIS Pack Vendor :STMicroelectronics FP-ATR-SIGFOX1 3.2.0
2023-09-27 09:22:57,877 [INFO] ThirdParty:1030 - CMSIS Pack Vendor :STMicroelectronics X-CUBE-AZRTOS-G4 1.0.0
2023-09-27 09:22:57,877 [INFO] ThirdParty:1030 - CMSIS Pack Vendor :STMicroelectronics X-CUBE-AZRTOS-L4 1.0.0
2023-09-27 09:22:57,877 [INFO] ThirdParty:1030 - CMSIS Pack Vendor :STMicroelectronics MBEDTLS 2.16.2
2023-09-27 09:22:57,877 [INFO] ThirdParty:1030 - CMSIS Pack Vendor :STMicroelectronics X-CUBE-TOUCHGFX 4.20.0
2023-09-27 09:22:57,877 [INFO] ThirdParty:1030 - CMSIS Pack Vendor :STMicroelectronics X-CUBE-FREERTOS 1.1.0
2023-09-27 09:22:57,877 [INFO] ThirdParty:1030 - CMSIS Pack Vendor :STMicroelectronics X-CUBE-AZRTOS-WL 1.0.0
2023-09-27 09:22:57,877 [INFO] ThirdParty:1030 - CMSIS Pack Vendor :portGmbH I-Cube-SoM-uGOAL 1.1.0
2023-09-27 09:22:57,877 [INFO] ThirdParty:1030 - CMSIS Pack Vendor :STMicroelectronics X-CUBE-ALS 1.0.1
2023-09-27 09:22:57,877 [INFO] ThirdParty:1030 - CMSIS Pack Vendor :STMicroelectronics X-CUBE-MEMS1 9.5.0
2023-09-27 09:22:57,877 [INFO] ThirdParty:1030 - CMSIS Pack Vendor :STMicroelectronics ThreadX 1.0.0
2023-09-27 09:22:57,877 [INFO] ThirdParty:1030 - CMSIS Pack Vendor :STMicroelectronics X-CUBE-AZRTOS-WB 1.1.0
2023-09-27 09:22:57,877 [INFO] ThirdParty:1030 - CMSIS Pack Vendor :SEGGER I-CUBE-embOS 1.3.1
2023-09-27 09:22:57,877 [INFO] ThirdParty:1030 - CMSIS Pack Vendor :STMicroelectronics X-CUBE-AZRTOS-L5 1.0.0
2023-09-27 09:22:57,877 [INFO] ThirdParty:1030 - CMSIS Pack Vendor :STMicroelectronics X-CUBE-EEPRMA1 3.1.1
2023-09-27 09:22:57,877 [INFO] ThirdParty:1030 - CMSIS Pack Vendor :STMicroelectronics FP-ATR-ASTRA1 2.0.0
2023-09-27 09:22:57,877 [INFO] ThirdParty:841 - exiting critical section [change project]
2023-09-27 09:22:58,041 [INFO] PinOutPanel:1499 - setPackage(No Configuration,No Configuration)
2023-09-27 09:22:58,043 [INFO] PinOutPanel:1499 - setPackage(STM32WB55RGVx,VFQFPN68)
2023-09-27 09:22:58,371 [INFO] UtilMem:75 - Before build in PCC Used Memory: 743287520 Bytes (1073741824)
2023-09-27 09:22:58,738 [INFO] UtilMem:75 - After build in PCC Used Memory: 813542128 Bytes (1073741824)
2023-09-27 09:22:58,766 [INFO] ApiDbMcu:507 - Load IP Config File for STM32_WPAN
2023-09-27 09:22:58,790 [INFO] IPUIPlugin:80 - create IPUIPlugin
2023-09-27 09:22:58,790 [INFO] IPUIPlugin:80 - create IPUIPlugin
2023-09-27 09:22:58,790 [INFO] IPUIPlugin:80 - create IPUIPlugin
2023-09-27 09:22:58,790 [INFO] IPUIPlugin:80 - create IPUIPlugin
2023-09-27 09:22:58,790 [INFO] IPUIPlugin:80 - create IPUIPlugin
2023-09-27 09:22:58,790 [INFO] IPUIPlugin:80 - create IPUIPlugin
2023-09-27 09:22:58,790 [INFO] IPUIPlugin:80 - create IPUIPlugin
2023-09-27 09:22:58,790 [INFO] IPUIPlugin:80 - create IPUIPlugin
2023-09-27 09:22:58,790 [INFO] IPUIPlugin:80 - create IPUIPlugin
2023-09-27 09:22:58,791 [INFO] IPUIPlugin:80 - create IPUIPlugin
2023-09-27 09:22:58,791 [INFO] IPUIPlugin:80 - create IPUIPlugin
2023-09-27 09:22:58,791 [INFO] IPUIPlugin:80 - create IPUIPlugin
2023-09-27 09:22:58,791 [INFO] IPUIPlugin:80 - create IPUIPlugin
2023-09-27 09:22:58,791 [INFO] IPUIPlugin:80 - create IPUIPlugin
2023-09-27 09:22:58,791 [INFO] IPUIPlugin:80 - create IPUIPlugin
2023-09-27 09:22:58,791 [INFO] IPUIPlugin:80 - create IPUIPlugin
2023-09-27 09:22:58,791 [INFO] IPUIPlugin:80 - create IPUIPlugin
2023-09-27 09:22:58,791 [INFO] IPUIPlugin:80 - create IPUIPlugin
2023-09-27 09:22:58,792 [INFO] IPUIPlugin:80 - create IPUIPlugin
2023-09-27 09:22:58,792 [INFO] IPUIPlugin:80 - create IPUIPlugin
2023-09-27 09:22:58,792 [INFO] IPUIPlugin:80 - create IPUIPlugin
2023-09-27 09:22:58,792 [INFO] IPUIPlugin:80 - create IPUIPlugin
2023-09-27 09:22:58,792 [INFO] IPUIPlugin:80 - create IPUIPlugin
2023-09-27 09:22:58,792 [INFO] IPUIPlugin:80 - create IPUIPlugin
2023-09-27 09:22:58,792 [INFO] IPUIPlugin:80 - create IPUIPlugin
2023-09-27 09:22:58,792 [INFO] IPUIPlugin:80 - create IPUIPlugin
2023-09-27 09:22:58,793 [INFO] IPUIPlugin:80 - create IPUIPlugin
2023-09-27 09:22:58,793 [INFO] IPUIPlugin:80 - create IPUIPlugin
2023-09-27 09:22:58,793 [INFO] IPUIPlugin:80 - create IPUIPlugin
2023-09-27 09:22:58,793 [INFO] IPUIPlugin:80 - create IPUIPlugin
2023-09-27 09:22:58,793 [INFO] IPUIPlugin:80 - create IPUIPlugin
2023-09-27 09:22:58,793 [INFO] IPUIPlugin:80 - create IPUIPlugin
2023-09-27 09:22:58,793 [INFO] IPUIPlugin:80 - create IPUIPlugin
2023-09-27 09:22:58,795 [INFO] IPUIPlugin:80 - create IPUIPlugin
2023-09-27 09:22:58,795 [INFO] IPUIPlugin:80 - create IPUIPlugin
2023-09-27 09:22:58,795 [INFO] IPUIPlugin:80 - create IPUIPlugin
2023-09-27 09:22:58,795 [INFO] IPUIPlugin:80 - create IPUIPlugin
2023-09-27 09:22:58,796 [INFO] IPUIPlugin:80 - create IPUIPlugin
2023-09-27 09:22:58,796 [INFO] IPUIPlugin:80 - create IPUIPlugin
2023-09-27 09:22:58,796 [INFO] IPUIPlugin:80 - create IPUIPlugin
2023-09-27 09:22:58,796 [INFO] IPUIPlugin:80 - create IPUIPlugin
2023-09-27 09:22:58,796 [INFO] IPUIPlugin:80 - create IPUIPlugin
2023-09-27 09:22:58,797 [INFO] IPUIPlugin:80 - create IPUIPlugin
2023-09-27 09:22:58,797 [INFO] IPUIPlugin:80 - create IPUIPlugin
2023-09-27 09:22:58,797 [INFO] IPUIPlugin:80 - create IPUIPlugin
2023-09-27 09:22:58,823 [WARN] IP:2114 - SERVICE2_UUID not found: check if there is a RefParameter without a condition.
2023-09-27 09:22:58,825 [WARN] IP:2114 - SERVICE3_UUID not found: check if there is a RefParameter without a condition.
2023-09-27 09:22:58,828 [WARN] IP:2114 - SERVICE4_UUID not found: check if there is a RefParameter without a condition.
2023-09-27 09:22:58,830 [WARN] IP:2114 - SERVICE5_UUID not found: check if there is a RefParameter without a condition.
2023-09-27 09:22:58,939 [INFO] CADModel:165 - CPN selected for project levelSTM32WB55RGV6
2023-09-27 09:22:58,939 [INFO] CADModel:114 - Register for checkConnection events
2023-09-27 09:22:59,015 [INFO] OpenFileManager:328 - Restore cursor
2023-09-27 09:22:59,378 [WARN] IP:2114 - SERVICE2_UUID not found: check if there is a RefParameter without a condition.
2023-09-27 09:22:59,381 [WARN] IP:2114 - SERVICE3_UUID not found: check if there is a RefParameter without a condition.
2023-09-27 09:22:59,383 [WARN] IP:2114 - SERVICE4_UUID not found: check if there is a RefParameter without a condition.
2023-09-27 09:22:59,385 [WARN] IP:2114 - SERVICE5_UUID not found: check if there is a RefParameter without a condition.
2023-09-27 09:22:59,437 [WARN] IpParametersView:151 - Warning: This peripheral hasn't parameters
2023-09-27 09:23:08,693 [INFO] ADCParametersView:116 -                Rank 1 : false
2023-09-27 09:23:08,840 [INFO] ADCParametersView:116 -                Rank 1 : false
2023-09-27 09:23:08,841 [INFO] ADCParametersView:116 -                Rank 1 : false
2023-09-27 09:23:08,841 [INFO] ADCParametersView:116 -                Rank 1 : false
2023-09-27 09:23:08,841 [INFO] ADCParametersView:116 -                Rank 1 : false
2023-09-27 09:23:08,841 [INFO] ADCParametersView:116 -                Rank 1 : false
2023-09-27 09:23:08,841 [INFO] ADCParametersView:116 -                Rank 1 : false
2023-09-27 09:23:08,841 [INFO] ADCParametersView:116 -                Rank 1 : false
2023-09-27 09:23:08,841 [INFO] ADCParametersView:116 -                Rank 1 : false
2023-09-27 09:23:08,841 [INFO] ADCParametersView:116 -                Rank 1 : false
2023-09-27 09:23:08,841 [INFO] ADCParametersView:116 -                Rank 1 : false
2023-09-27 09:23:08,841 [INFO] ADCParametersView:116 -                Rank 1 : false
2023-09-27 09:23:08,841 [INFO] ADCParametersView:116 -                Rank 1 : false
2023-09-27 09:23:08,841 [INFO] ADCParametersView:116 -                Rank 1 : false
2023-09-27 09:23:08,841 [INFO] ADCParametersView:116 -                Rank 1 : false
2023-09-27 09:23:08,842 [INFO] ADCParametersView:116 -                Rank 1 : false
2023-09-27 09:23:08,842 [INFO] ADCParametersView:116 -                Rank 1 : false
2023-09-27 09:23:08,842 [INFO] ADCParametersView:116 -                Rank 1 : false
2023-09-27 09:23:08,842 [INFO] ADCParametersView:116 -                Rank 1 : false
2023-09-27 09:23:08,842 [INFO] ADCParametersView:116 -                Rank 1 : false
2023-09-27 09:23:08,873 [INFO] ADCParametersView:116 -                Rank 1 : false
2023-09-27 09:23:26,111 [WARN] IP:2114 - SERVICE2_UUID not found: check if there is a RefParameter without a condition.
2023-09-27 09:23:26,114 [WARN] IP:2114 - SERVICE3_UUID not found: check if there is a RefParameter without a condition.
2023-09-27 09:23:26,115 [WARN] IP:2114 - SERVICE4_UUID not found: check if there is a RefParameter without a condition.
2023-09-27 09:23:26,118 [WARN] IP:2114 - SERVICE5_UUID not found: check if there is a RefParameter without a condition.
2023-09-27 09:23:26,241 [INFO] ADCParametersView:116 -                Rank 1 : false
2023-09-27 09:23:26,241 [INFO] ADCParametersView:116 -                Rank 1 : false
2023-09-27 09:23:26,241 [INFO] ADCParametersView:116 -                Rank 1 : false
2023-09-27 09:23:26,241 [INFO] ADCParametersView:116 -                Rank 1 : false
2023-09-27 09:23:26,241 [INFO] ADCParametersView:116 -                Rank 1 : false
2023-09-27 09:23:26,241 [INFO] ADCParametersView:116 -                Rank 1 : false
2023-09-27 09:23:26,241 [INFO] ADCParametersView:116 -                Rank 1 : false
2023-09-27 09:23:26,241 [INFO] ADCParametersView:116 -                Rank 1 : false
2023-09-27 09:23:26,241 [INFO] ADCParametersView:116 -                Rank 1 : false
2023-09-27 09:23:26,241 [INFO] ADCParametersView:116 -                Rank 1 : false
2023-09-27 09:23:26,241 [INFO] ADCParametersView:116 -                Rank 1 : false
2023-09-27 09:23:26,242 [INFO] ADCParametersView:116 -                Rank 1 : false
2023-09-27 09:23:26,242 [INFO] ADCParametersView:116 -                Rank 1 : false
2023-09-27 09:23:26,242 [INFO] ADCParametersView:116 -                Rank 1 : false
2023-09-27 09:23:26,242 [INFO] ADCParametersView:116 -                Rank 1 : false
2023-09-27 09:23:26,242 [INFO] ADCParametersView:116 -                Rank 1 : false
2023-09-27 09:23:26,242 [INFO] ADCParametersView:116 -                Rank 1 : false
2023-09-27 09:23:26,242 [INFO] ADCParametersView:116 -                Rank 1 : false
2023-09-27 09:23:26,242 [INFO] ADCParametersView:116 -                Rank 1 : false
2023-09-27 09:23:26,287 [INFO] ADCParametersView:116 -                Rank 1 : false
2023-09-27 09:23:26,327 [INFO] ADCParametersView:116 -                Rank 1 : false
2023-09-27 09:23:26,328 [INFO] ADCParametersView:116 -                Rank 1 : false
2023-09-27 09:23:26,328 [INFO] ADCParametersView:116 -                Rank 1 : false
2023-09-27 09:23:26,328 [INFO] ADCParametersView:116 -                Rank 1 : false
2023-09-27 09:23:26,328 [INFO] ADCParametersView:116 -                Rank 1 : false
2023-09-27 09:23:26,328 [INFO] ADCParametersView:116 -                Rank 1 : false
2023-09-27 09:23:26,328 [INFO] ADCParametersView:116 -                Rank 1 : false
2023-09-27 09:23:26,328 [INFO] ADCParametersView:116 -                Rank 1 : false
2023-09-27 09:23:26,328 [INFO] ADCParametersView:116 -                Rank 1 : false
2023-09-27 09:23:26,328 [INFO] ADCParametersView:116 -                Rank 1 : false
2023-09-27 09:23:26,328 [INFO] ADCParametersView:116 -                Rank 1 : false
2023-09-27 09:23:26,328 [INFO] ADCParametersView:116 -                Rank 1 : false
2023-09-27 09:23:26,328 [INFO] ADCParametersView:116 -                Rank 1 : false
2023-09-27 09:23:26,328 [INFO] ADCParametersView:116 -                Rank 1 : false
2023-09-27 09:23:26,329 [INFO] ADCParametersView:116 -                Rank 1 : false
2023-09-27 09:23:26,329 [INFO] ADCParametersView:116 -                Rank 1 : false
2023-09-27 09:23:26,329 [INFO] ADCParametersView:116 -                Rank 1 : false
2023-09-27 09:23:26,329 [INFO] ADCParametersView:116 -                Rank 1 : false
2023-09-27 09:23:26,329 [INFO] ADCParametersView:116 -                Rank 1 : false
2023-09-27 09:23:26,371 [INFO] ADCParametersView:116 -                Rank 1 : false
2023-09-27 09:23:26,445 [WARN] IP:2114 - SERVICE2_UUID not found: check if there is a RefParameter without a condition.
2023-09-27 09:23:26,448 [WARN] IP:2114 - SERVICE3_UUID not found: check if there is a RefParameter without a condition.
2023-09-27 09:23:26,450 [WARN] IP:2114 - SERVICE4_UUID not found: check if there is a RefParameter without a condition.
2023-09-27 09:23:26,452 [WARN] IP:2114 - SERVICE5_UUID not found: check if there is a RefParameter without a condition.
2023-09-27 09:23:26,569 [INFO] ADCParametersView:116 -                Rank 1 : false
2023-09-27 09:23:26,569 [INFO] ADCParametersView:116 -                Rank 1 : false
2023-09-27 09:23:26,569 [INFO] ADCParametersView:116 -                Rank 1 : false
2023-09-27 09:23:26,569 [INFO] ADCParametersView:116 -                Rank 1 : false
2023-09-27 09:23:26,569 [INFO] ADCParametersView:116 -                Rank 1 : false
2023-09-27 09:23:26,569 [INFO] ADCParametersView:116 -                Rank 1 : false
2023-09-27 09:23:26,569 [INFO] ADCParametersView:116 -                Rank 1 : false
2023-09-27 09:23:26,569 [INFO] ADCParametersView:116 -                Rank 1 : false
2023-09-27 09:23:26,569 [INFO] ADCParametersView:116 -                Rank 1 : false
2023-09-27 09:23:26,569 [INFO] ADCParametersView:116 -                Rank 1 : false
2023-09-27 09:23:26,569 [INFO] ADCParametersView:116 -                Rank 1 : false
2023-09-27 09:23:26,569 [INFO] ADCParametersView:116 -                Rank 1 : false
2023-09-27 09:23:26,570 [INFO] ADCParametersView:116 -                Rank 1 : false
2023-09-27 09:23:26,570 [INFO] ADCParametersView:116 -                Rank 1 : false
2023-09-27 09:23:26,570 [INFO] ADCParametersView:116 -                Rank 1 : false
2023-09-27 09:23:26,570 [INFO] ADCParametersView:116 -                Rank 1 : false
2023-09-27 09:23:26,570 [INFO] ADCParametersView:116 -                Rank 1 : false
2023-09-27 09:23:26,570 [INFO] ADCParametersView:116 -                Rank 1 : false
2023-09-27 09:23:26,570 [INFO] ADCParametersView:116 -                Rank 1 : false
2023-09-27 09:23:26,598 [INFO] ADCParametersView:116 -                Rank 1 : false
2023-09-27 09:23:26,638 [INFO] ADCParametersView:116 -                Rank 1 : false
2023-09-27 09:23:26,638 [INFO] ADCParametersView:116 -                Rank 1 : false
2023-09-27 09:23:26,638 [INFO] ADCParametersView:116 -                Rank 1 : false
2023-09-27 09:23:26,638 [INFO] ADCParametersView:116 -                Rank 1 : false
2023-09-27 09:23:26,638 [INFO] ADCParametersView:116 -                Rank 1 : false
2023-09-27 09:23:26,638 [INFO] ADCParametersView:116 -                Rank 1 : false
2023-09-27 09:23:26,638 [INFO] ADCParametersView:116 -                Rank 1 : false
2023-09-27 09:23:26,638 [INFO] ADCParametersView:116 -                Rank 1 : false
2023-09-27 09:23:26,638 [INFO] ADCParametersView:116 -                Rank 1 : false
2023-09-27 09:23:26,638 [INFO] ADCParametersView:116 -                Rank 1 : false
2023-09-27 09:23:26,638 [INFO] ADCParametersView:116 -                Rank 1 : false
2023-09-27 09:23:26,638 [INFO] ADCParametersView:116 -                Rank 1 : false
2023-09-27 09:23:26,639 [INFO] ADCParametersView:116 -                Rank 1 : false
2023-09-27 09:23:26,639 [INFO] ADCParametersView:116 -                Rank 1 : false
2023-09-27 09:23:26,639 [INFO] ADCParametersView:116 -                Rank 1 : false
2023-09-27 09:23:26,639 [INFO] ADCParametersView:116 -                Rank 1 : false
2023-09-27 09:23:26,639 [INFO] ADCParametersView:116 -                Rank 1 : false
2023-09-27 09:23:26,639 [INFO] ADCParametersView:116 -                Rank 1 : false
2023-09-27 09:23:26,639 [INFO] ADCParametersView:116 -                Rank 1 : false
2023-09-27 09:23:26,669 [INFO] ADCParametersView:116 -                Rank 1 : false
2023-09-27 09:23:28,566 [WARN] IP:2114 - SERVICE2_UUID not found: check if there is a RefParameter without a condition.
2023-09-27 09:23:28,569 [WARN] IP:2114 - SERVICE3_UUID not found: check if there is a RefParameter without a condition.
2023-09-27 09:23:28,571 [WARN] IP:2114 - SERVICE4_UUID not found: check if there is a RefParameter without a condition.
2023-09-27 09:23:28,574 [WARN] IP:2114 - SERVICE5_UUID not found: check if there is a RefParameter without a condition.
2023-09-27 09:23:28,696 [INFO] ADCParametersView:116 -                Rank 1 : false
2023-09-27 09:23:28,696 [INFO] ADCParametersView:116 -                Rank 1 : false
2023-09-27 09:23:28,696 [INFO] ADCParametersView:116 -                Rank 1 : false
2023-09-27 09:23:28,696 [INFO] ADCParametersView:116 -                Rank 1 : false
2023-09-27 09:23:28,696 [INFO] ADCParametersView:116 -                Rank 1 : false
2023-09-27 09:23:28,697 [INFO] ADCParametersView:116 -                Rank 1 : false
2023-09-27 09:23:28,697 [INFO] ADCParametersView:116 -                Rank 1 : false
2023-09-27 09:23:28,697 [INFO] ADCParametersView:116 -                Rank 1 : false
2023-09-27 09:23:28,697 [INFO] ADCParametersView:116 -                Rank 1 : false
2023-09-27 09:23:28,697 [INFO] ADCParametersView:116 -                Rank 1 : false
2023-09-27 09:23:28,697 [INFO] ADCParametersView:116 -                Rank 1 : false
2023-09-27 09:23:28,697 [INFO] ADCParametersView:116 -                Rank 1 : false
2023-09-27 09:23:28,697 [INFO] ADCParametersView:116 -                Rank 1 : false
2023-09-27 09:23:28,697 [INFO] ADCParametersView:116 -                Rank 1 : false
2023-09-27 09:23:28,697 [INFO] ADCParametersView:116 -                Rank 1 : false
2023-09-27 09:23:28,697 [INFO] ADCParametersView:116 -                Rank 1 : false
2023-09-27 09:23:28,697 [INFO] ADCParametersView:116 -                Rank 1 : false
2023-09-27 09:23:28,697 [INFO] ADCParametersView:116 -                Rank 1 : false
2023-09-27 09:23:28,697 [INFO] ADCParametersView:116 -                Rank 1 : false
2023-09-27 09:23:28,727 [INFO] ADCParametersView:116 -                Rank 1 : false
2023-09-27 09:23:28,767 [INFO] ADCParametersView:116 -                Rank 1 : false
2023-09-27 09:23:28,767 [INFO] ADCParametersView:116 -                Rank 1 : false
2023-09-27 09:23:28,767 [INFO] ADCParametersView:116 -                Rank 1 : false
2023-09-27 09:23:28,767 [INFO] ADCParametersView:116 -                Rank 1 : false
2023-09-27 09:23:28,767 [INFO] ADCParametersView:116 -                Rank 1 : false
2023-09-27 09:23:28,767 [INFO] ADCParametersView:116 -                Rank 1 : false
2023-09-27 09:23:28,767 [INFO] ADCParametersView:116 -                Rank 1 : false
2023-09-27 09:23:28,767 [INFO] ADCParametersView:116 -                Rank 1 : false
2023-09-27 09:23:28,767 [INFO] ADCParametersView:116 -                Rank 1 : false
2023-09-27 09:23:28,767 [INFO] ADCParametersView:116 -                Rank 1 : false
2023-09-27 09:23:28,767 [INFO] ADCParametersView:116 -                Rank 1 : false
2023-09-27 09:23:28,767 [INFO] ADCParametersView:116 -                Rank 1 : false
2023-09-27 09:23:28,767 [INFO] ADCParametersView:116 -                Rank 1 : false
2023-09-27 09:23:28,767 [INFO] ADCParametersView:116 -                Rank 1 : false
2023-09-27 09:23:28,767 [INFO] ADCParametersView:116 -                Rank 1 : false
2023-09-27 09:23:28,768 [INFO] ADCParametersView:116 -                Rank 1 : false
2023-09-27 09:23:28,768 [INFO] ADCParametersView:116 -                Rank 1 : false
2023-09-27 09:23:28,768 [INFO] ADCParametersView:116 -                Rank 1 : false
2023-09-27 09:23:28,768 [INFO] ADCParametersView:116 -                Rank 1 : false
2023-09-27 09:23:28,798 [INFO] ADCParametersView:116 -                Rank 1 : false
2023-09-27 09:23:35,806 [INFO] NvicIntPanel:101 - NVIC parent = com.st.microxplorer.plugins.ip.nvic.MultiNvicIntPanel[,0,0,452x274,layout=javax.swing.BoxLayout,alignmentX=0.0,alignmentY=0.0,border=,flags=9,maximumSize=,minimumSize=,preferredSize=]
2023-09-27 09:24:34,906 [WARN] IP:2114 - SERVICE2_UUID not found: check if there is a RefParameter without a condition.
2023-09-27 09:24:34,908 [WARN] IP:2114 - SERVICE3_UUID not found: check if there is a RefParameter without a condition.
2023-09-27 09:24:34,910 [WARN] IP:2114 - SERVICE4_UUID not found: check if there is a RefParameter without a condition.
2023-09-27 09:24:34,913 [WARN] IP:2114 - SERVICE5_UUID not found: check if there is a RefParameter without a condition.
