2023-09-20 09:58:16,751 [INFO] MainUpdater:2868 - connection check result : 10
2023-09-20 09:58:16,903 [INFO] McuFinderGlobals:76 - Set McuFinderConnectedMode to true
2023-09-20 09:58:16,907 [INFO] MultiScanPanel:200 - Auto-refresh data requested => check proxy status ongoing
2023-09-20 09:58:16,907 [INFO] FinderPluginLoader:95 - Searching for filters in installed packs
2023-09-20 09:58:17,586 [INFO] LoadUrlFilesThread:185 - End of LoadServerUrlFiles without Thread
2023-09-20 09:58:17,586 [INFO] DetailPanel:341 - Set advertising image to C:/Users/alexa/STM32Cube/Repository/\en.prom-stm32h5-mcu-finder.jpg
2023-09-20 09:58:22,167 [INFO] MultiScanPanel:200 - Auto-refresh data requested => check proxy status ongoing
2023-09-20 09:58:22,204 [INFO] LoadUrlFilesThread:185 - End of LoadServerUrlFiles without Thread
2023-09-20 09:58:22,204 [INFO] DetailPanel:341 - Set advertising image to C:/Users/alexa/STM32Cube/Repository/\en.prom-stm32h5-mcu-finder.jpg
2023-09-20 09:58:49,446 [INFO] BoardResultTable:719 - Mark Board NUCLEO-WB55RG as favorite
2023-09-20 10:00:49,204 [INFO] MainUpdater:2868 - connection check result : 10
2023-09-20 10:00:49,204 [INFO] MainUpdater:2868 - connection check result : 10
2023-09-20 10:00:49,263 [INFO] I2cTimingTraitement:330 - 0x00707CBB
2023-09-20 10:00:49,274 [INFO] MicroXplorer:468 - Change Database Path : 
2023-09-20 10:00:49,274 [INFO] MicroXplorer:498 - Change Database Version : DB.6.0.91
2023-09-20 10:00:49,326 [WARN] ThirdParty:871 - waiting for thirdparty lock release [close project]
2023-09-20 10:00:49,326 [INFO] ThirdParty:873 - entering critical section [close project]
2023-09-20 10:00:49,326 [INFO] ThirdParty:883 - exiting critical section [close project]
2023-09-20 10:00:49,326 [INFO] PinOutPanel:1499 - setPackage(No Configuration,No Configuration)
2023-09-20 10:00:49,326 [WARN] IpParametersView:151 - Warning: This peripheral hasn't parameters
2023-09-20 10:00:49,338 [WARN] MainPanel:272 - <html><b><center>Warning: This peripheral has no parameters to be configured<br></b></html>
2023-09-20 10:00:49,350 [INFO] HwResourcesManager:1388 - RZone for current mcu STM32WB55RGVx : STM32_DIE495_256_1024
2023-09-20 10:00:49,359 [INFO] HwResourcesManager:368 - Memory Region Flash added without MPC
2023-09-20 10:00:49,359 [INFO] HwResourcesManager:368 - Memory Region SRAM2_C added without MPC
2023-09-20 10:00:49,359 [INFO] HwResourcesManager:368 - Memory Region SRAM1 added without MPC
2023-09-20 10:00:49,359 [INFO] HwResourcesManager:368 - Memory Region SRAM2 added without MPC
2023-09-20 10:00:49,359 [INFO] MemInfoExtractor$OctoQuadSPIInfoExtractor:1214 - Cannot find QUADSPI start address in the info provided by HWResourceManager => Set it to the default value
2023-09-20 10:00:49,392 [INFO] UtilMem:75 - Begin LoadConfig() Used Memory: 511674472 Bytes (1073741824)
2023-09-20 10:00:49,392 [INFO] OpenFileManager:308 - Change cursor
2023-09-20 10:00:49,415 [INFO] RulesReader:64 - Compatibility file has been processed (293 Rules)
2023-09-20 10:00:49,422 [INFO] ProjectFactory:402 - No CPN specified for board NUCLEO-WB55RG => set CPN to STM32WB55RGV6
2023-09-20 10:00:49,422 [INFO] Mcu:1946 - Initializing MCU STM32WB55RGVx STM32WB55RGVx STM32WB55RGV6
2023-09-20 10:00:50,881 [INFO] Context:659 - Trying to add GPIOservice into a context  which must be forbidden
2023-09-20 10:00:51,138 [INFO] Rule:228 - rule 117617 - U5Cobra4M][GTZC] default value MPCBB3 and MPCBB5 - Not Secured memory - MPCBB1 is applicable
2023-09-20 10:00:51,138 [INFO] Rule:228 - rule 117617 - U5Cobra4M][GTZC] default value MPCBB3 and MPCBB5 - Not Secured memory - MPCBB1 is applicable
2023-09-20 10:00:51,138 [INFO] Rule:228 - rule 117617 - U5Cobra4M][GTZC] default value MPCBB3 and MPCBB5 - Not Secured memory - MPCBB2 is applicable
2023-09-20 10:00:51,138 [INFO] Rule:228 - rule 117617 - U5Cobra4M][GTZC] default value MPCBB3 and MPCBB5 - Not Secured memory - MPCBB2 is applicable
2023-09-20 10:00:51,138 [INFO] Rule:228 - rule 117617 - U5Cobra4M][GTZC] default value MPCBB3 and MPCBB5 - Not Secured memory - MPCBB3 is applicable
2023-09-20 10:00:51,138 [INFO] Rule:228 - rule 117617 - U5Cobra4M][GTZC] default value MPCBB3 and MPCBB5 - Not Secured memory - MPCBB3 is applicable
2023-09-20 10:00:51,138 [INFO] Rule:228 - rule 117617 - U5Cobra4M][GTZC] default value MPCBB3 and MPCBB5 - Not Secured memory - MPCBB4 is applicable
2023-09-20 10:00:51,138 [INFO] Rule:228 - rule 117617 - U5Cobra4M][GTZC] default value MPCBB3 and MPCBB5 - Not Secured memory - MPCBB4 is applicable
2023-09-20 10:00:51,138 [INFO] Rule:228 - rule 117617 - U5Cobra4M][GTZC] default value MPCBB3 and MPCBB5 - Secured memory - MPCBB1 is applicable
2023-09-20 10:00:51,138 [INFO] Rule:228 - rule 117617 - U5Cobra4M][GTZC] default value MPCBB3 and MPCBB5 - Secured memory - MPCBB2 is applicable
2023-09-20 10:00:51,138 [INFO] Rule:228 - rule 117617 - U5Cobra4M][GTZC] default value MPCBB3 and MPCBB5 - Secured memory - MPCBB3 is applicable
2023-09-20 10:00:51,138 [INFO] Rule:228 - rule 117617 - U5Cobra4M][GTZC] default value MPCBB3 and MPCBB5 - Secured memory - MPCBB4 is applicable
2023-09-20 10:00:51,138 [INFO] Rule:228 - rule 117617 - U5Cobra4M][GTZC] default value MPCBB3 and MPCBB5 - Privileged memory - MPCBB1 is applicable
2023-09-20 10:00:51,138 [INFO] Rule:228 - rule 117617 - U5Cobra4M][GTZC] default value MPCBB3 and MPCBB5 - Privileged memory - MPCBB2 is applicable
2023-09-20 10:00:51,138 [INFO] Rule:228 - rule 117617 - U5Cobra4M][GTZC] default value MPCBB3 and MPCBB5 - Privileged memory - MPCBB3 is applicable
2023-09-20 10:00:51,138 [INFO] Rule:228 - rule 117617 - U5Cobra4M][GTZC] default value MPCBB3 and MPCBB5 - Privileged memory - MPCBB4 is applicable
2023-09-20 10:00:51,138 [INFO] Rule:228 - rule 117617 - U5Cobra4M][GTZC] default value MPCBB3 and MPCBB5 - Not Privileged memory - MPCBB1 is applicable
2023-09-20 10:00:51,138 [INFO] Rule:228 - rule 117617 - U5Cobra4M][GTZC] default value MPCBB3 and MPCBB5 - Not Privileged memory - MPCBB2 is applicable
2023-09-20 10:00:51,138 [INFO] Rule:228 - rule 117617 - U5Cobra4M][GTZC] default value MPCBB3 and MPCBB5 - Not Privileged memory - MPCBB3 is applicable
2023-09-20 10:00:51,138 [INFO] Rule:228 - rule 117617 - U5Cobra4M][GTZC] default value MPCBB3 and MPCBB5 - Not Privileged memory - MPCBB4 is applicable
2023-09-20 10:00:51,138 [INFO] Rule:228 - rule 117617 - U5Cobra4M][GTZC] default value MPCBB3 and MPCBB5 - Privileged memory - MPCBB1 is applicable
2023-09-20 10:00:51,138 [INFO] Rule:228 - rule 117617 - U5Cobra4M][GTZC] default value MPCBB3 and MPCBB5 - Privileged memory - MPCBB2 is applicable
2023-09-20 10:00:51,138 [INFO] Rule:228 - rule 117617 - U5Cobra4M][GTZC] default value MPCBB3 and MPCBB5 - Privileged memory - MPCBB3 is applicable
2023-09-20 10:00:51,138 [INFO] Rule:228 - rule 117617 - U5Cobra4M][GTZC] default value MPCBB3 and MPCBB5 - Privileged memory - MPCBB4 is applicable
2023-09-20 10:00:51,138 [INFO] Rule:228 - rule 117617 - U5Cobra4M][GTZC] default value MPCBB3 and MPCBB5 - Privileged memory - MPCBB1 is applicable
2023-09-20 10:00:51,138 [INFO] Rule:228 - rule 117617 - U5Cobra4M][GTZC] default value MPCBB3 and MPCBB5 - Privileged memory - MPCBB2 is applicable
2023-09-20 10:00:51,138 [INFO] Rule:228 - rule 117617 - U5Cobra4M][GTZC] default value MPCBB3 and MPCBB5 - Privileged memory - MPCBB3 is applicable
2023-09-20 10:00:51,138 [INFO] Rule:228 - rule 117617 - U5Cobra4M][GTZC] default value MPCBB3 and MPCBB5 - Privileged memory - MPCBB4 is applicable
2023-09-20 10:00:51,138 [INFO] Rule:228 - rule 117617 - U5Cobra4M][GTZC] default value MPCBB3 and MPCBB5 - Not Privileged memory - MPCBB1 is applicable
2023-09-20 10:00:51,138 [INFO] Rule:228 - rule 117617 - U5Cobra4M][GTZC] default value MPCBB3 and MPCBB5 - Not Privileged memory - MPCBB2 is applicable
2023-09-20 10:00:51,138 [INFO] Rule:228 - rule 117617 - U5Cobra4M][GTZC] default value MPCBB3 and MPCBB5 - Not Privileged memory - MPCBB3 is applicable
2023-09-20 10:00:51,139 [INFO] Rule:228 - rule 117617 - U5Cobra4M][GTZC] default value MPCBB3 and MPCBB5 - Not Privileged memory - MPCBB4 is applicable
2023-09-20 10:00:51,139 [INFO] Rule:228 - rule 117617 - U5Cobra4M][GTZC] default value MPCBB3 and MPCBB5 - Privileged memory - MPCBB1 is applicable
2023-09-20 10:00:51,139 [INFO] Rule:228 - rule 117617 - U5Cobra4M][GTZC] default value MPCBB3 and MPCBB5 - Privileged memory - MPCBB2 is applicable
2023-09-20 10:00:51,139 [INFO] Rule:228 - rule 117617 - U5Cobra4M][GTZC] default value MPCBB3 and MPCBB5 - Privileged memory - MPCBB3 is applicable
2023-09-20 10:00:51,139 [INFO] Rule:228 - rule 117617 - U5Cobra4M][GTZC] default value MPCBB3 and MPCBB5 - Privileged memory - MPCBB4 is applicable
2023-09-20 10:00:51,139 [INFO] Rule:228 - rule Rename SubGHz_Phy SUBGHZ_APPLICATION SUBGHZ_PINGPONG to SUBGHZ_ADV_APPLICATION is applicable
2023-09-20 10:00:51,139 [INFO] Rule:228 - rule Rename Enabled to IBEACON is applicable
2023-09-20 10:00:51,139 [INFO] Rule:228 - rule GTZC_S instance for project manager is applicable
2023-09-20 10:00:51,139 [INFO] Rule:228 - rule GTZC_S instance for context M33S is applicable
2023-09-20 10:00:51,139 [INFO] Rule:228 - rule GTZC_S instance value for IP GTZC is applicable
2023-09-20 10:00:51,139 [INFO] Rule:228 - rule GTZC_S instance for mcu.IP is applicable
2023-09-20 10:00:51,139 [INFO] Rule:228 - rule GTZC_S instance for VP is applicable
2023-09-20 10:00:51,139 [INFO] Rule:228 - rule GTZC_S instance for signal is applicable
2023-09-20 10:00:51,139 [INFO] Rule:228 - rule GTZC_S instance for mcu.Pin is applicable
2023-09-20 10:00:51,139 [INFO] Rule:228 - rule GTZC_S instance for VP is applicable
2023-09-20 10:00:51,139 [INFO] Rule:228 - rule GTZC_S instance for signal is applicable
2023-09-20 10:00:51,139 [INFO] Rule:228 - rule GTZC_S instance for mcu is applicable
2023-09-20 10:00:51,139 [INFO] Rule:228 - rule GTZC_S instance for mcu.Pin is applicable
2023-09-20 10:00:51,139 [INFO] Rule:228 - rule GTZC_S instance value for IP GTZC is applicable
2023-09-20 10:00:51,139 [INFO] Rule:228 - rule GTZC_S instance for project manager is applicable
2023-09-20 10:00:51,139 [INFO] Rule:228 - rule GTZC_S instance for context M33S is applicable
2023-09-20 10:00:51,139 [INFO] Rule:228 - rule GTZC_S instance for VP is applicable
2023-09-20 10:00:51,139 [INFO] Rule:228 - rule GTZC_S instance for signal is applicable
2023-09-20 10:00:51,139 [INFO] Rule:228 - rule Rename Tracer Mode is applicable
2023-09-20 10:00:51,139 [INFO] Rule:228 - rule ADC Scan  fix with FW F7 is applicable
2023-09-20 10:00:51,139 [INFO] Rule:228 - rule ADC Scan  fix with FW F7 is applicable
2023-09-20 10:00:51,139 [INFO] Rule:228 - rule WakeUp0 Mode is applicable
2023-09-20 10:00:51,139 [INFO] Rule:228 - rule WakeUp0 SIGNAL is applicable
2023-09-20 10:00:51,139 [INFO] Rule:228 - rule WakeUp1 Mode is applicable
2023-09-20 10:00:51,139 [INFO] Rule:228 - rule WakeUp1 SIGNAL is applicable
2023-09-20 10:00:51,139 [INFO] Rule:228 - rule WakeUp2 Mode is applicable
2023-09-20 10:00:51,139 [INFO] Rule:228 - rule WakeUp2 SIGNAL is applicable
2023-09-20 10:00:51,139 [INFO] Rule:228 - rule WakeUp4 Mode is applicable
2023-09-20 10:00:51,139 [INFO] Rule:228 - rule WakeUp4 SIGNAL is applicable
2023-09-20 10:00:51,139 [INFO] Rule:228 - rule WakeUp5 Mode is applicable
2023-09-20 10:00:51,139 [INFO] Rule:228 - rule WakeUp5 SIGNAL is applicable
2023-09-20 10:00:51,139 [INFO] Rule:228 - rule Change Default Value for LSE Drive Capability for WB family is applicable
2023-09-20 10:00:51,139 [INFO] Rule:228 - rule Change Default Value for ADC Clock Prescaler G0 family is applicable
2023-09-20 10:00:51,139 [INFO] Rule:228 - rule UART/USART IPParameter rename Prescaler parameter to ClockPrescaler is applicable
2023-09-20 10:00:51,140 [INFO] Rule:228 - rule UART/USART Prescaler rename Prescaler parameter to ClockPrescaler is applicable
2023-09-20 10:00:51,140 [INFO] Rule:228 - rule TIM1CLockSelection is applicable
2023-09-20 10:00:51,140 [INFO] Rule:228 - rule TIM15CLockSelection is applicable
2023-09-20 10:00:51,140 [INFO] Rule:228 - rule align RCC SDMMC3CLockSelection default value on MP1 is applicable
2023-09-20 10:00:51,140 [INFO] Rule:228 - rule align RCC SDMMC12CLockSelection default value on MP1 is applicable
2023-09-20 10:00:51,140 [INFO] Rule:228 - rule align RCC QSPICLockSelection default value on MP1 is applicable
2023-09-20 10:00:51,140 [INFO] Rule:228 - rule align RCC QSPICLockSelection default value on MP1 is applicable
2023-09-20 10:00:51,140 [INFO] Rule:228 - rule align RCC SPI6CLockSelection default value on MP1 is applicable
2023-09-20 10:00:51,140 [INFO] Rule:228 - rule align RCC LPTIM23CLockSelection default value on MP1 is applicable
2023-09-20 10:00:51,140 [INFO] Rule:228 - rule align RCC LPTIM1CLockSelection default value on MP1 is applicable
2023-09-20 10:00:51,140 [INFO] Rule:228 - rule align RCC USART1CLockSelection default value on MP1 is applicable
2023-09-20 10:00:51,140 [INFO] Rule:228 - rule align RCC USART24CLockSelection default value on MP1 is applicable
2023-09-20 10:00:51,140 [INFO] Rule:228 - rule align RCC USART6CLockSelection default value on MP1 is applicable
2023-09-20 10:00:51,140 [INFO] Rule:228 - rule align RCC UART78CLockSelection default value on MP1 is applicable
2023-09-20 10:00:51,140 [INFO] Rule:228 - rule align RCC USART35CLockSelection default value on MP1 is applicable
2023-09-20 10:00:51,140 [INFO] Rule:228 - rule align RCC SPI45CLockSelection default value on MP1 is applicable
2023-09-20 10:00:51,140 [INFO] Rule:228 - rule align RCC I2C46CLockSelection BCLK value on MP1 is applicable
2023-09-20 10:00:51,140 [INFO] Rule:228 - rule align RCC SPI45CLockSelection default value on MP1 is applicable
2023-09-20 10:00:51,140 [INFO] Rule:228 - rule align RCC I2C12CLockSelection default value on MP1 is applicable
2023-09-20 10:00:51,140 [INFO] Rule:228 - rule align RCC I2C35CLockSelection default value on MP1 is applicable
2023-09-20 10:00:51,140 [INFO] Rule:228 - rule align RCC LPTIM45CLockSelection default value on MP1 is applicable
2023-09-20 10:00:51,140 [INFO] Rule:228 - rule Rename DCMI PIXCK signal is applicable
2023-09-20 10:00:51,140 [INFO] Rule:228 - rule Change Default Value for I2C46CLockSelection MP1 family is applicable
2023-09-20 10:00:51,140 [INFO] Rule:228 - rule Change Default Value for UART for G4, G0 and WB families is applicable
2023-09-20 10:00:51,140 [INFO] Rule:228 - rule Change Default Value for USART for G4, G0 and WB families is applicable
2023-09-20 10:00:51,140 [INFO] Rule:228 - rule Change Default Value for USART for G4 family is applicable
2023-09-20 10:00:51,140 [INFO] Rule:228 - rule Change USART1CLockSelection refparam name for MP1 is applicable
2023-09-20 10:00:51,140 [INFO] Rule:228 - rule Change USART2CLockSelection refparam name for MP1 is applicable
2023-09-20 10:00:51,140 [INFO] Rule:228 - rule Change USART3CLockSelection refparam name for MP1 is applicable
2023-09-20 10:00:51,140 [INFO] Rule:228 - rule Change UART4CLockSelection refparam name for MP1 is applicable
2023-09-20 10:00:51,140 [INFO] Rule:228 - rule Change UART5CLockSelection refparam name for MP1 is applicable
2023-09-20 10:00:51,140 [INFO] Rule:228 - rule Change LPUART1CLockSelection refparam name for MP1 is applicable
2023-09-20 10:00:51,140 [INFO] Rule:228 - rule Change LPTIM1CLockSelection refparam name for MP1 is applicable
2023-09-20 10:00:51,140 [INFO] Rule:228 - rule Change LPTIM2CLockSelection refparam name for MP1 is applicable
2023-09-20 10:00:51,140 [INFO] Rule:228 - rule Change RCC_MCO1Source refparam name for MP1 is applicable
2023-09-20 10:00:51,140 [INFO] Rule:228 - rule Change LSCOSource1 refparam name for MP1 is applicable
2023-09-20 10:00:51,140 [INFO] Rule:228 - rule Change SMPSCLockSelection refparam name for MP1 is applicable
2023-09-20 10:00:51,140 [INFO] Rule:228 - rule Change LPTIM3CLockSelection refparam name for MP1 is applicable
2023-09-20 10:00:51,140 [INFO] Rule:228 - rule Change MPCBB* Default Template Mode to Parameters is applicable
2023-09-20 10:00:51,140 [INFO] Rule:228 - rule Change MPCWM* or MPCBB* Secure Mode to Parameters is applicable
2023-09-20 10:00:51,140 [INFO] Rule:228 - rule Change MPCWM* or MPCBB* No Secure Mode to Parameters is applicable
2023-09-20 10:00:51,140 [INFO] Rule:228 - rule Change TZSC IP Secure Mode to Parameters is applicable
2023-09-20 10:00:51,140 [INFO] Rule:228 - rule Change TZSC IP No Secure Mode to Parameters is applicable
2023-09-20 10:00:51,140 [INFO] Rule:228 - rule Change TZSC IP Privilege Mode to Parameters is applicable
2023-09-20 10:00:51,140 [INFO] Rule:228 - rule Change TZSC IP No Privilege Mode to Parameters is applicable
2023-09-20 10:00:51,140 [INFO] Rule:228 - rule Change TZIC IT Secure Mode to Parameters is applicable
2023-09-20 10:00:51,140 [INFO] Rule:228 - rule Change TZIC IT No Secure Mode to Parameters is applicable
2023-09-20 10:00:51,140 [INFO] Rule:228 - rule Add MPCBB1_NonSecureArea_Start_Address value with referenced to MPCBB1_NonSecureArea_Start value is applicable
2023-09-20 10:00:51,140 [INFO] Rule:228 - rule Add MPCBB2_NonSecureArea_Start_Address value with referenced to MPCBB2_NonSecureArea_Start value is applicable
2023-09-20 10:00:51,140 [INFO] Rule:228 - rule Add MPCWM1_NonSecureArea*_Start_Address value with referenced to MPCWM1_NonSecureArea*_Start value is applicable
2023-09-20 10:00:51,140 [INFO] Rule:228 - rule Add MPCWM2_NonSecureArea*_Start_Address value with referenced to MPCWM2_NonSecureArea*_Start value is applicable
2023-09-20 10:00:51,140 [INFO] Rule:228 - rule Add MPCWM3_NonSecureArea_Start_Address value with referenced to MPCWM3_NonSecureArea_Start value is applicable
2023-09-20 10:00:51,140 [INFO] Rule:228 - rule Change Default Value for PLL1UserDefinedConfig is applicable
2023-09-20 10:00:51,140 [INFO] Rule:228 - rule Change GPIO_PuPd Default Value for USART in async mode is applicable
2023-09-20 10:00:51,140 [INFO] Rule:228 - rule Change SMPSDivider Default Value is applicable
2023-09-20 10:00:51,140 [INFO] Rule:228 - rule OPAMP is applicable
2023-09-20 10:00:51,141 [INFO] Rule:228 - rule LPUART IPParameter rename Prescaler parameter to ClockPrescaler for STM32H7 is applicable
2023-09-20 10:00:51,141 [INFO] Rule:228 - rule LPUART IPParameter rename Prescaler parameter to ClockPrescaler for STM32H7 is applicable
2023-09-20 10:00:51,141 [INFO] Rule:228 - rule LPUART IPParameter rename Prescaler parameter to ClockPrescaler for STM32WB is applicable
2023-09-20 10:00:51,141 [INFO] Rule:228 - rule LPUART IPParameter rename Prescaler parameter to ClockPrescaler for STM32WB is applicable
2023-09-20 10:00:51,141 [INFO] Rule:228 - rule LPUART IPParameter rename Prescaler parameter to ClockPrescaler for STM32G4 is applicable
2023-09-20 10:00:51,141 [INFO] Rule:228 - rule LPUART IPParameter rename Prescaler parameter to ClockPrescaler for STM32G4 is applicable
2023-09-20 10:00:51,141 [INFO] Rule:228 - rule LPUART IPParameter rename Prescaler parameter to ClockPrescaler for STM32L5 is applicable
2023-09-20 10:00:51,141 [INFO] Rule:228 - rule LPUART IPParameter rename Prescaler parameter to ClockPrescaler for STM32L5 is applicable
2023-09-20 10:00:51,141 [INFO] Rule:228 - rule LPUART IPParameter rename Prescaler parameter to ClockPrescaler for STM32G4 is applicable
2023-09-20 10:00:51,141 [INFO] Rule:228 - rule LPUART IPParameter rename Prescaler parameter to ClockPrescaler for STM32G4 is applicable
2023-09-20 10:00:51,141 [INFO] Rule:228 - rule USB device lib V2.5.3 for L0 rename USBD_SUPPORT_USER_STRING parameter to USBD_SUPPORT_USER_STRING_DESC4 is applicable
2023-09-20 10:00:51,141 [INFO] Rule:228 - rule I2SCLockSelection clock entry align is applicable
2023-09-20 10:00:51,141 [INFO] Rule:228 - rule Assign TIMx context if used as SYS timebase is applicable
2023-09-20 10:00:51,141 [INFO] Rule:228 - rule Change GPIO_Pu Default Value for I2C is applicable
2023-09-20 10:00:51,141 [INFO] Rule:228 - rule Change GPIO_Pu Default Value for SMBus is applicable
2023-09-20 10:00:51,141 [INFO] Rule:228 - rule change FDCAN default value is applicable
2023-09-20 10:00:51,141 [INFO] Rule:228 - rule Change mode sai is applicable
2023-09-20 10:00:51,141 [INFO] Rule:228 - rule **Change sai mode is applicable
2023-09-20 10:00:51,145 [INFO] DbConfProperties:307 - Apply Compatibility (15/144 Rules)
2023-09-20 10:00:51,282 [INFO] RtosManager:555 - Registered RTOS mode: class=CMSIS, group=RTOS, mode=CMSIS_V1, owner=FREERTOS
2023-09-20 10:00:51,283 [INFO] RtosManager:555 - Registered RTOS mode: class=CMSIS, group=RTOS2, mode=CMSIS_V2, owner=FREERTOS
2023-09-20 10:00:51,283 [INFO] RtosManager:555 - Registered RTOS mode: class=RTOS, group=Core, mode=CMSIS_V1, owner=FREERTOS
2023-09-20 10:00:51,283 [INFO] RtosManager:555 - Registered RTOS mode: class=RTOS, group=Core, mode=CMSIS_V2, owner=FREERTOS
2023-09-20 10:00:51,283 [WARN] ModelIntegratedComponent:184 - Missing modes for component STMicroelectronics:FreeRTOS:0.0.1:STMicroelectronics:RTOS:FreeRTOS:Core:::10.2.0:
2023-09-20 10:00:51,284 [WARN] ModelIntegratedComponent:63 - No mode defined for component null
2023-09-20 10:00:51,285 [WARN] ModelIntegratedComponent:63 - No mode defined for component null
2023-09-20 10:00:51,285 [WARN] ModelIntegratedComponent:63 - No mode defined for component null
2023-09-20 10:00:51,285 [WARN] ModelIntegratedComponent:63 - No mode defined for component null
2023-09-20 10:00:51,285 [WARN] ModelIntegratedComponent:63 - No mode defined for component null
2023-09-20 10:00:51,285 [WARN] ModelIntegratedComponent:63 - No mode defined for component null
2023-09-20 10:00:51,285 [WARN] ModelIntegratedComponent:63 - No mode defined for component null
2023-09-20 10:00:51,285 [WARN] ModelIntegratedComponent:63 - No mode defined for component null
2023-09-20 10:00:51,285 [WARN] ModelIntegratedComponent:63 - No mode defined for component null
2023-09-20 10:00:51,285 [WARN] ModelIntegratedComponent:63 - No mode defined for component null
2023-09-20 10:00:51,285 [WARN] ModelIntegratedComponent:63 - No mode defined for component null
2023-09-20 10:00:51,285 [WARN] ModelIntegratedComponent:63 - No mode defined for component null
2023-09-20 10:00:51,285 [WARN] ModelIntegratedComponent:63 - No mode defined for component null
2023-09-20 10:00:51,285 [WARN] ModelIntegratedComponent:63 - No mode defined for component null
2023-09-20 10:00:51,285 [WARN] ModelIntegratedComponent:63 - No mode defined for component null
2023-09-20 10:00:51,285 [WARN] ModelIntegratedComponent:63 - No mode defined for component null
2023-09-20 10:00:51,285 [WARN] ModelIntegratedComponent:63 - No mode defined for component null
2023-09-20 10:00:51,285 [WARN] ModelIntegratedComponent:63 - No mode defined for component null
2023-09-20 10:00:51,285 [WARN] ModelIntegratedComponent:63 - No mode defined for component null
2023-09-20 10:00:51,285 [WARN] ModelIntegratedComponent:63 - No mode defined for component null
2023-09-20 10:00:51,285 [WARN] ModelIntegratedComponent:63 - No mode defined for component null
2023-09-20 10:00:51,285 [WARN] ModelIntegratedComponent:63 - No mode defined for component null
2023-09-20 10:00:51,285 [WARN] ModelIntegratedComponent:63 - No mode defined for component null
2023-09-20 10:00:51,285 [WARN] ModelIntegratedComponent:63 - No mode defined for component null
2023-09-20 10:00:51,285 [WARN] ModelIntegratedComponent:63 - No mode defined for component null
2023-09-20 10:00:51,285 [WARN] ModelIntegratedComponent:63 - No mode defined for component null
2023-09-20 10:00:51,285 [WARN] ModelIntegratedComponent:63 - No mode defined for component null
2023-09-20 10:00:51,285 [WARN] ModelIntegratedComponent:63 - No mode defined for component null
2023-09-20 10:00:51,285 [WARN] ModelIntegratedComponent:63 - No mode defined for component null
2023-09-20 10:00:51,285 [WARN] ModelIntegratedComponent:63 - No mode defined for component null
2023-09-20 10:00:51,285 [WARN] ModelIntegratedComponent:63 - No mode defined for component null
2023-09-20 10:00:51,285 [WARN] ModelIntegratedComponent:63 - No mode defined for component null
2023-09-20 10:00:51,285 [WARN] ModelIntegratedComponent:63 - No mode defined for component null
2023-09-20 10:00:51,449 [INFO] ThirdPartyModel:298 - Start build external matchings
2023-09-20 10:00:52,933 [INFO] ThirdPartyModel:316 - End build external matchings
2023-09-20 10:00:52,952 [INFO] ImportTextPane:194 - (OptionalMessage_ERROR) IP (RCC) : Invalid parameter (FamilyName)
2023-09-20 10:00:52,953 [INFO] ImportTextPane:194 - (OptionalMessage_ERROR) IP (RCC) : Invalid parameter (SMPSCLockSelectionVirtualVirtual)
2023-09-20 10:00:53,223 [INFO] UtilMem:75 - End LoadConfig() Used Memory: 499432928 Bytes (1073741824)
2023-09-20 10:00:53,277 [WARN] ThirdParty:833 - waiting for thirdparty lock release [change project]
2023-09-20 10:00:53,277 [INFO] ThirdParty:835 - entering critical section [change project]
2023-09-20 10:00:53,277 [INFO] ThirdParty:1030 - CMSIS Pack Vendor :STMicroelectronics USBPD 4.1
2023-09-20 10:00:53,277 [INFO] ThirdParty:1030 - CMSIS Pack Vendor :STMicroelectronics X-CUBE-GNSS1 6.0.0
2023-09-20 10:00:53,277 [INFO] ThirdParty:1030 - CMSIS Pack Vendor :STMicroelectronics USB_HOST 2.0.0
2023-09-20 10:00:53,277 [INFO] ThirdParty:1030 - CMSIS Pack Vendor :STMicroelectronics X-CUBE-AZRTOS-F4 1.1.0
2023-09-20 10:00:53,277 [INFO] ThirdParty:1030 - CMSIS Pack Vendor :STMicroelectronics LIBJPEG 8.0.0
2023-09-20 10:00:53,277 [INFO] ThirdParty:1030 - CMSIS Pack Vendor :wolfSSL I-CUBE-wolfSSL 5.6.3
2023-09-20 10:00:53,277 [INFO] ThirdParty:1030 - CMSIS Pack Vendor :STMicroelectronics X-CUBE-SMBUS 2.1.0
2023-09-20 10:00:53,278 [INFO] ThirdParty:1030 - CMSIS Pack Vendor :STMicroelectronics X-CUBE-BLEMGR 1.2.0
2023-09-20 10:00:53,278 [INFO] ThirdParty:1030 - CMSIS Pack Vendor :STMicroelectronics X-CUBE-AZRTOS-F7 1.1.0
2023-09-20 10:00:53,278 [INFO] ThirdParty:1030 - CMSIS Pack Vendor :STMicroelectronics X-CUBE-AZRTOS-L5 2.0.0
2023-09-20 10:00:53,278 [INFO] ThirdParty:1030 - CMSIS Pack Vendor :STMicroelectronics USB_DEVICE 2.0.0
2023-09-20 10:00:53,278 [INFO] ThirdParty:1030 - CMSIS Pack Vendor :STMicroelectronics X-CUBE-MEMS1 9.6.0
2023-09-20 10:00:53,278 [INFO] ThirdParty:1030 - CMSIS Pack Vendor :STMicroelectronics FP-SNS-MOTENV1 4.3.0
2023-09-20 10:00:53,278 [INFO] ThirdParty:1030 - CMSIS Pack Vendor :STMicroelectronics FP-SNS-MOTENV1 4.3.2
2023-09-20 10:00:53,278 [INFO] ThirdParty:1030 - CMSIS Pack Vendor :STMicroelectronics FP-SNS-FLIGHT1 5.0.0
2023-09-20 10:00:53,278 [INFO] ThirdParty:1030 - CMSIS Pack Vendor :STMicroelectronics FP-SNS-MOTENV1 4.3.1
2023-09-20 10:00:53,278 [INFO] ThirdParty:1030 - CMSIS Pack Vendor :STMicroelectronics FP-SNS-FLIGHT1 5.0.1
2023-09-20 10:00:53,278 [INFO] ThirdParty:1030 - CMSIS Pack Vendor :STMicroelectronics X-CUBE-BLE1 6.2.3
2023-09-20 10:00:53,278 [INFO] ThirdParty:1030 - CMSIS Pack Vendor :STMicroelectronics X-CUBE-BLE1 6.2.4
2023-09-20 10:00:53,278 [INFO] ThirdParty:1030 - CMSIS Pack Vendor :STMicroelectronics FreeRTOS 0.0.1
2023-09-20 10:00:53,278 [INFO] ThirdParty:1030 - CMSIS Pack Vendor :emotas I-CUBE-CANOPEN 1.1.3
2023-09-20 10:00:53,278 [INFO] ThirdParty:1030 - CMSIS Pack Vendor :STMicroelectronics X-CUBE-BLEMGR 2.0.0
2023-09-20 10:00:53,278 [INFO] ThirdParty:1030 - CMSIS Pack Vendor :STMicroelectronics FP-SNS-FLIGHT1 5.0.2
2023-09-20 10:00:53,278 [INFO] ThirdParty:1030 - CMSIS Pack Vendor :STMicroelectronics X-CUBE-NFC4 2.0.5
2023-09-20 10:00:53,278 [INFO] ThirdParty:1030 - CMSIS Pack Vendor :STMicroelectronics X-CUBE-NFC4 2.0.4
2023-09-20 10:00:53,278 [INFO] ThirdParty:1030 - CMSIS Pack Vendor :STMicroelectronics X-CUBE-AZRTOS-H7 3.1.0
2023-09-20 10:00:53,278 [INFO] ThirdParty:1030 - CMSIS Pack Vendor :STMicroelectronics PDM2PCM 3.3.0
2023-09-20 10:00:53,278 [INFO] ThirdParty:1030 - CMSIS Pack Vendor :STMicroelectronics X-CUBE-DISPLAY 3.0.0
2023-09-20 10:00:53,278 [INFO] ThirdParty:1030 - CMSIS Pack Vendor :wolfSSL I-CUBE-wolfSSL 5.5.3
2023-09-20 10:00:53,278 [INFO] ThirdParty:1030 - CMSIS Pack Vendor :STMicroelectronics X-CUBE-BLE1 7.0.0
2023-09-20 10:00:53,278 [INFO] ThirdParty:1030 - CMSIS Pack Vendor :STMicroelectronics HAL Drivers 0.0.0
2023-09-20 10:00:53,278 [INFO] ThirdParty:1030 - CMSIS Pack Vendor :emotas I-CUBE-CANOPEN 1.3.0
2023-09-20 10:00:53,278 [INFO] ThirdParty:1030 - CMSIS Pack Vendor :STMicroelectronics X-CUBE-TOUCHGFX 4.22.0
2023-09-20 10:00:53,278 [INFO] ThirdParty:1030 - CMSIS Pack Vendor :STMicroelectronics X-CUBE-NFC7 1.0.1
2023-09-20 10:00:53,278 [INFO] ThirdParty:1030 - CMSIS Pack Vendor :STMicroelectronics MBEDTLS 2.14.1
2023-09-20 10:00:53,278 [INFO] ThirdParty:1030 - CMSIS Pack Vendor :STMicroelectronics X-CUBE-NFC7 1.0.0
2023-09-20 10:00:53,278 [INFO] ThirdParty:1030 - CMSIS Pack Vendor :STMicroelectronics X-CUBE-NFC6 3.0.0
2023-09-20 10:00:53,278 [INFO] ThirdParty:1030 - CMSIS Pack Vendor :STMicroelectronics X-CUBE-MEMS1 9.3.0
2023-09-20 10:00:53,278 [INFO] ThirdParty:1030 - CMSIS Pack Vendor :STMicroelectronics X-CUBE-EEPRMA1 4.1.0
2023-09-20 10:00:53,278 [INFO] ThirdParty:1030 - CMSIS Pack Vendor :STMicroelectronics FP-SNS-SMARTAG2 1.2.0
2023-09-20 10:00:53,278 [INFO] ThirdParty:1030 - CMSIS Pack Vendor :STMicroelectronics X-CUBE-AZRTOS-WL 2.0.0
2023-09-20 10:00:53,278 [INFO] ThirdParty:1030 - CMSIS Pack Vendor :STMicroelectronics USB_DEVICE 1.0.0
2023-09-20 10:00:53,278 [INFO] ThirdParty:1030 - CMSIS Pack Vendor :STMicroelectronics X-CUBE-AI 8.1.0
2023-09-20 10:00:53,278 [INFO] ThirdParty:1030 - CMSIS Pack Vendor :STMicroelectronics X-CUBE-AZRTOS-L4 2.0.0
2023-09-20 10:00:53,278 [INFO] ThirdParty:1030 - CMSIS Pack Vendor :STMicroelectronics ThreadX 0.0.2
2023-09-20 10:00:53,278 [INFO] ThirdParty:1030 - CMSIS Pack Vendor :WES I-CUBE-Cesium 1.3.0
2023-09-20 10:00:53,278 [INFO] ThirdParty:1030 - CMSIS Pack Vendor :STMicroelectronics lwIP 2.1.2
2023-09-20 10:00:53,278 [INFO] ThirdParty:1030 - CMSIS Pack Vendor :STMicroelectronics X-CUBE-SFXS2LP1 4.0.0
2023-09-20 10:00:53,278 [INFO] ThirdParty:1030 - CMSIS Pack Vendor :STMicroelectronics X-CUBE-BLE2 3.3.0
2023-09-20 10:00:53,278 [INFO] ThirdParty:1030 - CMSIS Pack Vendor :STMicroelectronics X-CUBE-DISPLAY 2.2.0
2023-09-20 10:00:53,278 [INFO] ThirdParty:1030 - CMSIS Pack Vendor :STMicroelectronics X-CUBE-TOF1 3.2.0
2023-09-20 10:00:53,278 [INFO] ThirdParty:1030 - CMSIS Pack Vendor :STMicroelectronics PDM2PCM 3.2.0
2023-09-20 10:00:53,278 [INFO] ThirdParty:1030 - CMSIS Pack Vendor :STMicroelectronics X-CUBE-AZRTOS-H7 3.0.0
2023-09-20 10:00:53,278 [INFO] ThirdParty:1030 - CMSIS Pack Vendor :STMicroelectronics X-CUBE-ISPU 1.1.0
2023-09-20 10:00:53,278 [INFO] ThirdParty:1030 - CMSIS Pack Vendor :RoweBots I-CUBE-UNISONRTOS 5.5.0-4
2023-09-20 10:00:53,278 [INFO] ThirdParty:1030 - CMSIS Pack Vendor :STMicroelectronics X-CUBE-AZRTOS-H7 2.1.0
2023-09-20 10:00:53,278 [INFO] ThirdParty:1030 - CMSIS Pack Vendor :STMicroelectronics USB_DEVICE 3.0.0
2023-09-20 10:00:53,278 [INFO] ThirdParty:1030 - CMSIS Pack Vendor :STMicroelectronics X-CUBE-AI 8.0.0
2023-09-20 10:00:53,278 [INFO] ThirdParty:1030 - CMSIS Pack Vendor :STMicroelectronics X-CUBE-AZRTOS-WB 2.0.0
2023-09-20 10:00:53,278 [INFO] ThirdParty:1030 - CMSIS Pack Vendor :STMicroelectronics X-CUBE-FREERTOS 1.0.1
2023-09-20 10:00:53,278 [INFO] ThirdParty:1030 - CMSIS Pack Vendor :STMicroelectronics X-CUBE-TOUCHGFX 4.21.1
2023-09-20 10:00:53,278 [INFO] ThirdParty:1030 - CMSIS Pack Vendor :STMicroelectronics X-CUBE-TOUCHGFX 4.21.0
2023-09-20 10:00:53,278 [INFO] ThirdParty:1030 - CMSIS Pack Vendor :STMicroelectronics X-CUBE-TOUCHGFX 4.21.3
2023-09-20 10:00:53,278 [INFO] ThirdParty:1030 - CMSIS Pack Vendor :STMicroelectronics X-CUBE-TOUCHGFX 4.21.4
2023-09-20 10:00:53,278 [INFO] ThirdParty:1030 - CMSIS Pack Vendor :STMicroelectronics X-CUBE-MEMS1 9.4.0
2023-09-20 10:00:53,278 [INFO] ThirdParty:1030 - CMSIS Pack Vendor :STMicroelectronics X-CUBE-AI 7.3.0
2023-09-20 10:00:53,278 [INFO] ThirdParty:1030 - CMSIS Pack Vendor :STMicroelectronics X-CUBE-ALGOBUILD 1.3.0
2023-09-20 10:00:53,278 [INFO] ThirdParty:1030 - CMSIS Pack Vendor :STMicroelectronics X-CUBE-AZRTOS-L5 1.1.0
2023-09-20 10:00:53,278 [INFO] ThirdParty:1030 - CMSIS Pack Vendor :STMicroelectronics X-CUBE-AZRTOS-G0 1.1.0
2023-09-20 10:00:53,278 [INFO] ThirdParty:1030 - CMSIS Pack Vendor :STMicroelectronics X-CUBE-AI 8.0.1
2023-09-20 10:00:53,278 [INFO] ThirdParty:1030 - CMSIS Pack Vendor :STMicroelectronics X-CUBE-NFC4 3.0.0
2023-09-20 10:00:53,278 [INFO] ThirdParty:1030 - CMSIS Pack Vendor :STMicroelectronics X-CUBE-SUBG2 5.0.0
2023-09-20 10:00:53,278 [INFO] ThirdParty:1030 - CMSIS Pack Vendor :STMicroelectronics STM32_WPAN 1.0.0
2023-09-20 10:00:53,279 [INFO] ThirdParty:1030 - CMSIS Pack Vendor :SEGGER I-CUBE-embOS 1.2.1
2023-09-20 10:00:53,279 [INFO] ThirdParty:1030 - CMSIS Pack Vendor :STMicroelectronics lwIP 2.0.3
2023-09-20 10:00:53,279 [INFO] ThirdParty:1030 - CMSIS Pack Vendor :STMicroelectronics USB_HOST 1.0.0
2023-09-20 10:00:53,279 [INFO] ThirdParty:1030 - CMSIS Pack Vendor :STMicroelectronics X-CUBE-TOF1 3.3.1
2023-09-20 10:00:53,279 [INFO] ThirdParty:1030 - CMSIS Pack Vendor :STMicroelectronics X-CUBE-AZRTOS-G4 2.0.0
2023-09-20 10:00:53,279 [INFO] ThirdParty:1030 - CMSIS Pack Vendor :STMicroelectronics PDM2PCM 3.1.0
2023-09-20 10:00:53,279 [INFO] ThirdParty:1030 - CMSIS Pack Vendor :STMicroelectronics X-CUBE-TOF1 3.3.0
2023-09-20 10:00:53,279 [INFO] ThirdParty:1030 - CMSIS Pack Vendor :STMicroelectronics FP-ATR-ASTRA1 1.1.1
2023-09-20 10:00:53,279 [INFO] ThirdParty:1030 - CMSIS Pack Vendor :STMicroelectronics X-CUBE-BLEMGR 1.3.0
2023-09-20 10:00:53,279 [INFO] ThirdParty:1030 - CMSIS Pack Vendor :STMicroelectronics FP-ATR-SIGFOX1 3.2.0
2023-09-20 10:00:53,279 [INFO] ThirdParty:1030 - CMSIS Pack Vendor :STMicroelectronics X-CUBE-AZRTOS-G4 1.0.0
2023-09-20 10:00:53,279 [INFO] ThirdParty:1030 - CMSIS Pack Vendor :STMicroelectronics X-CUBE-AZRTOS-L4 1.0.0
2023-09-20 10:00:53,279 [INFO] ThirdParty:1030 - CMSIS Pack Vendor :STMicroelectronics MBEDTLS 2.16.2
2023-09-20 10:00:53,279 [INFO] ThirdParty:1030 - CMSIS Pack Vendor :STMicroelectronics X-CUBE-TOUCHGFX 4.20.0
2023-09-20 10:00:53,279 [INFO] ThirdParty:1030 - CMSIS Pack Vendor :STMicroelectronics X-CUBE-FREERTOS 1.1.0
2023-09-20 10:00:53,279 [INFO] ThirdParty:1030 - CMSIS Pack Vendor :STMicroelectronics X-CUBE-AZRTOS-WL 1.0.0
2023-09-20 10:00:53,279 [INFO] ThirdParty:1030 - CMSIS Pack Vendor :portGmbH I-Cube-SoM-uGOAL 1.1.0
2023-09-20 10:00:53,279 [INFO] ThirdParty:1030 - CMSIS Pack Vendor :STMicroelectronics X-CUBE-ALS 1.0.1
2023-09-20 10:00:53,279 [INFO] ThirdParty:1030 - CMSIS Pack Vendor :STMicroelectronics X-CUBE-MEMS1 9.5.0
2023-09-20 10:00:53,279 [INFO] ThirdParty:1030 - CMSIS Pack Vendor :STMicroelectronics ThreadX 1.0.0
2023-09-20 10:00:53,279 [INFO] ThirdParty:1030 - CMSIS Pack Vendor :STMicroelectronics X-CUBE-AZRTOS-WB 1.1.0
2023-09-20 10:00:53,279 [INFO] ThirdParty:1030 - CMSIS Pack Vendor :SEGGER I-CUBE-embOS 1.3.1
2023-09-20 10:00:53,279 [INFO] ThirdParty:1030 - CMSIS Pack Vendor :STMicroelectronics X-CUBE-AZRTOS-L5 1.0.0
2023-09-20 10:00:53,279 [INFO] ThirdParty:1030 - CMSIS Pack Vendor :STMicroelectronics X-CUBE-EEPRMA1 3.1.1
2023-09-20 10:00:53,279 [INFO] ThirdParty:1030 - CMSIS Pack Vendor :STMicroelectronics FP-ATR-ASTRA1 2.0.0
2023-09-20 10:00:53,279 [INFO] ThirdParty:841 - exiting critical section [change project]
2023-09-20 10:00:53,372 [INFO] PinOutPanel:1499 - setPackage(No Configuration,No Configuration)
2023-09-20 10:00:53,372 [INFO] PinOutPanel:1499 - setPackage(STM32WB55RGVx,VFQFPN68)
2023-09-20 10:00:53,604 [INFO] UtilMem:75 - Before build in PCC Used Memory: 545225120 Bytes (1073741824)
2023-09-20 10:00:53,869 [INFO] UtilMem:75 - After build in PCC Used Memory: 611807648 Bytes (1073741824)
2023-09-20 10:00:53,881 [INFO] IPUIPlugin:80 - create IPUIPlugin
2023-09-20 10:00:53,881 [INFO] IPUIPlugin:80 - create IPUIPlugin
2023-09-20 10:00:53,881 [INFO] IPUIPlugin:80 - create IPUIPlugin
2023-09-20 10:00:53,881 [INFO] IPUIPlugin:80 - create IPUIPlugin
2023-09-20 10:00:53,881 [INFO] IPUIPlugin:80 - create IPUIPlugin
2023-09-20 10:00:53,881 [INFO] IPUIPlugin:80 - create IPUIPlugin
2023-09-20 10:00:53,881 [INFO] IPUIPlugin:80 - create IPUIPlugin
2023-09-20 10:00:53,881 [INFO] IPUIPlugin:80 - create IPUIPlugin
2023-09-20 10:00:53,881 [INFO] IPUIPlugin:80 - create IPUIPlugin
2023-09-20 10:00:53,881 [INFO] IPUIPlugin:80 - create IPUIPlugin
2023-09-20 10:00:53,881 [INFO] IPUIPlugin:80 - create IPUIPlugin
2023-09-20 10:00:53,881 [INFO] IPUIPlugin:80 - create IPUIPlugin
2023-09-20 10:00:53,881 [INFO] IPUIPlugin:80 - create IPUIPlugin
2023-09-20 10:00:53,881 [INFO] IPUIPlugin:80 - create IPUIPlugin
2023-09-20 10:00:53,881 [INFO] IPUIPlugin:80 - create IPUIPlugin
2023-09-20 10:00:53,882 [INFO] IPUIPlugin:80 - create IPUIPlugin
2023-09-20 10:00:53,882 [INFO] IPUIPlugin:80 - create IPUIPlugin
2023-09-20 10:00:53,882 [INFO] IPUIPlugin:80 - create IPUIPlugin
2023-09-20 10:00:53,882 [INFO] IPUIPlugin:80 - create IPUIPlugin
2023-09-20 10:00:53,882 [INFO] IPUIPlugin:80 - create IPUIPlugin
2023-09-20 10:00:53,882 [INFO] IPUIPlugin:80 - create IPUIPlugin
2023-09-20 10:00:53,882 [INFO] IPUIPlugin:80 - create IPUIPlugin
2023-09-20 10:00:53,882 [INFO] IPUIPlugin:80 - create IPUIPlugin
2023-09-20 10:00:53,882 [INFO] IPUIPlugin:80 - create IPUIPlugin
2023-09-20 10:00:53,882 [INFO] IPUIPlugin:80 - create IPUIPlugin
2023-09-20 10:00:53,882 [INFO] IPUIPlugin:80 - create IPUIPlugin
2023-09-20 10:00:53,882 [INFO] IPUIPlugin:80 - create IPUIPlugin
2023-09-20 10:00:53,882 [INFO] IPUIPlugin:80 - create IPUIPlugin
2023-09-20 10:00:53,884 [INFO] IPUIPlugin:80 - create IPUIPlugin
2023-09-20 10:00:53,884 [INFO] IPUIPlugin:80 - create IPUIPlugin
2023-09-20 10:00:53,884 [INFO] IPUIPlugin:80 - create IPUIPlugin
2023-09-20 10:00:53,884 [INFO] IPUIPlugin:80 - create IPUIPlugin
2023-09-20 10:00:53,884 [INFO] IPUIPlugin:80 - create IPUIPlugin
2023-09-20 10:00:53,885 [INFO] IPUIPlugin:80 - create IPUIPlugin
2023-09-20 10:00:53,885 [INFO] IPUIPlugin:80 - create IPUIPlugin
2023-09-20 10:00:53,885 [INFO] IPUIPlugin:80 - create IPUIPlugin
2023-09-20 10:00:53,885 [INFO] IPUIPlugin:80 - create IPUIPlugin
2023-09-20 10:00:53,885 [INFO] IPUIPlugin:80 - create IPUIPlugin
2023-09-20 10:00:53,885 [INFO] IPUIPlugin:80 - create IPUIPlugin
2023-09-20 10:00:53,886 [INFO] IPUIPlugin:80 - create IPUIPlugin
2023-09-20 10:00:53,886 [INFO] IPUIPlugin:80 - create IPUIPlugin
2023-09-20 10:00:53,886 [INFO] IPUIPlugin:80 - create IPUIPlugin
2023-09-20 10:00:53,886 [INFO] IPUIPlugin:80 - create IPUIPlugin
2023-09-20 10:00:53,886 [INFO] IPUIPlugin:80 - create IPUIPlugin
2023-09-20 10:00:53,886 [INFO] IPUIPlugin:80 - create IPUIPlugin
2023-09-20 10:00:53,926 [INFO] CADModel:165 - CPN selected for project levelSTM32WB55RGV6
2023-09-20 10:00:53,926 [INFO] CADModel:114 - Register for checkConnection events
2023-09-20 10:00:53,988 [INFO] OpenFileManager:328 - Restore cursor
2023-09-20 10:00:54,377 [INFO] UtilMem:75 - End SaveConfig() Used Memory: 717276936 Bytes (1073741824)
2023-09-20 10:00:54,419 [WARN] Context:732 - Trying to set MEMORYMAP twice on same context Cortex-M4NS
2023-09-20 10:00:54,432 [INFO] UtilMem:75 - End SaveConfig() Used Memory: 734491040 Bytes (1073741824)
2023-09-20 10:00:54,587 [INFO] BlockDiagram:2759 - set Specific Code input for plugin: NVIC
2023-09-20 10:00:54,587 [INFO] BlockDiagram:2759 - set Specific Code input for plugin: USART
2023-09-20 10:00:54,587 [INFO] BlockDiagram:2759 - set Specific Code input for plugin: MEMORYMAP
2023-09-20 10:00:54,587 [INFO] BlockDiagram:2759 - set Specific Code input for plugin: USB
2023-09-20 10:00:54,587 [INFO] BlockDiagram:2759 - set Specific Code input for plugin: SYS
2023-09-20 10:00:54,588 [INFO] BlockDiagram:2759 - set Specific Code input for plugin: GPIO
2023-09-20 10:00:54,588 [INFO] BlockDiagram:2759 - set Specific Code input for plugin: RCC
2023-09-20 10:00:54,588 [INFO] CodeGenerator:799 - code generatio: config db path: C:\ST\STM32CubeIDE_1.10.1\STM32CubeIDE\plugins\com.st.stm32cube.common.mx_6.9.1.202307191849\\db\
2023-09-20 10:00:54,754 [INFO] CodeEngine:255 - oldGeneratedFile, C:\Users\alexa\Documents\C Training\StateMachine\MXTmpFiles\license.tmp_save
2023-09-20 10:00:54,833 [INFO] CodeEngine:279 - Generated code: C:\Users\alexa\Documents\C Training\StateMachine\MXTmpFiles\license.tmp
2023-09-20 10:00:54,889 [INFO] CodeEngine:255 - oldGeneratedFile, C:\Users\alexa\Documents\C Training\StateMachine\MXTmpFiles\gpio.tmp_save
2023-09-20 10:00:55,051 [INFO] CodeEngine:279 - Generated code: C:\Users\alexa\Documents\C Training\StateMachine\MXTmpFiles\gpio.tmp
2023-09-20 10:00:55,054 [WARN] IPConfigManager:99 - WARNING: Missing Config File for MEMORYMAP ip!!
2023-09-20 10:00:55,054 [WARN] IP:2114 - DefaultDataRegion not found: check if there is a RefParameter without a condition.
2023-09-20 10:00:55,222 [INFO] CodeEngine:255 - oldGeneratedFile, C:\Users\alexa\Documents\C Training\StateMachine\Core\Src\stm32wbxx_it.c_save
2023-09-20 10:00:55,372 [INFO] CodeEngine:279 - Generated code: C:\Users\alexa\Documents\C Training\StateMachine\Core\Src\stm32wbxx_it.c
2023-09-20 10:00:55,382 [INFO] CodeEngine:255 - oldGeneratedFile, C:\Users\alexa\Documents\C Training\StateMachine\Core\Inc\stm32wbxx_it.h_save
2023-09-20 10:00:55,448 [INFO] CodeEngine:279 - Generated code: C:\Users\alexa\Documents\C Training\StateMachine\Core\Inc\stm32wbxx_it.h
2023-09-20 10:00:55,467 [INFO] CodeEngine:255 - oldGeneratedFile, C:\Users\alexa\Documents\C Training\StateMachine\Core\Src\stm32wbxx_hal_msp.c_save
2023-09-20 10:00:55,575 [INFO] CodeEngine:279 - Generated code: C:\Users\alexa\Documents\C Training\StateMachine\Core\Src\stm32wbxx_hal_msp.c
2023-09-20 10:00:55,587 [INFO] CodeEngine:255 - oldGeneratedFile, C:\Users\alexa\Documents\C Training\StateMachine\MXTmpFiles\system.tmp_save
2023-09-20 10:00:55,642 [INFO] CodeEngine:279 - Generated code: C:\Users\alexa\Documents\C Training\StateMachine\MXTmpFiles\system.tmp
2023-09-20 10:00:55,658 [INFO] CodeEngine:311 - oldGeneratedFile, C:\Users\alexa\Documents\C Training\StateMachine\Core\Inc\stm32wbxx_hal_conf.h_save
2023-09-20 10:00:55,747 [INFO] CodeEngine:335 - Generated code: C:\Users\alexa\Documents\C Training\StateMachine\Core\Inc\stm32wbxx_hal_conf.h
2023-09-20 10:00:55,764 [WARN] IPConfigManager:2937 - Warning: the RefConfig RCC_PClockConfig is not available in your config.xml file
2023-09-20 10:00:55,782 [INFO] CodeEngine:255 - oldGeneratedFile, C:\Users\alexa\Documents\C Training\StateMachine\Core\Inc\main.h_save
2023-09-20 10:00:55,880 [INFO] CodeEngine:279 - Generated code: C:\Users\alexa\Documents\C Training\StateMachine\Core\Inc\main.h
2023-09-20 10:00:55,890 [INFO] CodeEngine:255 - oldGeneratedFile, C:\Users\alexa\Documents\C Training\StateMachine\Core\Src\main.c_save
2023-09-20 10:00:55,994 [INFO] CodeEngine:279 - Generated code: C:\Users\alexa\Documents\C Training\StateMachine\Core\Src\main.c
2023-09-20 10:00:56,521 [INFO] ProjectBuilder:3064 - Time for Copy HAL[1] : 191mS.
2023-09-20 10:00:56,525 [INFO] ProjectBuilder:4404 - Project Generator version: 4.1.0
2023-09-20 10:00:56,682 [INFO] ConfigFileManager:1457 - The Die is : DIE495
2023-09-20 10:00:56,693 [INFO] ApiDbMcu:507 - Load IP Config File for FATFS
2023-09-20 10:00:56,707 [INFO] ApiDbMcu:507 - Load IP Config File for FREERTOS
2023-09-20 10:00:56,739 [INFO] ApiDbMcu:507 - Load IP Config File for STM32_WPAN
2023-09-20 10:00:56,763 [INFO] ApiDbMcu:507 - Load IP Config File for TOUCHSENSING
2023-09-20 10:00:56,776 [INFO] ApiDbMcu:507 - Load IP Config File for USB_Device
2023-09-20 10:01:00,244 [INFO] ProjectBuilder:4626 - Time for Generating toolchain IDE Files: 3719mS.
2023-09-20 10:01:00,244 [INFO] ProjectBuilder:2935 - Time for Copy CMSIS : 0mS.
2023-09-20 10:01:00,246 [INFO] ProjectBuilder:2935 - Time for Copy CMSIS : 0mS.
2023-09-20 10:01:01,453 [INFO] McuFinderGlobals:76 - Set McuFinderConnectedMode to true
2023-09-20 10:01:01,455 [INFO] ApiDb:448 - Save user favorites file C:\Users\alexa/.stm32cubeide/favorites.mcus.txt: 0 item(s)
2023-09-20 10:01:01,455 [INFO] ApiDb:452 - User favorites MCUs=[]
2023-09-20 10:01:01,456 [INFO] ApiDb:448 - Save user favorites file C:\Users\alexa/.stm32cubeide/favorites.boards.txt: 3 item(s)
2023-09-20 10:01:01,456 [INFO] ApiDb:452 - User favorites Boards=[NUCLEO-F446RE, NUCLEO-WB55RG, STM32F407G-DISC1]
