2023-09-08 14:27:57,443 [INFO] Activator:176 - 


2023-09-08 14:27:57,446 [INFO] Activator:177 - !SESSION log4j initialized
2023-09-08 14:28:00,147 [INFO] LogOutputStream:77 - [STDOUT_REDIRECT] 
2023-09-08 14:28:02,833 [INFO] ApplicationProperties:184 - Using Application install path: C:\ST\STM32CubeIDE_1.10.1\STM32CubeIDE\plugins\com.st.stm32cube.common.mx_6.9.1.202307191849
2023-09-08 14:28:02,852 [INFO] DbMcusXml:78 - Set database path to: C:\ST\STM32CubeIDE_1.10.1\STM32CubeIDE\plugins\com.st.stm32cube.common.mx_6.9.1.202307191849\\db\/mcu/
2023-09-08 14:28:02,853 [INFO] ApiDb:274 - Set plugin database path to: C:\ST\STM32CubeIDE_1.10.1\STM32CubeIDE\plugins\com.st.stm32cube.common.mx_6.9.1.202307191849\\db\/plugins/boardmanager/
2023-09-08 14:28:02,854 [WARN] ApiDb:259 - Overriding images path with different value:  => C:\ST\STM32CubeIDE_1.10.1\STM32CubeIDE\plugins\com.st.stm32cube.common.mx_6.9.1.202307191849\\db\/plugins/mcufinder/images/
2023-09-08 14:28:02,865 [INFO] ApiDb:250 - Set database path to: C:\Users\alexa\.stmcufinder\plugins\mcufinder//mcu/
2023-09-08 14:28:02,867 [INFO] DbMcusAds:125 - Set database path to: C:\Users\alexa\.stmcufinder\plugins\mcufinder//mcu/
2023-09-08 14:28:02,871 [INFO] CrossReferenceDbSqlite:203 - Set database path to: C:\Users\alexa\.stmcufinder\plugins\mcufinder//mcu/cs/
2023-09-08 14:28:02,985 [INFO] RulesReader:64 - Compatibility file has been processed (293 Rules)
2023-09-08 14:28:03,073 [INFO] DbMcusXml:78 - Set database path to: C:\ST\STM32CubeIDE_1.10.1\STM32CubeIDE\plugins\com.st.stm32cube.common.mx_6.9.1.202307191849\\db\/mcu/
2023-09-08 14:28:03,073 [INFO] ApiDb:274 - Set plugin database path to: C:\ST\STM32CubeIDE_1.10.1\STM32CubeIDE\plugins\com.st.stm32cube.common.mx_6.9.1.202307191849\\db\/plugins/boardmanager/
2023-09-08 14:28:03,074 [INFO] ApiDb:261 - Set plugin images path to: C:\ST\STM32CubeIDE_1.10.1\STM32CubeIDE\plugins\com.st.stm32cube.common.mx_6.9.1.202307191849\\db\/plugins/mcufinder/images/
2023-09-08 14:28:03,074 [WARN] DbFile:41 - Overriding database path with different value: C:\Users\alexa\.stmcufinder\plugins\mcufinder/ => C:\Users\alexa\.stmcufinder\plugins\mcufinder
2023-09-08 14:28:03,074 [INFO] ApiDb:250 - Set database path to: C:\Users\alexa\.stmcufinder\plugins\mcufinder//mcu/
2023-09-08 14:28:03,074 [WARN] DbFile:41 - Overriding database path with different value: C:\Users\alexa\.stmcufinder\plugins\mcufinder/ => C:\Users\alexa\.stmcufinder\plugins\mcufinder
2023-09-08 14:28:03,074 [INFO] DbMcusAds:125 - Set database path to: C:\Users\alexa\.stmcufinder\plugins\mcufinder//mcu/
2023-09-08 14:28:03,074 [WARN] DbFile:41 - Overriding database path with different value: C:\Users\alexa\.stmcufinder\plugins\mcufinder/ => C:\Users\alexa\.stmcufinder\plugins\mcufinder
2023-09-08 14:28:03,074 [WARN] DbFile:41 - Overriding database path with different value: C:\Users\alexa\.stmcufinder\plugins\mcufinder/ => C:\Users\alexa\.stmcufinder\plugins\mcufinder
2023-09-08 14:28:03,074 [INFO] CrossReferenceDbSqlite:203 - Set database path to: C:\Users\alexa\.stmcufinder\plugins\mcufinder//mcu/cs/
2023-09-08 14:28:03,146 [INFO] MainPanel:262 - HeapMemory: 268435456
2023-09-08 14:28:03,218 [INFO] DbMcusXml:78 - Set database path to: C:\ST\STM32CubeIDE_1.10.1\STM32CubeIDE\plugins\com.st.stm32cube.common.mx_6.9.1.202307191849\\db\/mcu/
2023-09-08 14:28:03,218 [INFO] ApiDb:274 - Set plugin database path to: C:\ST\STM32CubeIDE_1.10.1\STM32CubeIDE\plugins\com.st.stm32cube.common.mx_6.9.1.202307191849\\db\/plugins/boardmanager/
2023-09-08 14:28:03,218 [INFO] ApiDb:261 - Set plugin images path to: C:\ST\STM32CubeIDE_1.10.1\STM32CubeIDE\plugins\com.st.stm32cube.common.mx_6.9.1.202307191849\\db\/plugins/mcufinder/images/
2023-09-08 14:28:03,219 [WARN] DbFile:41 - Overriding database path with different value: C:\Users\alexa\.stmcufinder\plugins\mcufinder/ => C:\Users\alexa\.stmcufinder\plugins\mcufinder
2023-09-08 14:28:03,219 [INFO] ApiDb:250 - Set database path to: C:\Users\alexa\.stmcufinder\plugins\mcufinder//mcu/
2023-09-08 14:28:03,219 [WARN] DbFile:41 - Overriding database path with different value: C:\Users\alexa\.stmcufinder\plugins\mcufinder/ => C:\Users\alexa\.stmcufinder\plugins\mcufinder
2023-09-08 14:28:03,219 [INFO] DbMcusAds:125 - Set database path to: C:\Users\alexa\.stmcufinder\plugins\mcufinder//mcu/
2023-09-08 14:28:03,219 [WARN] DbFile:41 - Overriding database path with different value: C:\Users\alexa\.stmcufinder\plugins\mcufinder/ => C:\Users\alexa\.stmcufinder\plugins\mcufinder
2023-09-08 14:28:03,219 [WARN] DbFile:41 - Overriding database path with different value: C:\Users\alexa\.stmcufinder\plugins\mcufinder/ => C:\Users\alexa\.stmcufinder\plugins\mcufinder
2023-09-08 14:28:03,219 [INFO] CrossReferenceDbSqlite:203 - Set database path to: C:\Users\alexa\.stmcufinder\plugins\mcufinder//mcu/cs/
2023-09-08 14:28:03,238 [INFO] ApplicationProperties:184 - Using Application install path: C:\ST\STM32CubeIDE_1.10.1\STM32CubeIDE\plugins\com.st.stm32cube.common.mx_6.9.1.202307191849
2023-09-08 14:28:03,240 [INFO] PluginManage:196 - Search for loadable plugins [exclusion list=, ]
2023-09-08 14:28:03,242 [INFO] PluginManage:310 - Check plugin analytics
2023-09-08 14:28:03,417 [INFO] AnalyticsPlugin:253 - Accepted Software Licenses: STM32CubeMX.6.8.1,STM32CubeMX.6.6.1,STM32CubeMX.6.9.1
2023-09-08 14:28:03,418 [INFO] AnalyticsPlugin:255 - Accepted CMSIS Pack Licenses: 
2023-09-08 14:28:03,418 [INFO] AnalyticsPlugin:257 - Accepted Firmware Licenses: FW.WB.1.16.0,FW.WB.1.17.0
2023-09-08 14:28:03,423 [INFO] PluginManage:359 - Loaded plugin analytics (category:tool,tabindex:-1)
2023-09-08 14:28:03,424 [INFO] PluginManage:310 - Check plugin cadmodel
2023-09-08 14:28:03,456 [INFO] CADModel:105 - Init CAD model plugin
2023-09-08 14:28:03,456 [INFO] PluginManage:359 - Loaded plugin cadmodel (category:power,tabindex:5)
2023-09-08 14:28:03,457 [INFO] PluginManage:310 - Check plugin clock
2023-09-08 14:28:03,470 [INFO] PluginManage:359 - Loaded plugin clock (category:base,tabindex:2)
2023-09-08 14:28:03,471 [INFO] PluginManage:310 - Check plugin ddr
2023-09-08 14:28:03,475 [INFO] PluginManage:359 - Loaded plugin ddr (category:tool,tabindex:6)
2023-09-08 14:28:03,475 [INFO] PluginManage:310 - Check plugin filemanager
2023-09-08 14:28:03,658 [INFO] PluginManage:359 - Loaded plugin filemanager (category:base,tabindex:10)
2023-09-08 14:28:03,658 [INFO] PluginManage:310 - Check plugin ipmanager
2023-09-08 14:28:03,668 [INFO] PluginManage:359 - Loaded plugin ipmanager (category:base,tabindex:5)
2023-09-08 14:28:03,668 [INFO] PluginManage:310 - Check plugin lpbam
2023-09-08 14:28:03,679 [INFO] PluginManage:359 - Loaded plugin lpbam (category:base,tabindex:0)
2023-09-08 14:28:03,679 [INFO] PluginManage:310 - Check plugin memorymap
2023-09-08 14:28:03,692 [INFO] PluginManage:359 - Loaded plugin memorymap (category:base,tabindex:4)
2023-09-08 14:28:03,693 [INFO] PluginManage:310 - Check plugin pinoutandconfiguration
2023-09-08 14:28:03,703 [INFO] PluginManage:359 - Loaded plugin pinoutandconfiguration (category:base,tabindex:1)
2023-09-08 14:28:03,703 [INFO] PluginManage:310 - Check plugin pinoutconfig
2023-09-08 14:28:03,810 [WARN] SupportedApi:132 - Cannot load RTOS API schema: s4s-elt-must-match.1: The content of 'definitions' must match (annotation?, (simpleType | complexType)?, (unique | key | keyref)*)). A problem was found starting at: attribute.
2023-09-08 14:28:03,996 [INFO] PluginManage:359 - Loaded plugin pinoutconfig (category:base,tabindex:0)
2023-09-08 14:28:03,997 [INFO] PluginManage:310 - Check plugin power
2023-09-08 14:28:04,009 [INFO] PluginManage:359 - Loaded plugin power (category:power,tabindex:4)
2023-09-08 14:28:04,009 [INFO] PluginManage:310 - Check plugin projectmanager
2023-09-08 14:28:04,029 [INFO] PluginManage:359 - Loaded plugin projectmanager (category:projectmanager,tabindex:3)
2023-09-08 14:28:04,029 [INFO] PluginManage:310 - Check plugin thirdparty
2023-09-08 14:28:04,234 [INFO] PluginManage:359 - Loaded plugin thirdparty (category:base,tabindex:-1)
2023-09-08 14:28:04,234 [WARN] IntegrityCheckThread:84 - waiting for thirdparty lock release [integrity check]
2023-09-08 14:28:04,235 [INFO] PluginManage:310 - Check plugin tools
2023-09-08 14:28:04,235 [INFO] IntegrityCheckThread:86 - entering critical section [integrity check]
2023-09-08 14:28:04,236 [INFO] ThirdPartyUpdaterWithRetryManager:70 - Updater plugin not ready yet. [1/15]
2023-09-08 14:28:04,238 [INFO] PluginManage:359 - Loaded plugin tools (category:base,tabindex:7)
2023-09-08 14:28:04,238 [INFO] PluginManage:310 - Check plugin tutovideos
2023-09-08 14:28:04,412 [INFO] PluginManage:359 - Loaded plugin tutovideos (category:base,tabindex:-1)
2023-09-08 14:28:04,413 [INFO] PluginManage:310 - Check plugin updater
2023-09-08 14:28:04,423 [INFO] PluginManage:359 - Loaded plugin updater (category:base,tabindex:12)
2023-09-08 14:28:04,423 [INFO] PluginManage:310 - Check plugin userauth
2023-09-08 14:28:04,428 [INFO] UserAuth:113 - Init User Auth plugin
2023-09-08 14:28:04,428 [INFO] PluginManage:359 - Loaded plugin userauth (category:base,tabindex:14)
2023-09-08 14:28:04,428 [INFO] PluginManage:283 - PluginManage : Loaded plugins [17]
2023-09-08 14:28:04,693 [INFO] PinOutPanel:1499 - setPackage(No Configuration,No Configuration)
2023-09-08 14:28:04,833 [INFO] CADModel:165 - CPN selected for project level
2023-09-08 14:28:04,834 [INFO] CADModel:114 - Register for checkConnection events
2023-09-08 14:28:04,857 [INFO] IPUIPlugin:80 - create IPUIPlugin
2023-09-08 14:28:04,857 [INFO] PluginManager:220 - loadIPPluginJar : add adc
2023-09-08 14:28:04,860 [INFO] IPUIPlugin:80 - create IPUIPlugin
2023-09-08 14:28:04,860 [INFO] PluginManager:220 - loadIPPluginJar : add aes
2023-09-08 14:28:04,863 [INFO] IPUIPlugin:80 - create IPUIPlugin
2023-09-08 14:28:04,863 [INFO] PluginManager:220 - loadIPPluginJar : add can
2023-09-08 14:28:04,865 [INFO] IPUIPlugin:80 - create IPUIPlugin
2023-09-08 14:28:04,866 [INFO] PluginManager:220 - loadIPPluginJar : add comp
2023-09-08 14:28:04,870 [INFO] IPUIPlugin:80 - create IPUIPlugin
2023-09-08 14:28:04,870 [INFO] PluginManager:220 - loadIPPluginJar : add cryp
2023-09-08 14:28:04,873 [INFO] IPUIPlugin:80 - create IPUIPlugin
2023-09-08 14:28:04,873 [INFO] PluginManager:220 - loadIPPluginJar : add dfsdm
2023-09-08 14:28:04,879 [INFO] IPUIPlugin:80 - create IPUIPlugin
2023-09-08 14:28:04,879 [INFO] PluginManager:220 - loadIPPluginJar : add dma
2023-09-08 14:28:04,882 [INFO] IPUIPlugin:80 - create IPUIPlugin
2023-09-08 14:28:04,882 [INFO] PluginManager:220 - loadIPPluginJar : add dma3
2023-09-08 14:28:04,884 [INFO] IPUIPlugin:80 - create IPUIPlugin
2023-09-08 14:28:04,884 [INFO] PluginManager:220 - loadIPPluginJar : add fatfs
2023-09-08 14:28:04,889 [INFO] IPUIPlugin:80 - create IPUIPlugin
2023-09-08 14:28:04,890 [INFO] PluginManager:220 - loadIPPluginJar : add fmc
2023-09-08 14:28:04,896 [INFO] IPUIPlugin:80 - create IPUIPlugin
2023-09-08 14:28:04,896 [INFO] PluginManager:220 - loadIPPluginJar : add freertos
2023-09-08 14:28:04,898 [INFO] IPUIPlugin:80 - create IPUIPlugin
2023-09-08 14:28:04,898 [INFO] PluginManager:220 - loadIPPluginJar : add genericplugin
2023-09-08 14:28:04,900 [INFO] IPUIPlugin:80 - create IPUIPlugin
2023-09-08 14:28:04,900 [INFO] PluginManager:220 - loadIPPluginJar : add gfxmmu
2023-09-08 14:28:04,906 [INFO] IPUIPlugin:80 - create IPUIPlugin
2023-09-08 14:28:04,906 [INFO] PluginManager:220 - loadIPPluginJar : add gic
2023-09-08 14:28:04,915 [INFO] IPUIPlugin:80 - create IPUIPlugin
2023-09-08 14:28:04,915 [INFO] PluginManager:220 - loadIPPluginJar : add gpio
2023-09-08 14:28:04,920 [INFO] IPUIPlugin:80 - create IPUIPlugin
2023-09-08 14:28:04,920 [INFO] PluginManager:220 - loadIPPluginJar : add gtzc
2023-09-08 14:28:04,922 [INFO] IPUIPlugin:80 - create IPUIPlugin
2023-09-08 14:28:04,923 [INFO] PluginManager:220 - loadIPPluginJar : add hash
2023-09-08 14:28:04,926 [INFO] IPUIPlugin:80 - create IPUIPlugin
2023-09-08 14:28:04,926 [INFO] PluginManager:220 - loadIPPluginJar : add i2c
2023-09-08 14:28:04,929 [INFO] IPUIPlugin:80 - create IPUIPlugin
2023-09-08 14:28:04,929 [INFO] PluginManager:220 - loadIPPluginJar : add i2s
2023-09-08 14:28:04,933 [INFO] IPUIPlugin:80 - create IPUIPlugin
2023-09-08 14:28:04,933 [INFO] PluginManager:220 - loadIPPluginJar : add i3c
2023-09-08 14:28:04,938 [INFO] IPUIPlugin:80 - create IPUIPlugin
2023-09-08 14:28:04,938 [INFO] PluginManager:220 - loadIPPluginJar : add ipddr
2023-09-08 14:28:04,946 [INFO] IPUIPlugin:80 - create IPUIPlugin
2023-09-08 14:28:04,946 [INFO] PluginManager:220 - loadIPPluginJar : add linkedlist
2023-09-08 14:28:04,950 [INFO] IPUIPlugin:80 - create IPUIPlugin
2023-09-08 14:28:04,950 [INFO] PluginManager:220 - loadIPPluginJar : add lorawan
2023-09-08 14:28:04,952 [INFO] IPUIPlugin:80 - create IPUIPlugin
2023-09-08 14:28:04,952 [INFO] PluginManager:220 - loadIPPluginJar : add ltdc
2023-09-08 14:28:04,958 [INFO] IPUIPlugin:80 - create IPUIPlugin
2023-09-08 14:28:04,959 [INFO] PluginManager:220 - loadIPPluginJar : add mdma
2023-09-08 14:28:04,962 [INFO] IPUIPlugin:80 - create IPUIPlugin
2023-09-08 14:28:04,963 [INFO] PluginManager:220 - loadIPPluginJar : add nvic
2023-09-08 14:28:04,966 [INFO] IPUIPlugin:80 - create IPUIPlugin
2023-09-08 14:28:04,966 [INFO] PluginManager:220 - loadIPPluginJar : add opamp
2023-09-08 14:28:04,969 [INFO] IPUIPlugin:80 - create IPUIPlugin
2023-09-08 14:28:04,969 [INFO] PluginManager:220 - loadIPPluginJar : add openamp
2023-09-08 14:28:04,973 [INFO] IPUIPlugin:80 - create IPUIPlugin
2023-09-08 14:28:04,974 [INFO] PluginManager:220 - loadIPPluginJar : add pdm2pcm
2023-09-08 14:28:04,980 [INFO] IPUIPlugin:80 - create IPUIPlugin
2023-09-08 14:28:04,983 [INFO] PluginManager:220 - loadIPPluginJar : add plateformsettings
2023-09-08 14:28:04,984 [INFO] IPUIPlugin:80 - create IPUIPlugin
2023-09-08 14:28:04,984 [INFO] PluginManager:220 - loadIPPluginJar : add quadspi
2023-09-08 14:28:04,988 [INFO] IPUIPlugin:80 - create IPUIPlugin
2023-09-08 14:28:04,989 [INFO] PluginManager:220 - loadIPPluginJar : add resmgrutility
2023-09-08 14:28:04,992 [INFO] IPUIPlugin:80 - create IPUIPlugin
2023-09-08 14:28:04,993 [INFO] PluginManager:220 - loadIPPluginJar : add sai
2023-09-08 14:28:04,995 [INFO] IPUIPlugin:80 - create IPUIPlugin
2023-09-08 14:28:04,995 [INFO] PluginManager:220 - loadIPPluginJar : add spi
2023-09-08 14:28:04,999 [INFO] IPUIPlugin:80 - create IPUIPlugin
2023-09-08 14:28:05,000 [INFO] PluginManager:220 - loadIPPluginJar : add stm32_wpan
2023-09-08 14:28:05,002 [INFO] IPUIPlugin:80 - create IPUIPlugin
2023-09-08 14:28:05,002 [INFO] PluginManager:220 - loadIPPluginJar : add tim
2023-09-08 14:28:05,006 [INFO] IPUIPlugin:80 - create IPUIPlugin
2023-09-08 14:28:05,007 [INFO] PluginManager:220 - loadIPPluginJar : add touchsensing
2023-09-08 14:28:05,009 [INFO] IPUIPlugin:80 - create IPUIPlugin
2023-09-08 14:28:05,009 [INFO] PluginManager:220 - loadIPPluginJar : add tracer_emb
2023-09-08 14:28:05,011 [INFO] IPUIPlugin:80 - create IPUIPlugin
2023-09-08 14:28:05,012 [INFO] PluginManager:220 - loadIPPluginJar : add ts
2023-09-08 14:28:05,013 [INFO] IPUIPlugin:80 - create IPUIPlugin
2023-09-08 14:28:05,013 [INFO] PluginManager:220 - loadIPPluginJar : add tsc
2023-09-08 14:28:05,016 [INFO] IPUIPlugin:80 - create IPUIPlugin
2023-09-08 14:28:05,016 [INFO] PluginManager:220 - loadIPPluginJar : add ucpd
2023-09-08 14:28:05,020 [INFO] IPUIPlugin:80 - create IPUIPlugin
2023-09-08 14:28:05,020 [INFO] PluginManager:220 - loadIPPluginJar : add usart
2023-09-08 14:28:05,023 [INFO] IPUIPlugin:80 - create IPUIPlugin
2023-09-08 14:28:05,024 [INFO] PluginManager:220 - loadIPPluginJar : add usbx
2023-09-08 14:28:05,167 [INFO] CADModel:165 - CPN selected for project level
2023-09-08 14:28:05,167 [INFO] CADModel:114 - Register for checkConnection events
2023-09-08 14:28:05,167 [FATAL] Updater:308 - Updater called before beeing initialized
2023-09-08 14:28:05,168 [ERROR] CADModel:125 - Updater not yet initialized, retry later 
2023-09-08 14:28:05,326 [INFO] CADModel:165 - CPN selected for project level
2023-09-08 14:28:05,326 [INFO] CADModel:114 - Register for checkConnection events
2023-09-08 14:28:05,326 [FATAL] Updater:308 - Updater called before beeing initialized
2023-09-08 14:28:05,326 [ERROR] CADModel:125 - Updater not yet initialized, retry later 
2023-09-08 14:28:05,329 [FATAL] Updater:308 - Updater called before beeing initialized
2023-09-08 14:28:05,439 [FATAL] Updater:308 - Updater called before beeing initialized
2023-09-08 14:28:05,445 [INFO] DbMcusAds:53 - JSON generation date=Tue Mar 07 09:50:55 CET 2023 (1678179055114)
2023-09-08 14:28:05,445 [FATAL] Updater:308 - Updater called before beeing initialized
2023-09-08 14:28:05,478 [WARN] DetailPanel:346 - Failed to get advertising image, set to default
2023-09-08 14:28:05,568 [FATAL] Updater:308 - Updater called before beeing initialized
2023-09-08 14:28:05,570 [FATAL] Updater:308 - Updater called before beeing initialized
2023-09-08 14:28:05,570 [FATAL] Updater:308 - Updater called before beeing initialized
2023-09-08 14:28:05,570 [WARN] DetailPanel:346 - Failed to get advertising image, set to default
2023-09-08 14:28:05,571 [FATAL] Updater:308 - Updater called before beeing initialized
2023-09-08 14:28:05,616 [ERROR] Updater:1120 - MainUpdater not yet initialized. External WinMGr cannot be set.
2023-09-08 14:28:05,619 [INFO] Updater:1056 - Updater Version found : 6.9.1
2023-09-08 14:28:05,638 [INFO] ApplicationProperties:184 - Using Application install path: C:\ST\STM32CubeIDE_1.10.1\STM32CubeIDE\plugins\com.st.stm32cube.common.mx_6.9.1.202307191849
2023-09-08 14:28:05,968 [INFO] MainUpdater:2868 - connection check result : 10
2023-09-08 14:28:05,970 [INFO] MainUpdater:285 - Updater Check For Update Now.
2023-09-08 14:28:05,970 [INFO] MicroXplorer:498 - Change Database Version : DB.6.0.91
2023-09-08 14:28:05,979 [INFO] McuFinderGlobals:63 - Set McuFinder mode to 2 (CubeIDE integrated)
2023-09-08 14:28:06,176 [INFO] CheckServerUpdateThread:120 - End of CheckServer Thread
2023-09-08 14:28:07,442 [WARN] PackLoader:240 - Cannot read IP mode file for STMicroelectronics.X-CUBE-SMBUS.2.1.0
2023-09-08 14:28:07,502 [WARN] PackLoader:240 - Cannot read IP mode file for STMicroelectronics.X-CUBE-AZRTOS-F7.1.1.0
2023-09-08 14:28:07,526 [ERROR] RealEvaluatedCondition:428 - Found unsupported composite condition: GROUP='STM32_MetaDataManager' CLASS='Data Exchange'
2023-09-08 14:28:07,526 [ERROR] RealEvaluatedCondition:428 - Found unsupported composite condition: CLASS='Data Exchange' GROUP='STM32_MetaDataManager'
2023-09-08 14:28:07,529 [WARN] PackLoader:240 - Cannot read IP mode file for STMicroelectronics.FP-SNS-MOTENV1.4.3.0
2023-09-08 14:28:07,540 [WARN] PackLoader:240 - Cannot read IP mode file for STMicroelectronics.FP-SNS-MOTENV1.4.3.2
2023-09-08 14:28:07,547 [WARN] PackLoader:240 - Cannot read IP mode file for STMicroelectronics.FP-SNS-FLIGHT1.5.0.0
2023-09-08 14:28:07,552 [ERROR] RealEvaluatedCondition:428 - Found unsupported composite condition: GROUP='STM32_MetaDataManager' CLASS='Data Exchange'
2023-09-08 14:28:07,553 [ERROR] RealEvaluatedCondition:428 - Found unsupported composite condition: CLASS='Data Exchange' GROUP='STM32_MetaDataManager'
2023-09-08 14:28:07,555 [WARN] PackLoader:240 - Cannot read IP mode file for STMicroelectronics.FP-SNS-MOTENV1.4.3.1
2023-09-08 14:28:07,561 [WARN] PackLoader:240 - Cannot read IP mode file for STMicroelectronics.FP-SNS-FLIGHT1.5.0.1
2023-09-08 14:28:07,570 [WARN] PackLoader:240 - Cannot read IP mode file for STMicroelectronics.X-CUBE-BLE1.6.2.3
2023-09-08 14:28:07,577 [WARN] PackLoader:240 - Cannot read IP mode file for STMicroelectronics.X-CUBE-BLE1.6.2.4
2023-09-08 14:28:07,584 [WARN] PackLoader:240 - Cannot read IP mode file for STMicroelectronics.FP-SNS-FLIGHT1.5.0.2
2023-09-08 14:28:07,595 [WARN] PackLoader:240 - Cannot read IP mode file for STMicroelectronics.X-CUBE-DISPLAY.3.0.0
2023-09-08 14:28:07,607 [WARN] PackLoader:240 - Cannot read IP mode file for STMicroelectronics.X-CUBE-BLE1.7.0.0
2023-09-08 14:28:07,615 [WARN] PackLoader:240 - Cannot read IP mode file for emotas.I-CUBE-CANOPEN.1.3.0
2023-09-08 14:28:07,620 [WARN] PackLoader:240 - Cannot read IP mode file for STMicroelectronics.X-CUBE-TOUCHGFX.4.22.0
2023-09-08 14:28:07,679 [WARN] PackLoader:240 - Cannot read IP mode file for STMicroelectronics.X-CUBE-MEMS1.9.3.0
2023-09-08 14:28:07,831 [INFO] LogOutputStream:77 - [STDOUT_REDIRECT] 1 : Invalid condition id : UX_CORESTACK_Condition cause : null
2023-09-08 14:28:07,832 [INFO] LogOutputStream:77 - [STDOUT_REDIRECT] 1 : Invalid condition id : UX_CORESTACK_Condition cause : null
2023-09-08 14:28:07,835 [INFO] LogOutputStream:77 - [STDOUT_REDIRECT] 1 : Invalid condition id : UX_CORESTACK_Condition cause : null
2023-09-08 14:28:07,836 [INFO] LogOutputStream:77 - [STDOUT_REDIRECT] 1 : Invalid condition id : UX_CORESTACK_Condition cause : null
2023-09-08 14:28:07,838 [INFO] LogOutputStream:77 - [STDOUT_REDIRECT] 1 : Invalid condition id : UX_CORESTACK_Condition cause : null
2023-09-08 14:28:07,843 [WARN] PackLoader:240 - Cannot read IP mode file for STMicroelectronics.X-CUBE-AZRTOS-WL.2.0.0
2023-09-08 14:28:07,873 [WARN] PackLoader:240 - Cannot read IP mode file for WES.I-CUBE-Cesium.1.3.0
2023-09-08 14:28:07,879 [WARN] PackLoader:240 - Cannot read IP mode file for STMicroelectronics.X-CUBE-BLE2.3.3.0
2023-09-08 14:28:07,887 [WARN] PackLoader:240 - Cannot read IP mode file for STMicroelectronics.X-CUBE-DISPLAY.2.2.0
2023-09-08 14:28:07,919 [WARN] PackLoader:240 - Cannot read IP mode file for STMicroelectronics.X-CUBE-TOF1.3.2.0
2023-09-08 14:28:07,944 [WARN] PackLoader:240 - Cannot read IP mode file for STMicroelectronics.X-CUBE-AZRTOS-H7.2.1.0
2023-09-08 14:28:07,950 [WARN] PackLoader:240 - Cannot read IP mode file for STMicroelectronics.X-CUBE-TOUCHGFX.4.21.1
2023-09-08 14:28:07,963 [WARN] PackLoader:240 - Cannot read IP mode file for STMicroelectronics.X-CUBE-TOUCHGFX.4.21.0
2023-09-08 14:28:07,967 [WARN] PackLoader:240 - Cannot read IP mode file for STMicroelectronics.X-CUBE-TOUCHGFX.4.21.3
2023-09-08 14:28:07,971 [WARN] PackLoader:240 - Cannot read IP mode file for STMicroelectronics.X-CUBE-TOUCHGFX.4.21.4
2023-09-08 14:28:08,017 [WARN] PackLoader:240 - Cannot read IP mode file for STMicroelectronics.X-CUBE-MEMS1.9.4.0
2023-09-08 14:28:08,166 [WARN] PackLoader:240 - Cannot read IP mode file for STMicroelectronics.X-CUBE-AI.7.3.0
2023-09-08 14:28:08,173 [WARN] PackLoader:240 - Cannot read IP mode file for STMicroelectronics.X-CUBE-ALGOBUILD.1.3.0
2023-09-08 14:28:08,186 [WARN] PackLoader:240 - Cannot read IP mode file for STMicroelectronics.X-CUBE-AZRTOS-G0.1.1.0
2023-09-08 14:28:08,194 [WARN] PackLoader:240 - Cannot read IP mode file for STMicroelectronics.X-CUBE-NFC4.3.0.0
2023-09-08 14:28:08,226 [WARN] PackLoader:240 - Cannot read IP mode file for SEGGER.I-CUBE-embOS.1.2.1
2023-09-08 14:28:08,274 [WARN] PackLoader:240 - Cannot read IP mode file for STMicroelectronics.X-CUBE-BLEMGR.1.3.0
2023-09-08 14:28:08,281 [WARN] PackLoader:240 - Cannot read IP mode file for STMicroelectronics.FP-ATR-SIGFOX1.3.2.0
2023-09-08 14:28:08,284 [WARN] PackLoader:240 - Cannot read IP mode file for STMicroelectronics.X-CUBE-TOUCHGFX.4.20.0
2023-09-08 14:28:08,321 [WARN] PackLoader:240 - Cannot read IP mode file for STMicroelectronics.X-CUBE-MEMS1.9.5.0
2023-09-08 14:28:08,462 [WARN] PackLoader:240 - Cannot read IP mode file for SEGGER.I-CUBE-embOS.1.3.1
2023-09-08 14:28:08,501 [WARN] PackLoader:240 - Cannot read IP mode file for STMicroelectronics.X-CUBE-GNSS1.6.0.0
2023-09-08 14:28:08,517 [WARN] PackLoader:240 - Cannot read IP mode file for STMicroelectronics.X-CUBE-AZRTOS-F4.1.1.0
2023-09-08 14:28:08,524 [WARN] PackLoader:240 - Cannot read IP mode file for wolfSSL.I-CUBE-wolfSSL.5.6.3
2023-09-08 14:28:08,528 [WARN] PackLoader:240 - Cannot read IP mode file for STMicroelectronics.X-CUBE-BLEMGR.1.2.0
2023-09-08 14:28:08,545 [WARN] PackLoader:240 - Cannot read IP mode file for STMicroelectronics.X-CUBE-AZRTOS-L5.2.0.0
2023-09-08 14:28:08,583 [WARN] PackLoader:240 - Cannot read IP mode file for STMicroelectronics.X-CUBE-MEMS1.9.6.0
2023-09-08 14:28:08,704 [WARN] PackLoader:240 - Cannot read IP mode file for emotas.I-CUBE-CANOPEN.1.1.3
2023-09-08 14:28:08,715 [WARN] PackLoader:240 - Cannot read IP mode file for STMicroelectronics.X-CUBE-BLEMGR.2.0.0
2023-09-08 14:28:08,722 [WARN] PackLoader:240 - Cannot read IP mode file for STMicroelectronics.X-CUBE-NFC4.2.0.5
2023-09-08 14:28:08,727 [WARN] PackLoader:240 - Cannot read IP mode file for STMicroelectronics.X-CUBE-NFC4.2.0.4
2023-09-08 14:28:08,743 [WARN] ConditionMgr:438 - getConditionDescription Invalid condition id : UX DEVICE CLASS RTOS Condition cause : null
2023-09-08 14:28:08,743 [WARN] ConditionMgr:438 - getConditionDescription Invalid condition id : UX DEVICE CLASS RTOS Condition cause : null
2023-09-08 14:28:08,746 [WARN] PackLoader:240 - Cannot read IP mode file for STMicroelectronics.X-CUBE-AZRTOS-H7.3.1.0
2023-09-08 14:28:08,747 [WARN] ConditionMgr:1039 - genDependencies : Invalid condition id : UX DEVICE CLASS RTOS Condition cause : null
2023-09-08 14:28:08,748 [WARN] ConditionMgr:1039 - genDependencies : Invalid condition id : UX DEVICE CLASS RTOS Condition cause : null
2023-09-08 14:28:08,748 [WARN] ConditionMgr:1039 - genDependencies : Invalid condition id : UX DEVICE CLASS RTOS Condition cause : null
2023-09-08 14:28:08,749 [WARN] ConditionMgr:1039 - genDependencies : Invalid condition id : UX DEVICE CLASS RTOS Condition cause : null
2023-09-08 14:28:08,749 [WARN] ConditionMgr:1039 - genDependencies : Invalid condition id : UX DEVICE CLASS RTOS Condition cause : null
2023-09-08 14:28:08,754 [WARN] PackLoader:240 - Cannot read IP mode file for wolfSSL.I-CUBE-wolfSSL.5.5.3
2023-09-08 14:28:08,760 [WARN] PackLoader:240 - Cannot read IP mode file for STMicroelectronics.X-CUBE-NFC7.1.0.1
2023-09-08 14:28:08,766 [WARN] PackLoader:240 - Cannot read IP mode file for STMicroelectronics.X-CUBE-NFC7.1.0.0
2023-09-08 14:28:08,771 [WARN] PackLoader:240 - Cannot read IP mode file for STMicroelectronics.X-CUBE-EEPRMA1.4.1.0
2023-09-08 14:28:08,776 [WARN] PackLoader:240 - Cannot read IP mode file for STMicroelectronics.X-CUBE-AI.8.1.0
2023-09-08 14:28:08,793 [WARN] ConditionMgr:438 - getConditionDescription Invalid condition id : LAN8742 Phy interface Condition cause : null
2023-09-08 14:28:08,794 [WARN] PackLoader:240 - Cannot read IP mode file for STMicroelectronics.X-CUBE-AZRTOS-L4.2.0.0
2023-09-08 14:28:08,795 [WARN] ConditionMgr:1039 - genDependencies : Invalid condition id : LAN8742 Phy interface Condition cause : null
2023-09-08 14:28:08,796 [WARN] ConditionMgr:1039 - genDependencies : Invalid condition id : LAN8742 Phy interface Condition cause : null
2023-09-08 14:28:08,796 [WARN] ConditionMgr:1039 - genDependencies : Invalid condition id : LAN8742 Phy interface Condition cause : null
2023-09-08 14:28:08,810 [WARN] PackLoader:240 - Cannot read IP mode file for STMicroelectronics.X-CUBE-SFXS2LP1.4.0.0
2023-09-08 14:28:08,837 [WARN] PackLoader:240 - Cannot read IP mode file for STMicroelectronics.X-CUBE-AZRTOS-H7.3.0.0
2023-09-08 14:28:08,847 [WARN] PackLoader:240 - Cannot read IP mode file for STMicroelectronics.X-CUBE-ISPU.1.1.0
2023-09-08 14:28:08,864 [WARN] PackLoader:240 - Cannot read IP mode file for RoweBots.I-CUBE-UNISONRTOS.5.5.0-4
2023-09-08 14:28:08,869 [WARN] PackLoader:240 - Cannot read IP mode file for STMicroelectronics.X-CUBE-AI.8.0.0
2023-09-08 14:28:08,884 [WARN] ConditionMgr:438 - getConditionDescription Invalid condition id : UX DEVICE CLASS RTOS Condition cause : null
2023-09-08 14:28:08,884 [WARN] ConditionMgr:438 - getConditionDescription Invalid condition id : UX DEVICE CLASS RTOS Condition cause : null
2023-09-08 14:28:08,886 [WARN] PackLoader:240 - Cannot read IP mode file for STMicroelectronics.X-CUBE-AZRTOS-WB.2.0.0
2023-09-08 14:28:08,887 [WARN] ConditionMgr:1039 - genDependencies : Invalid condition id : UX DEVICE CLASS RTOS Condition cause : null
2023-09-08 14:28:08,887 [WARN] ConditionMgr:1039 - genDependencies : Invalid condition id : UX DEVICE CLASS RTOS Condition cause : null
2023-09-08 14:28:08,888 [WARN] ConditionMgr:1039 - genDependencies : Invalid condition id : UX DEVICE CLASS RTOS Condition cause : null
2023-09-08 14:28:08,888 [WARN] ConditionMgr:1039 - genDependencies : Invalid condition id : UX DEVICE CLASS RTOS Condition cause : null
2023-09-08 14:28:08,888 [WARN] ConditionMgr:1039 - genDependencies : Invalid condition id : UX DEVICE CLASS RTOS Condition cause : null
2023-09-08 14:28:08,894 [WARN] PackLoader:240 - Cannot read IP mode file for STMicroelectronics.X-CUBE-FREERTOS.1.0.1
2023-09-08 14:28:08,909 [WARN] PackLoader:240 - Cannot read IP mode file for STMicroelectronics.X-CUBE-AZRTOS-L5.1.1.0
2023-09-08 14:28:08,914 [WARN] PackLoader:240 - Cannot read IP mode file for STMicroelectronics.X-CUBE-AI.8.0.1
2023-09-08 14:28:08,925 [WARN] PackLoader:240 - Cannot read IP mode file for STMicroelectronics.X-CUBE-SUBG2.5.0.0
2023-09-08 14:28:08,941 [WARN] PackLoader:240 - Cannot read IP mode file for STMicroelectronics.X-CUBE-TOF1.3.3.1
2023-09-08 14:28:09,068 [WARN] PackLoader:240 - Cannot read IP mode file for STMicroelectronics.X-CUBE-AZRTOS-G4.2.0.0
2023-09-08 14:28:09,083 [WARN] PackLoader:240 - Cannot read IP mode file for STMicroelectronics.X-CUBE-TOF1.3.3.0
2023-09-08 14:28:09,096 [WARN] PackLoader:240 - Cannot read IP mode file for STMicroelectronics.FP-ATR-ASTRA1.1.1.1
2023-09-08 14:28:09,111 [WARN] PackLoader:240 - Cannot read IP mode file for STMicroelectronics.X-CUBE-AZRTOS-G4.1.0.0
2023-09-08 14:28:09,132 [WARN] PackLoader:240 - Cannot read IP mode file for STMicroelectronics.X-CUBE-AZRTOS-L4.1.0.0
2023-09-08 14:28:09,139 [WARN] PackLoader:240 - Cannot read IP mode file for STMicroelectronics.X-CUBE-FREERTOS.1.1.0
2023-09-08 14:28:09,150 [WARN] PackLoader:240 - Cannot read IP mode file for STMicroelectronics.X-CUBE-AZRTOS-WL.1.0.0
2023-09-08 14:28:09,158 [WARN] PackLoader:240 - Cannot read IP mode file for portGmbH.I-Cube-SoM-uGOAL.1.1.0
2023-09-08 14:28:09,164 [WARN] PackLoader:240 - Cannot read IP mode file for STMicroelectronics.X-CUBE-ALS.1.0.1
2023-09-08 14:28:09,178 [WARN] PackLoader:240 - Cannot read IP mode file for STMicroelectronics.X-CUBE-AZRTOS-WB.1.1.0
2023-09-08 14:28:09,194 [WARN] PackLoader:240 - Cannot read IP mode file for STMicroelectronics.X-CUBE-AZRTOS-L5.1.0.0
2023-09-08 14:28:09,200 [WARN] PackLoader:240 - Cannot read IP mode file for STMicroelectronics.X-CUBE-EEPRMA1.3.1.1
2023-09-08 14:28:09,205 [WARN] PackLoader:240 - Cannot read IP mode file for STMicroelectronics.FP-ATR-ASTRA1.2.0.0
2023-09-08 14:28:09,206 [INFO] ThirdParty:978 - Integrity check success = true
2023-09-08 14:28:09,206 [INFO] IntegrityCheckThread:100 - exiting critical section [integrity check]
2023-09-08 14:28:09,206 [INFO] IntegrityCheckThread:103 - End integrity checks thread
2023-09-08 14:28:27,014 [ERROR] LogOutputStream:75 - [STDERR_REDIRECT] SLF4J: Failed to load class "org.slf4j.impl.StaticLoggerBinder".
2023-09-08 14:28:27,015 [ERROR] LogOutputStream:75 - [STDERR_REDIRECT] SLF4J: Defaulting to no-operation (NOP) logger implementation
2023-09-08 14:28:27,017 [ERROR] LogOutputStream:75 - [STDERR_REDIRECT] SLF4J: See http://www.slf4j.org/codes.html#StaticLoggerBinder for further details.
