2023-09-15 14:23:06,407 [INFO] Activator:176 - 


2023-09-15 14:23:06,415 [INFO] Activator:177 - !SESSION log4j initialized
2023-09-15 14:23:14,008 [INFO] LogOutputStream:77 - [STDOUT_REDIRECT] 
2023-09-15 14:23:17,892 [INFO] ApplicationProperties:184 - Using Application install path: C:\ST\STM32CubeIDE_1.10.1\STM32CubeIDE\plugins\com.st.stm32cube.common.mx_6.9.1.202307191849
2023-09-15 14:23:17,920 [INFO] DbMcusXml:78 - Set database path to: C:\ST\STM32CubeIDE_1.10.1\STM32CubeIDE\plugins\com.st.stm32cube.common.mx_6.9.1.202307191849\\db\/mcu/
2023-09-15 14:23:17,920 [INFO] ApiDb:274 - Set plugin database path to: C:\ST\STM32CubeIDE_1.10.1\STM32CubeIDE\plugins\com.st.stm32cube.common.mx_6.9.1.202307191849\\db\/plugins/boardmanager/
2023-09-15 14:23:17,921 [WARN] ApiDb:259 - Overriding images path with different value:  => C:\ST\STM32CubeIDE_1.10.1\STM32CubeIDE\plugins\com.st.stm32cube.common.mx_6.9.1.202307191849\\db\/plugins/mcufinder/images/
2023-09-15 14:23:17,943 [INFO] ApiDb:250 - Set database path to: C:\Users\alexa\.stmcufinder\plugins\mcufinder//mcu/
2023-09-15 14:23:17,944 [INFO] DbMcusAds:125 - Set database path to: C:\Users\alexa\.stmcufinder\plugins\mcufinder//mcu/
2023-09-15 14:23:17,947 [INFO] CrossReferenceDbSqlite:203 - Set database path to: C:\Users\alexa\.stmcufinder\plugins\mcufinder//mcu/cs/
2023-09-15 14:23:18,083 [INFO] RulesReader:64 - Compatibility file has been processed (293 Rules)
2023-09-15 14:23:18,206 [INFO] DbMcusXml:78 - Set database path to: C:\ST\STM32CubeIDE_1.10.1\STM32CubeIDE\plugins\com.st.stm32cube.common.mx_6.9.1.202307191849\\db\/mcu/
2023-09-15 14:23:18,206 [INFO] ApiDb:274 - Set plugin database path to: C:\ST\STM32CubeIDE_1.10.1\STM32CubeIDE\plugins\com.st.stm32cube.common.mx_6.9.1.202307191849\\db\/plugins/boardmanager/
2023-09-15 14:23:18,206 [INFO] ApiDb:261 - Set plugin images path to: C:\ST\STM32CubeIDE_1.10.1\STM32CubeIDE\plugins\com.st.stm32cube.common.mx_6.9.1.202307191849\\db\/plugins/mcufinder/images/
2023-09-15 14:23:18,206 [WARN] DbFile:41 - Overriding database path with different value: C:\Users\alexa\.stmcufinder\plugins\mcufinder/ => C:\Users\alexa\.stmcufinder\plugins\mcufinder
2023-09-15 14:23:18,206 [INFO] ApiDb:250 - Set database path to: C:\Users\alexa\.stmcufinder\plugins\mcufinder//mcu/
2023-09-15 14:23:18,206 [WARN] DbFile:41 - Overriding database path with different value: C:\Users\alexa\.stmcufinder\plugins\mcufinder/ => C:\Users\alexa\.stmcufinder\plugins\mcufinder
2023-09-15 14:23:18,206 [INFO] DbMcusAds:125 - Set database path to: C:\Users\alexa\.stmcufinder\plugins\mcufinder//mcu/
2023-09-15 14:23:18,207 [WARN] DbFile:41 - Overriding database path with different value: C:\Users\alexa\.stmcufinder\plugins\mcufinder/ => C:\Users\alexa\.stmcufinder\plugins\mcufinder
2023-09-15 14:23:18,207 [WARN] DbFile:41 - Overriding database path with different value: C:\Users\alexa\.stmcufinder\plugins\mcufinder/ => C:\Users\alexa\.stmcufinder\plugins\mcufinder
2023-09-15 14:23:18,207 [INFO] CrossReferenceDbSqlite:203 - Set database path to: C:\Users\alexa\.stmcufinder\plugins\mcufinder//mcu/cs/
2023-09-15 14:23:18,324 [INFO] MainPanel:262 - HeapMemory: 268435456
2023-09-15 14:23:18,470 [INFO] DbMcusXml:78 - Set database path to: C:\ST\STM32CubeIDE_1.10.1\STM32CubeIDE\plugins\com.st.stm32cube.common.mx_6.9.1.202307191849\\db\/mcu/
2023-09-15 14:23:18,470 [INFO] ApiDb:274 - Set plugin database path to: C:\ST\STM32CubeIDE_1.10.1\STM32CubeIDE\plugins\com.st.stm32cube.common.mx_6.9.1.202307191849\\db\/plugins/boardmanager/
2023-09-15 14:23:18,470 [INFO] ApiDb:261 - Set plugin images path to: C:\ST\STM32CubeIDE_1.10.1\STM32CubeIDE\plugins\com.st.stm32cube.common.mx_6.9.1.202307191849\\db\/plugins/mcufinder/images/
2023-09-15 14:23:18,471 [WARN] DbFile:41 - Overriding database path with different value: C:\Users\alexa\.stmcufinder\plugins\mcufinder/ => C:\Users\alexa\.stmcufinder\plugins\mcufinder
2023-09-15 14:23:18,471 [INFO] ApiDb:250 - Set database path to: C:\Users\alexa\.stmcufinder\plugins\mcufinder//mcu/
2023-09-15 14:23:18,472 [WARN] DbFile:41 - Overriding database path with different value: C:\Users\alexa\.stmcufinder\plugins\mcufinder/ => C:\Users\alexa\.stmcufinder\plugins\mcufinder
2023-09-15 14:23:18,472 [INFO] DbMcusAds:125 - Set database path to: C:\Users\alexa\.stmcufinder\plugins\mcufinder//mcu/
2023-09-15 14:23:18,472 [WARN] DbFile:41 - Overriding database path with different value: C:\Users\alexa\.stmcufinder\plugins\mcufinder/ => C:\Users\alexa\.stmcufinder\plugins\mcufinder
2023-09-15 14:23:18,472 [WARN] DbFile:41 - Overriding database path with different value: C:\Users\alexa\.stmcufinder\plugins\mcufinder/ => C:\Users\alexa\.stmcufinder\plugins\mcufinder
2023-09-15 14:23:18,472 [INFO] CrossReferenceDbSqlite:203 - Set database path to: C:\Users\alexa\.stmcufinder\plugins\mcufinder//mcu/cs/
2023-09-15 14:23:18,496 [INFO] ApplicationProperties:184 - Using Application install path: C:\ST\STM32CubeIDE_1.10.1\STM32CubeIDE\plugins\com.st.stm32cube.common.mx_6.9.1.202307191849
2023-09-15 14:23:18,498 [INFO] PluginManage:196 - Search for loadable plugins [exclusion list=, ]
2023-09-15 14:23:18,499 [INFO] PluginManage:310 - Check plugin analytics
2023-09-15 14:23:18,724 [INFO] AnalyticsPlugin:253 - Accepted Software Licenses: STM32CubeMX.6.8.1,STM32CubeMX.6.6.1,STM32CubeMX.6.9.1
2023-09-15 14:23:18,724 [INFO] AnalyticsPlugin:255 - Accepted CMSIS Pack Licenses: 
2023-09-15 14:23:18,725 [INFO] AnalyticsPlugin:257 - Accepted Firmware Licenses: FW.WB.1.16.0,FW.WB.1.17.0
2023-09-15 14:23:18,727 [INFO] PluginManage:359 - Loaded plugin analytics (category:tool,tabindex:-1)
2023-09-15 14:23:18,729 [INFO] PluginManage:310 - Check plugin cadmodel
2023-09-15 14:23:18,788 [INFO] CADModel:105 - Init CAD model plugin
2023-09-15 14:23:18,788 [INFO] PluginManage:359 - Loaded plugin cadmodel (category:power,tabindex:5)
2023-09-15 14:23:18,788 [INFO] PluginManage:310 - Check plugin clock
2023-09-15 14:23:18,813 [INFO] PluginManage:359 - Loaded plugin clock (category:base,tabindex:2)
2023-09-15 14:23:18,813 [INFO] PluginManage:310 - Check plugin ddr
2023-09-15 14:23:18,817 [INFO] PluginManage:359 - Loaded plugin ddr (category:tool,tabindex:6)
2023-09-15 14:23:18,817 [INFO] PluginManage:310 - Check plugin filemanager
2023-09-15 14:23:18,999 [INFO] PluginManage:359 - Loaded plugin filemanager (category:base,tabindex:10)
2023-09-15 14:23:18,999 [INFO] PluginManage:310 - Check plugin ipmanager
2023-09-15 14:23:19,008 [INFO] PluginManage:359 - Loaded plugin ipmanager (category:base,tabindex:5)
2023-09-15 14:23:19,008 [INFO] PluginManage:310 - Check plugin lpbam
2023-09-15 14:23:19,026 [INFO] PluginManage:359 - Loaded plugin lpbam (category:base,tabindex:0)
2023-09-15 14:23:19,026 [INFO] PluginManage:310 - Check plugin memorymap
2023-09-15 14:23:19,055 [INFO] PluginManage:359 - Loaded plugin memorymap (category:base,tabindex:4)
2023-09-15 14:23:19,055 [INFO] PluginManage:310 - Check plugin pinoutandconfiguration
2023-09-15 14:23:19,073 [INFO] PluginManage:359 - Loaded plugin pinoutandconfiguration (category:base,tabindex:1)
2023-09-15 14:23:19,074 [INFO] PluginManage:310 - Check plugin pinoutconfig
2023-09-15 14:23:19,187 [WARN] SupportedApi:132 - Cannot load RTOS API schema: s4s-elt-must-match.1: The content of 'definitions' must match (annotation?, (simpleType | complexType)?, (unique | key | keyref)*)). A problem was found starting at: attribute.
2023-09-15 14:23:19,369 [INFO] PluginManage:359 - Loaded plugin pinoutconfig (category:base,tabindex:0)
2023-09-15 14:23:19,369 [INFO] PluginManage:310 - Check plugin power
2023-09-15 14:23:19,394 [INFO] PluginManage:359 - Loaded plugin power (category:power,tabindex:4)
2023-09-15 14:23:19,394 [INFO] PluginManage:310 - Check plugin projectmanager
2023-09-15 14:23:19,409 [INFO] PluginManage:359 - Loaded plugin projectmanager (category:projectmanager,tabindex:3)
2023-09-15 14:23:19,410 [INFO] PluginManage:310 - Check plugin thirdparty
2023-09-15 14:23:19,729 [INFO] PluginManage:359 - Loaded plugin thirdparty (category:base,tabindex:-1)
2023-09-15 14:23:19,729 [INFO] PluginManage:310 - Check plugin tools
2023-09-15 14:23:19,729 [WARN] IntegrityCheckThread:84 - waiting for thirdparty lock release [integrity check]
2023-09-15 14:23:19,729 [INFO] IntegrityCheckThread:86 - entering critical section [integrity check]
2023-09-15 14:23:19,731 [INFO] ThirdPartyUpdaterWithRetryManager:70 - Updater plugin not ready yet. [1/15]
2023-09-15 14:23:19,763 [INFO] PluginManage:359 - Loaded plugin tools (category:base,tabindex:7)
2023-09-15 14:23:19,763 [INFO] PluginManage:310 - Check plugin tutovideos
2023-09-15 14:23:20,050 [INFO] PluginManage:359 - Loaded plugin tutovideos (category:base,tabindex:-1)
2023-09-15 14:23:20,050 [INFO] PluginManage:310 - Check plugin updater
2023-09-15 14:23:20,067 [INFO] PluginManage:359 - Loaded plugin updater (category:base,tabindex:12)
2023-09-15 14:23:20,068 [INFO] PluginManage:310 - Check plugin userauth
2023-09-15 14:23:20,076 [INFO] UserAuth:113 - Init User Auth plugin
2023-09-15 14:23:20,076 [INFO] PluginManage:359 - Loaded plugin userauth (category:base,tabindex:14)
2023-09-15 14:23:20,076 [INFO] PluginManage:283 - PluginManage : Loaded plugins [17]
2023-09-15 14:23:20,388 [INFO] PinOutPanel:1499 - setPackage(No Configuration,No Configuration)
2023-09-15 14:23:20,528 [INFO] CADModel:165 - CPN selected for project level
2023-09-15 14:23:20,528 [INFO] CADModel:114 - Register for checkConnection events
2023-09-15 14:23:20,560 [INFO] IPUIPlugin:80 - create IPUIPlugin
2023-09-15 14:23:20,560 [INFO] PluginManager:220 - loadIPPluginJar : add adc
2023-09-15 14:23:20,592 [INFO] IPUIPlugin:80 - create IPUIPlugin
2023-09-15 14:23:20,592 [INFO] PluginManager:220 - loadIPPluginJar : add aes
2023-09-15 14:23:20,630 [INFO] IPUIPlugin:80 - create IPUIPlugin
2023-09-15 14:23:20,630 [INFO] PluginManager:220 - loadIPPluginJar : add can
2023-09-15 14:23:20,653 [INFO] IPUIPlugin:80 - create IPUIPlugin
2023-09-15 14:23:20,653 [INFO] PluginManager:220 - loadIPPluginJar : add comp
2023-09-15 14:23:20,684 [INFO] IPUIPlugin:80 - create IPUIPlugin
2023-09-15 14:23:20,684 [INFO] PluginManager:220 - loadIPPluginJar : add cryp
2023-09-15 14:23:20,713 [INFO] IPUIPlugin:80 - create IPUIPlugin
2023-09-15 14:23:20,713 [INFO] PluginManager:220 - loadIPPluginJar : add dfsdm
2023-09-15 14:23:20,730 [INFO] IPUIPlugin:80 - create IPUIPlugin
2023-09-15 14:23:20,732 [INFO] PluginManager:220 - loadIPPluginJar : add dma
2023-09-15 14:23:20,772 [INFO] IPUIPlugin:80 - create IPUIPlugin
2023-09-15 14:23:20,772 [INFO] PluginManager:220 - loadIPPluginJar : add dma3
2023-09-15 14:23:20,793 [INFO] IPUIPlugin:80 - create IPUIPlugin
2023-09-15 14:23:20,793 [INFO] PluginManager:220 - loadIPPluginJar : add fatfs
2023-09-15 14:23:20,836 [INFO] IPUIPlugin:80 - create IPUIPlugin
2023-09-15 14:23:20,836 [INFO] PluginManager:220 - loadIPPluginJar : add fmc
2023-09-15 14:23:20,853 [INFO] IPUIPlugin:80 - create IPUIPlugin
2023-09-15 14:23:20,854 [INFO] PluginManager:220 - loadIPPluginJar : add freertos
2023-09-15 14:23:20,873 [INFO] IPUIPlugin:80 - create IPUIPlugin
2023-09-15 14:23:20,873 [INFO] PluginManager:220 - loadIPPluginJar : add genericplugin
2023-09-15 14:23:20,962 [INFO] IPUIPlugin:80 - create IPUIPlugin
2023-09-15 14:23:20,962 [INFO] PluginManager:220 - loadIPPluginJar : add gfxmmu
2023-09-15 14:23:21,089 [INFO] IPUIPlugin:80 - create IPUIPlugin
2023-09-15 14:23:21,089 [INFO] PluginManager:220 - loadIPPluginJar : add gic
2023-09-15 14:23:21,102 [INFO] IPUIPlugin:80 - create IPUIPlugin
2023-09-15 14:23:21,102 [INFO] PluginManager:220 - loadIPPluginJar : add gpio
2023-09-15 14:23:21,185 [INFO] IPUIPlugin:80 - create IPUIPlugin
2023-09-15 14:23:21,185 [INFO] PluginManager:220 - loadIPPluginJar : add gtzc
2023-09-15 14:23:21,216 [INFO] IPUIPlugin:80 - create IPUIPlugin
2023-09-15 14:23:21,216 [INFO] PluginManager:220 - loadIPPluginJar : add hash
2023-09-15 14:23:21,265 [INFO] IPUIPlugin:80 - create IPUIPlugin
2023-09-15 14:23:21,265 [INFO] PluginManager:220 - loadIPPluginJar : add i2c
2023-09-15 14:23:21,302 [INFO] IPUIPlugin:80 - create IPUIPlugin
2023-09-15 14:23:21,302 [INFO] PluginManager:220 - loadIPPluginJar : add i2s
2023-09-15 14:23:21,343 [INFO] IPUIPlugin:80 - create IPUIPlugin
2023-09-15 14:23:21,343 [INFO] PluginManager:220 - loadIPPluginJar : add i3c
2023-09-15 14:23:21,440 [INFO] IPUIPlugin:80 - create IPUIPlugin
2023-09-15 14:23:21,441 [INFO] PluginManager:220 - loadIPPluginJar : add ipddr
2023-09-15 14:23:21,529 [INFO] IPUIPlugin:80 - create IPUIPlugin
2023-09-15 14:23:21,529 [INFO] PluginManager:220 - loadIPPluginJar : add linkedlist
2023-09-15 14:23:21,563 [INFO] IPUIPlugin:80 - create IPUIPlugin
2023-09-15 14:23:21,563 [INFO] PluginManager:220 - loadIPPluginJar : add lorawan
2023-09-15 14:23:21,599 [INFO] IPUIPlugin:80 - create IPUIPlugin
2023-09-15 14:23:21,600 [INFO] PluginManager:220 - loadIPPluginJar : add ltdc
2023-09-15 14:23:21,617 [INFO] IPUIPlugin:80 - create IPUIPlugin
2023-09-15 14:23:21,617 [INFO] PluginManager:220 - loadIPPluginJar : add mdma
2023-09-15 14:23:21,630 [INFO] IPUIPlugin:80 - create IPUIPlugin
2023-09-15 14:23:21,630 [INFO] PluginManager:220 - loadIPPluginJar : add nvic
2023-09-15 14:23:21,667 [INFO] IPUIPlugin:80 - create IPUIPlugin
2023-09-15 14:23:21,667 [INFO] PluginManager:220 - loadIPPluginJar : add opamp
2023-09-15 14:23:21,725 [INFO] IPUIPlugin:80 - create IPUIPlugin
2023-09-15 14:23:21,725 [INFO] PluginManager:220 - loadIPPluginJar : add openamp
2023-09-15 14:23:21,767 [INFO] IPUIPlugin:80 - create IPUIPlugin
2023-09-15 14:23:21,767 [INFO] PluginManager:220 - loadIPPluginJar : add pdm2pcm
2023-09-15 14:23:21,783 [INFO] IPUIPlugin:80 - create IPUIPlugin
2023-09-15 14:23:21,785 [INFO] PluginManager:220 - loadIPPluginJar : add plateformsettings
2023-09-15 14:23:21,808 [INFO] IPUIPlugin:80 - create IPUIPlugin
2023-09-15 14:23:21,808 [INFO] PluginManager:220 - loadIPPluginJar : add quadspi
2023-09-15 14:23:21,823 [INFO] IPUIPlugin:80 - create IPUIPlugin
2023-09-15 14:23:21,823 [INFO] PluginManager:220 - loadIPPluginJar : add resmgrutility
2023-09-15 14:23:21,866 [INFO] IPUIPlugin:80 - create IPUIPlugin
2023-09-15 14:23:21,866 [INFO] PluginManager:220 - loadIPPluginJar : add sai
2023-09-15 14:23:21,901 [INFO] IPUIPlugin:80 - create IPUIPlugin
2023-09-15 14:23:21,901 [INFO] PluginManager:220 - loadIPPluginJar : add spi
2023-09-15 14:23:21,955 [INFO] IPUIPlugin:80 - create IPUIPlugin
2023-09-15 14:23:21,955 [INFO] PluginManager:220 - loadIPPluginJar : add stm32_wpan
2023-09-15 14:23:21,976 [INFO] IPUIPlugin:80 - create IPUIPlugin
2023-09-15 14:23:21,977 [INFO] PluginManager:220 - loadIPPluginJar : add tim
2023-09-15 14:23:22,027 [INFO] IPUIPlugin:80 - create IPUIPlugin
2023-09-15 14:23:22,027 [INFO] PluginManager:220 - loadIPPluginJar : add touchsensing
2023-09-15 14:23:22,049 [INFO] IPUIPlugin:80 - create IPUIPlugin
2023-09-15 14:23:22,049 [INFO] PluginManager:220 - loadIPPluginJar : add tracer_emb
2023-09-15 14:23:22,070 [INFO] IPUIPlugin:80 - create IPUIPlugin
2023-09-15 14:23:22,070 [INFO] PluginManager:220 - loadIPPluginJar : add ts
2023-09-15 14:23:22,090 [INFO] IPUIPlugin:80 - create IPUIPlugin
2023-09-15 14:23:22,091 [INFO] PluginManager:220 - loadIPPluginJar : add tsc
2023-09-15 14:23:22,113 [INFO] IPUIPlugin:80 - create IPUIPlugin
2023-09-15 14:23:22,113 [INFO] PluginManager:220 - loadIPPluginJar : add ucpd
2023-09-15 14:23:22,154 [INFO] IPUIPlugin:80 - create IPUIPlugin
2023-09-15 14:23:22,154 [INFO] PluginManager:220 - loadIPPluginJar : add usart
2023-09-15 14:23:22,194 [INFO] IPUIPlugin:80 - create IPUIPlugin
2023-09-15 14:23:22,194 [INFO] PluginManager:220 - loadIPPluginJar : add usbx
2023-09-15 14:23:22,322 [INFO] CADModel:165 - CPN selected for project level
2023-09-15 14:23:22,322 [INFO] CADModel:114 - Register for checkConnection events
2023-09-15 14:23:22,322 [FATAL] Updater:308 - Updater called before beeing initialized
2023-09-15 14:23:22,323 [ERROR] CADModel:125 - Updater not yet initialized, retry later 
2023-09-15 14:23:22,522 [INFO] CADModel:165 - CPN selected for project level
2023-09-15 14:23:22,522 [INFO] CADModel:114 - Register for checkConnection events
2023-09-15 14:23:22,522 [FATAL] Updater:308 - Updater called before beeing initialized
2023-09-15 14:23:22,522 [ERROR] CADModel:125 - Updater not yet initialized, retry later 
2023-09-15 14:23:22,526 [FATAL] Updater:308 - Updater called before beeing initialized
2023-09-15 14:23:22,644 [FATAL] Updater:308 - Updater called before beeing initialized
2023-09-15 14:23:22,656 [INFO] DbMcusAds:53 - JSON generation date=Tue Mar 07 09:50:55 CET 2023 (1678179055114)
2023-09-15 14:23:22,656 [FATAL] Updater:308 - Updater called before beeing initialized
2023-09-15 14:23:22,701 [WARN] DetailPanel:346 - Failed to get advertising image, set to default
2023-09-15 14:23:22,734 [INFO] ThirdPartyUpdaterWithRetryManager:70 - Updater plugin not ready yet. [2/15]
2023-09-15 14:23:22,790 [FATAL] Updater:308 - Updater called before beeing initialized
2023-09-15 14:23:22,792 [FATAL] Updater:308 - Updater called before beeing initialized
2023-09-15 14:23:22,792 [FATAL] Updater:308 - Updater called before beeing initialized
2023-09-15 14:23:22,792 [WARN] DetailPanel:346 - Failed to get advertising image, set to default
2023-09-15 14:23:22,794 [FATAL] Updater:308 - Updater called before beeing initialized
2023-09-15 14:23:22,855 [ERROR] Updater:1120 - MainUpdater not yet initialized. External WinMGr cannot be set.
2023-09-15 14:23:22,866 [INFO] Updater:1056 - Updater Version found : 6.9.1
2023-09-15 14:23:22,894 [INFO] ApplicationProperties:184 - Using Application install path: C:\ST\STM32CubeIDE_1.10.1\STM32CubeIDE\plugins\com.st.stm32cube.common.mx_6.9.1.202307191849
2023-09-15 14:23:23,376 [INFO] MainUpdater:2868 - connection check result : 10
2023-09-15 14:23:23,376 [INFO] MainUpdater:3562 - Updater definition file requires update
2023-09-15 14:23:23,377 [INFO] MainUpdater:285 - Updater Check For Update Now.
2023-09-15 14:23:23,377 [INFO] MicroXplorer:498 - Change Database Version : DB.6.0.91
2023-09-15 14:23:23,393 [INFO] McuFinderGlobals:63 - Set McuFinder mode to 2 (CubeIDE integrated)
2023-09-15 14:23:23,442 [INFO] ServerAccessManage:473 - Download File updaters.zip
2023-09-15 14:23:23,532 [INFO] FileExtend:240 - Unzip File : updaters.zip
2023-09-15 14:23:23,533 [INFO] FileExtend:255 - Standard Zip Deflate
2023-09-15 14:23:24,175 [INFO] ServerAccessManage:473 - Download File PacksControlFlags.xml
2023-09-15 14:23:24,299 [INFO] ServerAccessManage:473 - Download File cubemx.pidx
2023-09-15 14:23:24,627 [INFO] ServerAccessManage:473 - Download File STMicroelectronics.FP-SNS-SMARTAG2.pdsc
2023-09-15 14:23:25,030 [INFO] ServerAccessManage:473 - Download File STMicroelectronics.X-CUBE-NFC6.pdsc
2023-09-15 14:23:25,729 [WARN] PackLoader:240 - Cannot read IP mode file for STMicroelectronics.FP-SNS-SMARTAG2.1.2.0
2023-09-15 14:23:25,735 [WARN] MainUpdater:1189 - Updater busy. Cannot search thirdparties
2023-09-15 14:23:25,736 [INFO] ThirdPartyUpdaterWithRetryManager:96 - Updater plugin is busy. [1/15]
2023-09-15 14:23:25,745 [WARN] PackLoader:240 - Cannot read IP mode file for STMicroelectronics.X-CUBE-NFC6.3.0.0
2023-09-15 14:23:25,750 [INFO] PopulateThirdPartyThread:66 - Ending populate Thread
2023-09-15 14:23:25,752 [INFO] ThirdParty:1030 - CMSIS Pack Vendor :STMicroelectronics FP-SNS-SMARTAG2 1.2.0
2023-09-15 14:23:25,752 [INFO] ThirdParty:1030 - CMSIS Pack Vendor :STMicroelectronics X-CUBE-NFC6 3.0.0
2023-09-15 14:23:25,752 [INFO] LoadServerUpdatesThread:373 - End of LoadServerUpdate Thread
2023-09-15 14:23:25,842 [INFO] CheckServerUpdateThread:120 - End of CheckServer Thread
2023-09-15 14:23:28,919 [WARN] PackLoader:240 - Cannot read IP mode file for STMicroelectronics.X-CUBE-SMBUS.2.1.0
2023-09-15 14:23:28,957 [WARN] PackLoader:240 - Cannot read IP mode file for STMicroelectronics.X-CUBE-AZRTOS-F7.1.1.0
2023-09-15 14:23:28,973 [ERROR] RealEvaluatedCondition:428 - Found unsupported composite condition: CLASS='Data Exchange' GROUP='STM32_MetaDataManager'
2023-09-15 14:23:28,973 [ERROR] RealEvaluatedCondition:428 - Found unsupported composite condition: CLASS='Data Exchange' GROUP='STM32_MetaDataManager'
2023-09-15 14:23:28,974 [WARN] PackLoader:240 - Cannot read IP mode file for STMicroelectronics.FP-SNS-MOTENV1.4.3.0
2023-09-15 14:23:28,989 [WARN] PackLoader:240 - Cannot read IP mode file for STMicroelectronics.FP-SNS-MOTENV1.4.3.2
2023-09-15 14:23:29,002 [WARN] PackLoader:240 - Cannot read IP mode file for STMicroelectronics.FP-SNS-FLIGHT1.5.0.0
2023-09-15 14:23:29,014 [ERROR] RealEvaluatedCondition:428 - Found unsupported composite condition: GROUP='STM32_MetaDataManager' CLASS='Data Exchange'
2023-09-15 14:23:29,014 [ERROR] RealEvaluatedCondition:428 - Found unsupported composite condition: GROUP='STM32_MetaDataManager' CLASS='Data Exchange'
2023-09-15 14:23:29,015 [WARN] PackLoader:240 - Cannot read IP mode file for STMicroelectronics.FP-SNS-MOTENV1.4.3.1
2023-09-15 14:23:29,027 [WARN] PackLoader:240 - Cannot read IP mode file for STMicroelectronics.FP-SNS-FLIGHT1.5.0.1
2023-09-15 14:23:29,041 [WARN] PackLoader:240 - Cannot read IP mode file for STMicroelectronics.X-CUBE-BLE1.6.2.3
2023-09-15 14:23:29,054 [WARN] PackLoader:240 - Cannot read IP mode file for STMicroelectronics.X-CUBE-BLE1.6.2.4
2023-09-15 14:23:29,060 [WARN] PackLoader:240 - Cannot read IP mode file for STMicroelectronics.FP-SNS-FLIGHT1.5.0.2
2023-09-15 14:23:29,075 [WARN] PackLoader:240 - Cannot read IP mode file for STMicroelectronics.X-CUBE-DISPLAY.3.0.0
2023-09-15 14:23:29,091 [WARN] PackLoader:240 - Cannot read IP mode file for STMicroelectronics.X-CUBE-BLE1.7.0.0
2023-09-15 14:23:29,103 [WARN] PackLoader:240 - Cannot read IP mode file for emotas.I-CUBE-CANOPEN.1.3.0
2023-09-15 14:23:29,115 [WARN] PackLoader:240 - Cannot read IP mode file for STMicroelectronics.X-CUBE-TOUCHGFX.4.22.0
2023-09-15 14:23:29,163 [WARN] PackLoader:240 - Cannot read IP mode file for STMicroelectronics.X-CUBE-MEMS1.9.3.0
2023-09-15 14:23:29,267 [WARN] PackLoader:240 - Cannot read IP mode file for STMicroelectronics.FP-SNS-SMARTAG2.1.2.0
2023-09-15 14:23:29,289 [INFO] LogOutputStream:77 - [STDOUT_REDIRECT] 1 : Invalid condition id : UX_CORESTACK_Condition cause : null
2023-09-15 14:23:29,290 [INFO] LogOutputStream:77 - [STDOUT_REDIRECT] 1 : Invalid condition id : UX_CORESTACK_Condition cause : null
2023-09-15 14:23:29,291 [INFO] LogOutputStream:77 - [STDOUT_REDIRECT] 1 : Invalid condition id : UX_CORESTACK_Condition cause : null
2023-09-15 14:23:29,292 [INFO] LogOutputStream:77 - [STDOUT_REDIRECT] 1 : Invalid condition id : UX_CORESTACK_Condition cause : null
2023-09-15 14:23:29,293 [INFO] LogOutputStream:77 - [STDOUT_REDIRECT] 1 : Invalid condition id : UX_CORESTACK_Condition cause : null
2023-09-15 14:23:29,295 [WARN] PackLoader:240 - Cannot read IP mode file for STMicroelectronics.X-CUBE-AZRTOS-WL.2.0.0
2023-09-15 14:23:29,313 [WARN] PackLoader:240 - Cannot read IP mode file for WES.I-CUBE-Cesium.1.3.0
2023-09-15 14:23:29,327 [WARN] PackLoader:240 - Cannot read IP mode file for STMicroelectronics.X-CUBE-BLE2.3.3.0
2023-09-15 14:23:29,341 [WARN] PackLoader:240 - Cannot read IP mode file for STMicroelectronics.X-CUBE-DISPLAY.2.2.0
2023-09-15 14:23:29,362 [WARN] PackLoader:240 - Cannot read IP mode file for STMicroelectronics.X-CUBE-TOF1.3.2.0
2023-09-15 14:23:29,398 [WARN] PackLoader:240 - Cannot read IP mode file for STMicroelectronics.X-CUBE-AZRTOS-H7.2.1.0
2023-09-15 14:23:29,414 [WARN] PackLoader:240 - Cannot read IP mode file for STMicroelectronics.X-CUBE-TOUCHGFX.4.21.1
2023-09-15 14:23:29,427 [WARN] PackLoader:240 - Cannot read IP mode file for STMicroelectronics.X-CUBE-TOUCHGFX.4.21.0
2023-09-15 14:23:29,439 [WARN] PackLoader:240 - Cannot read IP mode file for STMicroelectronics.X-CUBE-TOUCHGFX.4.21.3
2023-09-15 14:23:29,455 [WARN] PackLoader:240 - Cannot read IP mode file for STMicroelectronics.X-CUBE-TOUCHGFX.4.21.4
2023-09-15 14:23:29,497 [WARN] PackLoader:240 - Cannot read IP mode file for STMicroelectronics.X-CUBE-MEMS1.9.4.0
2023-09-15 14:23:29,686 [WARN] PackLoader:240 - Cannot read IP mode file for STMicroelectronics.X-CUBE-AI.7.3.0
2023-09-15 14:23:29,708 [WARN] PackLoader:240 - Cannot read IP mode file for STMicroelectronics.X-CUBE-ALGOBUILD.1.3.0
2023-09-15 14:23:29,736 [WARN] PackLoader:240 - Cannot read IP mode file for STMicroelectronics.X-CUBE-AZRTOS-G0.1.1.0
2023-09-15 14:23:29,752 [WARN] PackLoader:240 - Cannot read IP mode file for STMicroelectronics.X-CUBE-NFC4.3.0.0
2023-09-15 14:23:29,790 [WARN] PackLoader:240 - Cannot read IP mode file for SEGGER.I-CUBE-embOS.1.2.1
2023-09-15 14:23:29,832 [WARN] PackLoader:240 - Cannot read IP mode file for STMicroelectronics.X-CUBE-BLEMGR.1.3.0
2023-09-15 14:23:29,840 [WARN] PackLoader:240 - Cannot read IP mode file for STMicroelectronics.FP-ATR-SIGFOX1.3.2.0
2023-09-15 14:23:29,853 [WARN] PackLoader:240 - Cannot read IP mode file for STMicroelectronics.X-CUBE-TOUCHGFX.4.20.0
2023-09-15 14:23:29,903 [WARN] PackLoader:240 - Cannot read IP mode file for STMicroelectronics.X-CUBE-MEMS1.9.5.0
2023-09-15 14:23:30,019 [WARN] PackLoader:240 - Cannot read IP mode file for SEGGER.I-CUBE-embOS.1.3.1
2023-09-15 14:23:30,054 [WARN] PackLoader:240 - Cannot read IP mode file for STMicroelectronics.X-CUBE-GNSS1.6.0.0
2023-09-15 14:23:30,081 [WARN] PackLoader:240 - Cannot read IP mode file for STMicroelectronics.X-CUBE-AZRTOS-F4.1.1.0
2023-09-15 14:23:30,104 [WARN] PackLoader:240 - Cannot read IP mode file for wolfSSL.I-CUBE-wolfSSL.5.6.3
2023-09-15 14:23:30,118 [WARN] PackLoader:240 - Cannot read IP mode file for STMicroelectronics.X-CUBE-BLEMGR.1.2.0
2023-09-15 14:23:30,148 [WARN] PackLoader:240 - Cannot read IP mode file for STMicroelectronics.X-CUBE-AZRTOS-L5.2.0.0
2023-09-15 14:23:30,194 [WARN] PackLoader:240 - Cannot read IP mode file for STMicroelectronics.X-CUBE-MEMS1.9.6.0
2023-09-15 14:23:30,294 [WARN] PackLoader:240 - Cannot read IP mode file for emotas.I-CUBE-CANOPEN.1.1.3
2023-09-15 14:23:30,318 [WARN] PackLoader:240 - Cannot read IP mode file for STMicroelectronics.X-CUBE-BLEMGR.2.0.0
2023-09-15 14:23:30,333 [WARN] PackLoader:240 - Cannot read IP mode file for STMicroelectronics.X-CUBE-NFC4.2.0.5
2023-09-15 14:23:30,347 [WARN] PackLoader:240 - Cannot read IP mode file for STMicroelectronics.X-CUBE-NFC4.2.0.4
2023-09-15 14:23:30,375 [WARN] ConditionMgr:438 - getConditionDescription Invalid condition id : UX DEVICE CLASS RTOS Condition cause : null
2023-09-15 14:23:30,375 [WARN] ConditionMgr:438 - getConditionDescription Invalid condition id : UX DEVICE CLASS RTOS Condition cause : null
2023-09-15 14:23:30,378 [WARN] PackLoader:240 - Cannot read IP mode file for STMicroelectronics.X-CUBE-AZRTOS-H7.3.1.0
2023-09-15 14:23:30,379 [WARN] ConditionMgr:1039 - genDependencies : Invalid condition id : UX DEVICE CLASS RTOS Condition cause : null
2023-09-15 14:23:30,379 [WARN] ConditionMgr:1039 - genDependencies : Invalid condition id : UX DEVICE CLASS RTOS Condition cause : null
2023-09-15 14:23:30,380 [WARN] ConditionMgr:1039 - genDependencies : Invalid condition id : UX DEVICE CLASS RTOS Condition cause : null
2023-09-15 14:23:30,380 [WARN] ConditionMgr:1039 - genDependencies : Invalid condition id : UX DEVICE CLASS RTOS Condition cause : null
2023-09-15 14:23:30,380 [WARN] ConditionMgr:1039 - genDependencies : Invalid condition id : UX DEVICE CLASS RTOS Condition cause : null
2023-09-15 14:23:30,392 [WARN] PackLoader:240 - Cannot read IP mode file for wolfSSL.I-CUBE-wolfSSL.5.5.3
2023-09-15 14:23:30,405 [WARN] PackLoader:240 - Cannot read IP mode file for STMicroelectronics.X-CUBE-NFC7.1.0.1
2023-09-15 14:23:30,418 [WARN] PackLoader:240 - Cannot read IP mode file for STMicroelectronics.X-CUBE-NFC7.1.0.0
2023-09-15 14:23:30,425 [WARN] PackLoader:240 - Cannot read IP mode file for STMicroelectronics.X-CUBE-NFC6.3.0.0
2023-09-15 14:23:30,439 [WARN] PackLoader:240 - Cannot read IP mode file for STMicroelectronics.X-CUBE-EEPRMA1.4.1.0
2023-09-15 14:23:30,452 [WARN] PackLoader:240 - Cannot read IP mode file for STMicroelectronics.X-CUBE-AI.8.1.0
2023-09-15 14:23:30,480 [WARN] ConditionMgr:438 - getConditionDescription Invalid condition id : LAN8742 Phy interface Condition cause : null
2023-09-15 14:23:30,481 [WARN] PackLoader:240 - Cannot read IP mode file for STMicroelectronics.X-CUBE-AZRTOS-L4.2.0.0
2023-09-15 14:23:30,482 [WARN] ConditionMgr:1039 - genDependencies : Invalid condition id : LAN8742 Phy interface Condition cause : null
2023-09-15 14:23:30,482 [WARN] ConditionMgr:1039 - genDependencies : Invalid condition id : LAN8742 Phy interface Condition cause : null
2023-09-15 14:23:30,482 [WARN] ConditionMgr:1039 - genDependencies : Invalid condition id : LAN8742 Phy interface Condition cause : null
2023-09-15 14:23:30,496 [WARN] PackLoader:240 - Cannot read IP mode file for STMicroelectronics.X-CUBE-SFXS2LP1.4.0.0
2023-09-15 14:23:30,526 [WARN] PackLoader:240 - Cannot read IP mode file for STMicroelectronics.X-CUBE-AZRTOS-H7.3.0.0
2023-09-15 14:23:30,541 [WARN] PackLoader:240 - Cannot read IP mode file for STMicroelectronics.X-CUBE-ISPU.1.1.0
2023-09-15 14:23:30,556 [WARN] PackLoader:240 - Cannot read IP mode file for RoweBots.I-CUBE-UNISONRTOS.5.5.0-4
2023-09-15 14:23:30,570 [WARN] PackLoader:240 - Cannot read IP mode file for STMicroelectronics.X-CUBE-AI.8.0.0
2023-09-15 14:23:30,593 [WARN] ConditionMgr:438 - getConditionDescription Invalid condition id : UX DEVICE CLASS RTOS Condition cause : null
2023-09-15 14:23:30,594 [WARN] ConditionMgr:438 - getConditionDescription Invalid condition id : UX DEVICE CLASS RTOS Condition cause : null
2023-09-15 14:23:30,595 [WARN] PackLoader:240 - Cannot read IP mode file for STMicroelectronics.X-CUBE-AZRTOS-WB.2.0.0
2023-09-15 14:23:30,596 [WARN] ConditionMgr:1039 - genDependencies : Invalid condition id : UX DEVICE CLASS RTOS Condition cause : null
2023-09-15 14:23:30,596 [WARN] ConditionMgr:1039 - genDependencies : Invalid condition id : UX DEVICE CLASS RTOS Condition cause : null
2023-09-15 14:23:30,596 [WARN] ConditionMgr:1039 - genDependencies : Invalid condition id : UX DEVICE CLASS RTOS Condition cause : null
2023-09-15 14:23:30,596 [WARN] ConditionMgr:1039 - genDependencies : Invalid condition id : UX DEVICE CLASS RTOS Condition cause : null
2023-09-15 14:23:30,596 [WARN] ConditionMgr:1039 - genDependencies : Invalid condition id : UX DEVICE CLASS RTOS Condition cause : null
2023-09-15 14:23:30,610 [WARN] PackLoader:240 - Cannot read IP mode file for STMicroelectronics.X-CUBE-FREERTOS.1.0.1
2023-09-15 14:23:30,635 [WARN] PackLoader:240 - Cannot read IP mode file for STMicroelectronics.X-CUBE-AZRTOS-L5.1.1.0
2023-09-15 14:23:30,648 [WARN] PackLoader:240 - Cannot read IP mode file for STMicroelectronics.X-CUBE-AI.8.0.1
2023-09-15 14:23:30,668 [WARN] PackLoader:240 - Cannot read IP mode file for STMicroelectronics.X-CUBE-SUBG2.5.0.0
2023-09-15 14:23:30,689 [WARN] PackLoader:240 - Cannot read IP mode file for STMicroelectronics.X-CUBE-TOF1.3.3.1
2023-09-15 14:23:30,716 [WARN] PackLoader:240 - Cannot read IP mode file for STMicroelectronics.X-CUBE-AZRTOS-G4.2.0.0
2023-09-15 14:23:30,736 [WARN] PackLoader:240 - Cannot read IP mode file for STMicroelectronics.X-CUBE-TOF1.3.3.0
2023-09-15 14:23:30,762 [WARN] PackLoader:240 - Cannot read IP mode file for STMicroelectronics.FP-ATR-ASTRA1.1.1.1
2023-09-15 14:23:30,788 [WARN] PackLoader:240 - Cannot read IP mode file for STMicroelectronics.X-CUBE-AZRTOS-G4.1.0.0
2023-09-15 14:23:30,827 [WARN] PackLoader:240 - Cannot read IP mode file for STMicroelectronics.X-CUBE-AZRTOS-L4.1.0.0
2023-09-15 14:23:30,843 [WARN] PackLoader:240 - Cannot read IP mode file for STMicroelectronics.X-CUBE-FREERTOS.1.1.0
2023-09-15 14:23:30,862 [WARN] PackLoader:240 - Cannot read IP mode file for STMicroelectronics.X-CUBE-AZRTOS-WL.1.0.0
2023-09-15 14:23:30,876 [WARN] PackLoader:240 - Cannot read IP mode file for portGmbH.I-Cube-SoM-uGOAL.1.1.0
2023-09-15 14:23:30,886 [WARN] PackLoader:240 - Cannot read IP mode file for STMicroelectronics.X-CUBE-ALS.1.0.1
2023-09-15 14:23:30,909 [WARN] PackLoader:240 - Cannot read IP mode file for STMicroelectronics.X-CUBE-AZRTOS-WB.1.1.0
2023-09-15 14:23:30,931 [WARN] PackLoader:240 - Cannot read IP mode file for STMicroelectronics.X-CUBE-AZRTOS-L5.1.0.0
2023-09-15 14:23:30,944 [WARN] PackLoader:240 - Cannot read IP mode file for STMicroelectronics.X-CUBE-EEPRMA1.3.1.1
2023-09-15 14:23:30,949 [WARN] PackLoader:240 - Cannot read IP mode file for STMicroelectronics.FP-ATR-ASTRA1.2.0.0
2023-09-15 14:23:30,949 [INFO] ThirdParty:978 - Integrity check success = true
2023-09-15 14:23:30,949 [INFO] IntegrityCheckThread:100 - exiting critical section [integrity check]
2023-09-15 14:23:30,949 [INFO] IntegrityCheckThread:103 - End integrity checks thread
2023-09-15 14:23:44,248 [ERROR] LogOutputStream:75 - [STDERR_REDIRECT] SLF4J: Failed to load class "org.slf4j.impl.StaticLoggerBinder".
2023-09-15 14:23:44,248 [ERROR] LogOutputStream:75 - [STDERR_REDIRECT] SLF4J: Defaulting to no-operation (NOP) logger implementation
2023-09-15 14:23:44,249 [ERROR] LogOutputStream:75 - [STDERR_REDIRECT] SLF4J: See http://www.slf4j.org/codes.html#StaticLoggerBinder for further details.
2023-09-15 14:27:50,760 [INFO] McuFinderGlobals:63 - Set McuFinder mode to 2 (CubeIDE integrated)
2023-09-15 14:27:55,047 [INFO] MainUpdater:2868 - connection check result : 10
2023-09-15 14:27:55,055 [INFO] MainUpdater:2868 - connection check result : 10
2023-09-15 14:27:55,277 [INFO] MicroXplorer:468 - Change Database Path : 
2023-09-15 14:27:55,277 [INFO] MicroXplorer:498 - Change Database Version : DB.6.0.91
2023-09-15 14:27:55,281 [WARN] ThirdParty:871 - waiting for thirdparty lock release [close project]
2023-09-15 14:27:55,282 [INFO] ThirdParty:873 - entering critical section [close project]
2023-09-15 14:27:55,282 [INFO] ThirdParty:883 - exiting critical section [close project]
2023-09-15 14:27:55,284 [INFO] PinOutPanel:1499 - setPackage(No Configuration,No Configuration)
2023-09-15 14:27:55,290 [INFO] UtilMem:75 - Begin LoadConfig() Used Memory: 550643192 Bytes (1073741824)
2023-09-15 14:27:55,292 [INFO] MicroXplorer:468 - Change Database Path : 
2023-09-15 14:27:55,292 [INFO] MicroXplorer:498 - Change Database Version : DB.6.0.91
2023-09-15 14:27:55,292 [INFO] OpenFileManager:308 - Change cursor
2023-09-15 14:27:55,329 [INFO] Mcu:1946 - Initializing MCU STM32WB55RGVx STM32WB55RGVx STM32WB55RGV6
2023-09-15 14:27:57,253 [INFO] Context:659 - Trying to add GPIOservice into a context  which must be forbidden
2023-09-15 14:27:58,076 [INFO] RtosManager:555 - Registered RTOS mode: class=CMSIS, group=RTOS, mode=CMSIS_V1, owner=FREERTOS
2023-09-15 14:27:58,076 [INFO] RtosManager:555 - Registered RTOS mode: class=CMSIS, group=RTOS2, mode=CMSIS_V2, owner=FREERTOS
2023-09-15 14:27:58,076 [INFO] RtosManager:555 - Registered RTOS mode: class=RTOS, group=Core, mode=CMSIS_V1, owner=FREERTOS
2023-09-15 14:27:58,076 [INFO] RtosManager:555 - Registered RTOS mode: class=RTOS, group=Core, mode=CMSIS_V2, owner=FREERTOS
2023-09-15 14:27:58,076 [WARN] ModelIntegratedComponent:184 - Missing modes for component STMicroelectronics:FreeRTOS:0.0.1:STMicroelectronics:RTOS:FreeRTOS:Core:::10.2.0:
2023-09-15 14:27:58,085 [WARN] ModelIntegratedComponent:63 - No mode defined for component null
2023-09-15 14:27:58,085 [WARN] ModelIntegratedComponent:63 - No mode defined for component null
2023-09-15 14:27:58,085 [WARN] ModelIntegratedComponent:63 - No mode defined for component null
2023-09-15 14:27:58,086 [WARN] ModelIntegratedComponent:63 - No mode defined for component null
2023-09-15 14:27:58,086 [WARN] ModelIntegratedComponent:63 - No mode defined for component null
2023-09-15 14:27:58,086 [WARN] ModelIntegratedComponent:63 - No mode defined for component null
2023-09-15 14:27:58,086 [WARN] ModelIntegratedComponent:63 - No mode defined for component null
2023-09-15 14:27:58,086 [WARN] ModelIntegratedComponent:63 - No mode defined for component null
2023-09-15 14:27:58,086 [WARN] ModelIntegratedComponent:63 - No mode defined for component null
2023-09-15 14:27:58,086 [WARN] ModelIntegratedComponent:63 - No mode defined for component null
2023-09-15 14:27:58,086 [WARN] ModelIntegratedComponent:63 - No mode defined for component null
2023-09-15 14:27:58,086 [WARN] ModelIntegratedComponent:63 - No mode defined for component null
2023-09-15 14:27:58,086 [WARN] ModelIntegratedComponent:63 - No mode defined for component null
2023-09-15 14:27:58,086 [WARN] ModelIntegratedComponent:63 - No mode defined for component null
2023-09-15 14:27:58,086 [WARN] ModelIntegratedComponent:63 - No mode defined for component null
2023-09-15 14:27:58,086 [WARN] ModelIntegratedComponent:63 - No mode defined for component null
2023-09-15 14:27:58,086 [WARN] ModelIntegratedComponent:63 - No mode defined for component null
2023-09-15 14:27:58,086 [WARN] ModelIntegratedComponent:63 - No mode defined for component null
2023-09-15 14:27:58,086 [WARN] ModelIntegratedComponent:63 - No mode defined for component null
2023-09-15 14:27:58,086 [WARN] ModelIntegratedComponent:63 - No mode defined for component null
2023-09-15 14:27:58,086 [WARN] ModelIntegratedComponent:63 - No mode defined for component null
2023-09-15 14:27:58,086 [WARN] ModelIntegratedComponent:63 - No mode defined for component null
2023-09-15 14:27:58,086 [WARN] ModelIntegratedComponent:63 - No mode defined for component null
2023-09-15 14:27:58,087 [WARN] ModelIntegratedComponent:63 - No mode defined for component null
2023-09-15 14:27:58,087 [WARN] ModelIntegratedComponent:63 - No mode defined for component null
2023-09-15 14:27:58,087 [WARN] ModelIntegratedComponent:63 - No mode defined for component null
2023-09-15 14:27:58,087 [WARN] ModelIntegratedComponent:63 - No mode defined for component null
2023-09-15 14:27:58,087 [WARN] ModelIntegratedComponent:63 - No mode defined for component null
2023-09-15 14:27:58,087 [WARN] ModelIntegratedComponent:63 - No mode defined for component null
2023-09-15 14:27:58,087 [WARN] ModelIntegratedComponent:63 - No mode defined for component null
2023-09-15 14:27:58,087 [WARN] ModelIntegratedComponent:63 - No mode defined for component null
2023-09-15 14:27:58,087 [WARN] ModelIntegratedComponent:63 - No mode defined for component null
2023-09-15 14:27:58,087 [WARN] ModelIntegratedComponent:63 - No mode defined for component null
2023-09-15 14:27:58,334 [INFO] ThirdPartyModel:298 - Start build external matchings
2023-09-15 14:27:59,678 [INFO] ThirdPartyModel:316 - End build external matchings
2023-09-15 14:27:59,727 [INFO] ImportTextPane:194 - (OptionalMessage_ERROR) IP (ADC1) : Parameter (CommonPathInternal) has invalid value (null|null|null|null)
2023-09-15 14:27:59,728 [INFO] ImportTextPane:194 - (OptionalMessage_ERROR) IP (RCC) : Invalid parameter (FamilyName)
2023-09-15 14:27:59,730 [INFO] ImportTextPane:194 - (OptionalMessage_ERROR) IP (RCC) : Invalid parameter (SMPSCLockSelectionVirtualVirtual)
2023-09-15 14:27:59,781 [WARN] IP:2114 - SERVICE2_UUID not found: check if there is a RefParameter without a condition.
2023-09-15 14:27:59,785 [WARN] IP:2114 - SERVICE3_UUID not found: check if there is a RefParameter without a condition.
2023-09-15 14:27:59,790 [WARN] IP:2114 - SERVICE4_UUID not found: check if there is a RefParameter without a condition.
2023-09-15 14:27:59,795 [WARN] IP:2114 - SERVICE5_UUID not found: check if there is a RefParameter without a condition.
2023-09-15 14:27:59,815 [INFO] ImportTextPane:194 - (OptionalMessage_ERROR) IP (STM32_WPAN) : Parameter (AD_SERVICE_CLASS_UUID_1_INV) has invalid value ([1A, 18])
2023-09-15 14:28:00,122 [INFO] UtilMem:75 - End LoadConfig() Used Memory: 717147320 Bytes (1073741824)
2023-09-15 14:28:00,251 [INFO] ApiDb:581 - Connected to CubeFinder SQLite database (C:\Users\alexa\.stmcufinder\plugins\mcufinder\mcu\cube-finder-db.db)
2023-09-15 14:28:00,335 [INFO] ApiDb:668 - CubeFinder database Data Model version=2.1
2023-09-15 14:28:00,335 [INFO] ApiDb:669 - CubeFinder database Configuration version=3.0.37
2023-09-15 14:28:00,336 [INFO] ApiDb:670 - CubeFinder database generation date=2023-08-09 (1691586011)
2023-09-15 14:28:00,336 [INFO] ApiDb:671 - CubeFinder database FW Pack versions=[FP-ATR-ASTRA1_V2.0.0, FP-SNS-FLIGHT1_V5.0.1, FP-SNS-FLIGHT1_V5.0.2, FP-SNS-MOTENV1_V4.3.1, FP-SNS-MOTENV1_V4.3.2, STM32Cube_FW_C0_V1.1.0, STM32Cube_FW_F4_V1.27.1, STM32Cube_FW_F7_V1.17.0, STM32Cube_FW_G0_V1.6.1, STM32Cube_FW_G4_V1.5.1, STM32Cube_FW_H5_V0.5.1, STM32Cube_FW_H5_V1.1.0, STM32Cube_FW_H7_V1.11.0, STM32Cube_FW_L0_V1.12.2, STM32Cube_FW_L5_V1.5.0, STM32Cube_FW_U5_V1.3.0, STM32Cube_FW_U5_V1.3.0RC4, STM32Cube_FW_WBA_V1.0.0RC1, STM32Cube_FW_WBA_V1.1.0, STM32Cube_FW_WBA_V1.1.0RC1, STM32Cube_FW_WB_V1.15.0RC1, STM32Cube_FW_WB_V1.16.0, STM32Cube_FW_WB_V1.16.0RC2, STM32Cube_FW_WB_V1.17.0, STM32Cube_FW_WL_V1.3.0, X-CUBE-ALGOBUILD_V1.3.0, X-CUBE-ALS_V1.0.1, X-CUBE-AZRTOS-F4_V1.1.0, X-CUBE-AZRTOS-F7_V1.1.0, X-CUBE-AZRTOS-G0_V1.1.0, X-CUBE-AZRTOS-G4_V2.0.0, X-CUBE-AZRTOS-H7_V3.1.0, X-CUBE-AZRTOS-L4_V1.0.0, X-CUBE-AZRTOS-L4_V2.0.0, X-CUBE-AZRTOS-L5_V1.1.0, X-CUBE-AZRTOS-WB_V1.1.0, X-CUBE-AZRTOS-WL_V2.0.0, X-CUBE-BLE1_V7.0.0, X-CUBE-BLE2_V3.3.0, X-CUBE-BLEMGR_V2.0.0, X-CUBE-EEPRMA1_V4.1.0, X-CUBE-FREERTOS_V1.1.0, X-CUBE-GNSS1_V6.0.0, X-CUBE-MEMS1_V9.1.0, X-CUBE-MEMS1_V9.4.0, X-CUBE-MEMS1_V9.6.0, X-CUBE-NFC4_V3.0.0, X-CUBE-NFC7_V1.0.0, X-CUBE-SFXS2LP1_V4.0.0, X-CUBE-SUBG2_V5.0.0, X-CUBE-TOF1_V3.3.1]
2023-09-15 14:28:03,012 [INFO] ApiDb:240 - Found 323 in-development CPN: [B-G473E-ZEST1S, B-WB1M-WPAN1, B-WL5M-SUBG1, NUCLEO-C031C6, NUCLEO-H503RB, NUCLEO-H563ZI, NUCLEO-U545RE-Q, NUCLEO-U5A5ZJ-Q, NUCLEO-WBA52CG, STEVAL-PROTEUS1, STEVAL-SMARTAG2, STEVAL-STWINBX1, STM320518-EVAL, STM32C0116-DK, STM32C011D6Y3TR, STM32C011D6Y6TR, STM32C011F4P3, STM32C011F4P6, STM32C011F4U3, STM32C011F4U6TR, STM32C011F6P3, STM32C011F6P6, STM32C011F6U3, STM32C011F6U6TR, STM32C011J4M3, STM32C011J4M6, STM32C011J6M3, STM32C011J6M6, STM32C0316-DK, STM32C031C4T3, STM32C031C4T6, STM32C031C4U3, STM32C031C4U6, STM32C031C6T3, STM32C031C6T6, STM32C031C6U3, STM32C031C6U6, STM32C031F4P3, STM32C031F4P6, STM32C031F6P3, STM32C031F6P6, STM32C031G4U3, STM32C031G4U6, STM32C031G6U3, STM32C031G6U6, STM32C031K4T3, STM32C031K4T6, STM32C031K4U3, STM32C031K4U6, STM32C031K6T3, STM32C031K6T6, STM32C031K6U3, STM32C031K6U6, STM32G071K8TXN, STM32G071K8UXN, STM32G081GBU6N, STM32G081KBT6N, STM32G081KBUXN, STM32G0B1CCT6N, STM32G0B1KCT6, STM32G0B1NEY6TR, STM32G0B1RCT6N, STM32G0C1CCT6, STM32G0C1CCT6N, STM32G0C1CCU6N, STM32G0C1CET6N, STM32G0C1CEU6N, STM32G0C1KCT6, STM32G0C1NEY6TR, STM32G0C1RCI6N, STM32G0C1RCT6N, STM32G0C1REI6N, STM32G0C1RET6N, STM32G0C1VCI6, STM32G0C1VEI6, STM32G471CCT6, STM32G471CCU6, STM32G471CET3, STM32G471CET6, STM32G471CEU3, STM32G471CEU6, STM32G471MCT6, STM32G471MET3, STM32G471MET6, STM32G471MEY6TR, STM32G471QCT6, STM32G471QET3, STM32G471RCT6, STM32G471RET3, STM32G471RET6, STM32G471VCH6, STM32G471VCI6, STM32G471VCT6, STM32G471VEH3, STM32G471VEH6, STM32G471VEI3, STM32G471VEI6, STM32G471VET3, STM32G471VET6, STM32G474CCT6, STM32H503CBT6, STM32H503CBU6, STM32H503EBY6TR, STM32H503KBU6, STM32H503RBT6, STM32H562AGI6, STM32H562AII6, STM32H562IGK6, STM32H562IGT6, STM32H562IIK6, STM32H562IIT6, STM32H562RGT6, STM32H562RGV6, STM32H562RIT6, STM32H562RIV6, STM32H562VGT6, STM32H562VIT6, STM32H562ZGT6, STM32H562ZIT6, STM32H563AGI6, STM32H563AII3Q, STM32H563AII6, STM32H563IGK6, STM32H563IGT6, STM32H563IIK3Q, STM32H563IIK6, STM32H563IIT3Q, STM32H563IIT6, STM32H563MIY3QTR, STM32H563RGT6, STM32H563RGV6, STM32H563RIT6, STM32H563RIV6, STM32H563VGT6, STM32H563VIT3Q, STM32H563VIT6, STM32H563ZGT6, STM32H563ZIT3Q, STM32H563ZIT6, STM32H573AII3Q, STM32H573AII6, STM32H573I-DK, STM32H573IIK3Q, STM32H573IIK6, STM32H573IIT3Q, STM32H573IIT6, STM32H573MIY3QTR, STM32H573RIT6, STM32H573RIV6, STM32H573VIT3Q, STM32H573VIT6, STM32H573ZIT3Q, STM32H573ZIT6, STM32L4R5QGI6STR, STM32MP131AAE3, STM32MP131AAF3, STM32MP131AAG3, STM32MP131CAE3, STM32MP131CAF3, STM32MP131CAG3, STM32MP131DAE7, STM32MP131DAF7, STM32MP131DAG7, STM32MP131FAE7, STM32MP131FAF7, STM32MP131FAG7, STM32MP133AAE3, STM32MP133AAF3, STM32MP133AAG3, STM32MP133CAE3, STM32MP133CAF3, STM32MP133CAG3, STM32MP133DAE7, STM32MP133DAF7, STM32MP133DAG7, STM32MP133FAE7, STM32MP133FAF7, STM32MP133FAG7, STM32MP135AAE3, STM32MP135AAF3, STM32MP135AAG3, STM32MP135CAE3, STM32MP135CAF3, STM32MP135CAG3, STM32MP135DAE7, STM32MP135DAF7, STM32MP135DAG7, STM32MP135F-DK, STM32MP135FAE7, STM32MP135FAF7, STM32MP135FAF7T, STM32MP135FAF7U, STM32MP135FAG7, STM32U535CBT6, STM32U535CBT6Q, STM32U535CBU6, STM32U535CBU6Q, STM32U535CCT6, STM32U535CCT6Q, STM32U535CCU6, STM32U535CCU6Q, STM32U535CET6, STM32U535CET6Q, STM32U535CEU6, STM32U535CEU6Q, STM32U535JEY6QTR, STM32U535NCY6QTR, STM32U535NEY6QTR, STM32U535RBI6, STM32U535RBI6Q, STM32U535RBT6, STM32U535RBT6Q, STM32U535RCI6, STM32U535RCI6Q, STM32U535RCT6, STM32U535RCT6Q, STM32U535REI6, STM32U535REI6Q, STM32U535RET6, STM32U535RET6Q, STM32U535VCI6, STM32U535VCI6Q, STM32U535VCT6, STM32U535VCT6Q, STM32U535VEI6, STM32U535VEI6Q, STM32U535VET6, STM32U535VET6Q, STM32U545CET6, STM32U545CET6Q, STM32U545CEU6, STM32U545CEU6Q, STM32U545JEY6QTR, STM32U545NEY6QTR, STM32U545REI6, STM32U545REI6Q, STM32U545RET6, STM32U545RET6Q, STM32U545VEI6, STM32U545VEI6Q, STM32U545VET6, STM32U545VET6Q, STM32U595AIH6, STM32U595AIH6Q, STM32U595AJH6, STM32U595AJH6Q, STM32U595QII6, STM32U595QII6Q, STM32U595QJI6, STM32U595QJI6Q, STM32U595RIT6, STM32U595RIT6Q, STM32U595RJT6, STM32U595RJT6Q, STM32U595VIT6, STM32U595VIT6Q, STM32U595VJT6, STM32U595VJT6Q, STM32U595ZIT6, STM32U595ZIT6Q, STM32U595ZIY6QTR, STM32U595ZJT6, STM32U595ZJT6Q, STM32U595ZJY6QTR, STM32U599BJY6QTR, STM32U599NIH6Q, STM32U599NJH6Q, STM32U599VIT6Q, STM32U599VJT6, STM32U599VJT6Q, STM32U599ZIT6Q, STM32U599ZIY6QTR, STM32U599ZJT6Q, STM32U599ZJY6QTR, STM32U5A5AJH6, STM32U5A5AJH6Q, STM32U5A5QJI6, STM32U5A5QJI6Q, STM32U5A5RJT6, STM32U5A5RJT6Q, STM32U5A5VJT6, STM32U5A5VJT6Q, STM32U5A5ZJT6, STM32U5A5ZJT6Q, STM32U5A5ZJY6QTR, STM32U5A9BJY6QTR, STM32U5A9J-DK, STM32U5A9NJH6Q, STM32U5A9VJT6Q, STM32U5A9ZJT6Q, STM32U5A9ZJY6QTR, STM32U5F7VIT6, STM32U5F7VIT6Q, STM32U5F7VJT6, STM32U5F7VJT6Q, STM32U5F9BJY6QTR, STM32U5F9NJH6Q, STM32U5F9VIT6Q, STM32U5F9VJT6Q, STM32U5F9ZIJ6QTR, STM32U5F9ZIT6Q, STM32U5F9ZJJ6QTR, STM32U5F9ZJT6Q, STM32U5G7VJT6, STM32U5G7VJT6Q, STM32U5G9BJY6QTR, STM32U5G9J-DK1, STM32U5G9J-DK2, STM32U5G9NJH6Q, STM32U5G9VJT6Q, STM32U5G9ZJJ6QTR, STM32U5G9ZJT6Q, STM32WB1MMCH6, STM32WBA52CEU6, STM32WBA52CEU6T, STM32WBA52CGU6, STM32WBA52CGU6T, STM32WBA52KEU6, STM32WBA52KEU6T, STM32WBA52KGU6, STM32WBA52KGU6T, STM32WL5MOCH6, STM32WL5MOCH6TR]
2023-09-15 14:28:03,016 [INFO] DbMcus:217 - Found 3848 MCUs, 3848 are supported
2023-09-15 14:28:03,018 [INFO] ApiDb:423 - Load user favorites file C:\Users\alexa/.stm32cubeide/favorites.mcus.txt: 0 item(s)
2023-09-15 14:28:03,019 [INFO] ApiDb:427 - User favorites MCUs=[]
2023-09-15 14:28:03,019 [INFO] DbMcus:223 - Set 0 / 0 favorites MCUs
2023-09-15 14:28:03,463 [WARN] ThirdParty:833 - waiting for thirdparty lock release [change project]
2023-09-15 14:28:03,463 [INFO] ThirdParty:835 - entering critical section [change project]
2023-09-15 14:28:03,463 [INFO] ThirdParty:1030 - CMSIS Pack Vendor :STMicroelectronics USBPD 4.1
2023-09-15 14:28:03,463 [INFO] ThirdParty:1030 - CMSIS Pack Vendor :STMicroelectronics X-CUBE-GNSS1 6.0.0
2023-09-15 14:28:03,463 [INFO] ThirdParty:1030 - CMSIS Pack Vendor :STMicroelectronics USB_HOST 2.0.0
2023-09-15 14:28:03,464 [INFO] ThirdParty:1030 - CMSIS Pack Vendor :STMicroelectronics X-CUBE-AZRTOS-F4 1.1.0
2023-09-15 14:28:03,464 [INFO] ThirdParty:1030 - CMSIS Pack Vendor :STMicroelectronics LIBJPEG 8.0.0
2023-09-15 14:28:03,464 [INFO] ThirdParty:1030 - CMSIS Pack Vendor :wolfSSL I-CUBE-wolfSSL 5.6.3
2023-09-15 14:28:03,464 [INFO] ThirdParty:1030 - CMSIS Pack Vendor :STMicroelectronics X-CUBE-SMBUS 2.1.0
2023-09-15 14:28:03,464 [INFO] ThirdParty:1030 - CMSIS Pack Vendor :STMicroelectronics X-CUBE-BLEMGR 1.2.0
2023-09-15 14:28:03,464 [INFO] ThirdParty:1030 - CMSIS Pack Vendor :STMicroelectronics X-CUBE-AZRTOS-F7 1.1.0
2023-09-15 14:28:03,464 [INFO] ThirdParty:1030 - CMSIS Pack Vendor :STMicroelectronics X-CUBE-AZRTOS-L5 2.0.0
2023-09-15 14:28:03,464 [INFO] ThirdParty:1030 - CMSIS Pack Vendor :STMicroelectronics USB_DEVICE 2.0.0
2023-09-15 14:28:03,464 [INFO] ThirdParty:1030 - CMSIS Pack Vendor :STMicroelectronics X-CUBE-MEMS1 9.6.0
2023-09-15 14:28:03,464 [INFO] ThirdParty:1030 - CMSIS Pack Vendor :STMicroelectronics FP-SNS-MOTENV1 4.3.0
2023-09-15 14:28:03,464 [INFO] ThirdParty:1030 - CMSIS Pack Vendor :STMicroelectronics FP-SNS-MOTENV1 4.3.2
2023-09-15 14:28:03,464 [INFO] ThirdParty:1030 - CMSIS Pack Vendor :STMicroelectronics FP-SNS-FLIGHT1 5.0.0
2023-09-15 14:28:03,464 [INFO] ThirdParty:1030 - CMSIS Pack Vendor :STMicroelectronics FP-SNS-MOTENV1 4.3.1
2023-09-15 14:28:03,465 [INFO] ThirdParty:1030 - CMSIS Pack Vendor :STMicroelectronics FP-SNS-FLIGHT1 5.0.1
2023-09-15 14:28:03,465 [INFO] ThirdParty:1030 - CMSIS Pack Vendor :STMicroelectronics X-CUBE-BLE1 6.2.3
2023-09-15 14:28:03,465 [INFO] ThirdParty:1030 - CMSIS Pack Vendor :STMicroelectronics X-CUBE-BLE1 6.2.4
2023-09-15 14:28:03,465 [INFO] ThirdParty:1030 - CMSIS Pack Vendor :STMicroelectronics FreeRTOS 0.0.1
2023-09-15 14:28:03,465 [INFO] ThirdParty:1030 - CMSIS Pack Vendor :emotas I-CUBE-CANOPEN 1.1.3
2023-09-15 14:28:03,465 [INFO] ThirdParty:1030 - CMSIS Pack Vendor :STMicroelectronics X-CUBE-BLEMGR 2.0.0
2023-09-15 14:28:03,465 [INFO] ThirdParty:1030 - CMSIS Pack Vendor :STMicroelectronics FP-SNS-FLIGHT1 5.0.2
2023-09-15 14:28:03,465 [INFO] ThirdParty:1030 - CMSIS Pack Vendor :STMicroelectronics X-CUBE-NFC4 2.0.5
2023-09-15 14:28:03,465 [INFO] ThirdParty:1030 - CMSIS Pack Vendor :STMicroelectronics X-CUBE-NFC4 2.0.4
2023-09-15 14:28:03,465 [INFO] ThirdParty:1030 - CMSIS Pack Vendor :STMicroelectronics X-CUBE-AZRTOS-H7 3.1.0
2023-09-15 14:28:03,465 [INFO] ThirdParty:1030 - CMSIS Pack Vendor :STMicroelectronics PDM2PCM 3.3.0
2023-09-15 14:28:03,465 [INFO] ThirdParty:1030 - CMSIS Pack Vendor :STMicroelectronics X-CUBE-DISPLAY 3.0.0
2023-09-15 14:28:03,465 [INFO] ThirdParty:1030 - CMSIS Pack Vendor :wolfSSL I-CUBE-wolfSSL 5.5.3
2023-09-15 14:28:03,465 [INFO] ThirdParty:1030 - CMSIS Pack Vendor :STMicroelectronics X-CUBE-BLE1 7.0.0
2023-09-15 14:28:03,465 [INFO] ThirdParty:1030 - CMSIS Pack Vendor :STMicroelectronics HAL Drivers 0.0.0
2023-09-15 14:28:03,465 [INFO] ThirdParty:1030 - CMSIS Pack Vendor :emotas I-CUBE-CANOPEN 1.3.0
2023-09-15 14:28:03,465 [INFO] ThirdParty:1030 - CMSIS Pack Vendor :STMicroelectronics X-CUBE-TOUCHGFX 4.22.0
2023-09-15 14:28:03,466 [INFO] ThirdParty:1030 - CMSIS Pack Vendor :STMicroelectronics X-CUBE-NFC7 1.0.1
2023-09-15 14:28:03,466 [INFO] ThirdParty:1030 - CMSIS Pack Vendor :STMicroelectronics MBEDTLS 2.14.1
2023-09-15 14:28:03,466 [INFO] ThirdParty:1030 - CMSIS Pack Vendor :STMicroelectronics X-CUBE-NFC7 1.0.0
2023-09-15 14:28:03,466 [INFO] ThirdParty:1030 - CMSIS Pack Vendor :STMicroelectronics X-CUBE-NFC6 3.0.0
2023-09-15 14:28:03,466 [INFO] ThirdParty:1030 - CMSIS Pack Vendor :STMicroelectronics X-CUBE-MEMS1 9.3.0
2023-09-15 14:28:03,466 [INFO] ThirdParty:1030 - CMSIS Pack Vendor :STMicroelectronics X-CUBE-EEPRMA1 4.1.0
2023-09-15 14:28:03,466 [INFO] ThirdParty:1030 - CMSIS Pack Vendor :STMicroelectronics FP-SNS-SMARTAG2 1.2.0
2023-09-15 14:28:03,466 [INFO] ThirdParty:1030 - CMSIS Pack Vendor :STMicroelectronics X-CUBE-AZRTOS-WL 2.0.0
2023-09-15 14:28:03,466 [INFO] ThirdParty:1030 - CMSIS Pack Vendor :STMicroelectronics USB_DEVICE 1.0.0
2023-09-15 14:28:03,466 [INFO] ThirdParty:1030 - CMSIS Pack Vendor :STMicroelectronics X-CUBE-AI 8.1.0
2023-09-15 14:28:03,466 [INFO] ThirdParty:1030 - CMSIS Pack Vendor :STMicroelectronics X-CUBE-AZRTOS-L4 2.0.0
2023-09-15 14:28:03,466 [INFO] ThirdParty:1030 - CMSIS Pack Vendor :STMicroelectronics ThreadX 0.0.2
2023-09-15 14:28:03,466 [INFO] ThirdParty:1030 - CMSIS Pack Vendor :WES I-CUBE-Cesium 1.3.0
2023-09-15 14:28:03,466 [INFO] ThirdParty:1030 - CMSIS Pack Vendor :STMicroelectronics lwIP 2.1.2
2023-09-15 14:28:03,466 [INFO] ThirdParty:1030 - CMSIS Pack Vendor :STMicroelectronics X-CUBE-SFXS2LP1 4.0.0
2023-09-15 14:28:03,466 [INFO] ThirdParty:1030 - CMSIS Pack Vendor :STMicroelectronics X-CUBE-BLE2 3.3.0
2023-09-15 14:28:03,466 [INFO] ThirdParty:1030 - CMSIS Pack Vendor :STMicroelectronics X-CUBE-DISPLAY 2.2.0
2023-09-15 14:28:03,466 [INFO] ThirdParty:1030 - CMSIS Pack Vendor :STMicroelectronics X-CUBE-TOF1 3.2.0
2023-09-15 14:28:03,466 [INFO] ThirdParty:1030 - CMSIS Pack Vendor :STMicroelectronics PDM2PCM 3.2.0
2023-09-15 14:28:03,466 [INFO] ThirdParty:1030 - CMSIS Pack Vendor :STMicroelectronics X-CUBE-AZRTOS-H7 3.0.0
2023-09-15 14:28:03,466 [INFO] ThirdParty:1030 - CMSIS Pack Vendor :STMicroelectronics X-CUBE-ISPU 1.1.0
2023-09-15 14:28:03,466 [INFO] ThirdParty:1030 - CMSIS Pack Vendor :RoweBots I-CUBE-UNISONRTOS 5.5.0-4
2023-09-15 14:28:03,466 [INFO] ThirdParty:1030 - CMSIS Pack Vendor :STMicroelectronics X-CUBE-AZRTOS-H7 2.1.0
2023-09-15 14:28:03,466 [INFO] ThirdParty:1030 - CMSIS Pack Vendor :STMicroelectronics USB_DEVICE 3.0.0
2023-09-15 14:28:03,466 [INFO] ThirdParty:1030 - CMSIS Pack Vendor :STMicroelectronics X-CUBE-AI 8.0.0
2023-09-15 14:28:03,466 [INFO] ThirdParty:1030 - CMSIS Pack Vendor :STMicroelectronics X-CUBE-AZRTOS-WB 2.0.0
2023-09-15 14:28:03,466 [INFO] ThirdParty:1030 - CMSIS Pack Vendor :STMicroelectronics X-CUBE-FREERTOS 1.0.1
2023-09-15 14:28:03,466 [INFO] ThirdParty:1030 - CMSIS Pack Vendor :STMicroelectronics X-CUBE-TOUCHGFX 4.21.1
2023-09-15 14:28:03,466 [INFO] ThirdParty:1030 - CMSIS Pack Vendor :STMicroelectronics X-CUBE-TOUCHGFX 4.21.0
2023-09-15 14:28:03,466 [INFO] ThirdParty:1030 - CMSIS Pack Vendor :STMicroelectronics X-CUBE-TOUCHGFX 4.21.3
2023-09-15 14:28:03,467 [INFO] ThirdParty:1030 - CMSIS Pack Vendor :STMicroelectronics X-CUBE-TOUCHGFX 4.21.4
2023-09-15 14:28:03,467 [INFO] ThirdParty:1030 - CMSIS Pack Vendor :STMicroelectronics X-CUBE-MEMS1 9.4.0
2023-09-15 14:28:03,467 [INFO] ThirdParty:1030 - CMSIS Pack Vendor :STMicroelectronics X-CUBE-AI 7.3.0
2023-09-15 14:28:03,467 [INFO] ThirdParty:1030 - CMSIS Pack Vendor :STMicroelectronics X-CUBE-ALGOBUILD 1.3.0
2023-09-15 14:28:03,467 [INFO] ThirdParty:1030 - CMSIS Pack Vendor :STMicroelectronics X-CUBE-AZRTOS-L5 1.1.0
2023-09-15 14:28:03,467 [INFO] ThirdParty:1030 - CMSIS Pack Vendor :STMicroelectronics X-CUBE-AZRTOS-G0 1.1.0
2023-09-15 14:28:03,467 [INFO] ThirdParty:1030 - CMSIS Pack Vendor :STMicroelectronics X-CUBE-AI 8.0.1
2023-09-15 14:28:03,467 [INFO] ThirdParty:1030 - CMSIS Pack Vendor :STMicroelectronics X-CUBE-NFC4 3.0.0
2023-09-15 14:28:03,467 [INFO] ThirdParty:1030 - CMSIS Pack Vendor :STMicroelectronics X-CUBE-SUBG2 5.0.0
2023-09-15 14:28:03,467 [INFO] ThirdParty:1030 - CMSIS Pack Vendor :STMicroelectronics STM32_WPAN 1.0.0
2023-09-15 14:28:03,467 [INFO] ThirdParty:1030 - CMSIS Pack Vendor :SEGGER I-CUBE-embOS 1.2.1
2023-09-15 14:28:03,467 [INFO] ThirdParty:1030 - CMSIS Pack Vendor :STMicroelectronics lwIP 2.0.3
2023-09-15 14:28:03,467 [INFO] ThirdParty:1030 - CMSIS Pack Vendor :STMicroelectronics USB_HOST 1.0.0
2023-09-15 14:28:03,467 [INFO] ThirdParty:1030 - CMSIS Pack Vendor :STMicroelectronics X-CUBE-TOF1 3.3.1
2023-09-15 14:28:03,467 [INFO] ThirdParty:1030 - CMSIS Pack Vendor :STMicroelectronics X-CUBE-AZRTOS-G4 2.0.0
2023-09-15 14:28:03,467 [INFO] ThirdParty:1030 - CMSIS Pack Vendor :STMicroelectronics PDM2PCM 3.1.0
2023-09-15 14:28:03,467 [INFO] ThirdParty:1030 - CMSIS Pack Vendor :STMicroelectronics X-CUBE-TOF1 3.3.0
2023-09-15 14:28:03,467 [INFO] ThirdParty:1030 - CMSIS Pack Vendor :STMicroelectronics FP-ATR-ASTRA1 1.1.1
2023-09-15 14:28:03,467 [INFO] ThirdParty:1030 - CMSIS Pack Vendor :STMicroelectronics X-CUBE-BLEMGR 1.3.0
2023-09-15 14:28:03,467 [INFO] ThirdParty:1030 - CMSIS Pack Vendor :STMicroelectronics FP-ATR-SIGFOX1 3.2.0
2023-09-15 14:28:03,467 [INFO] ThirdParty:1030 - CMSIS Pack Vendor :STMicroelectronics X-CUBE-AZRTOS-G4 1.0.0
2023-09-15 14:28:03,467 [INFO] ThirdParty:1030 - CMSIS Pack Vendor :STMicroelectronics X-CUBE-AZRTOS-L4 1.0.0
2023-09-15 14:28:03,467 [INFO] ThirdParty:1030 - CMSIS Pack Vendor :STMicroelectronics MBEDTLS 2.16.2
2023-09-15 14:28:03,467 [INFO] ThirdParty:1030 - CMSIS Pack Vendor :STMicroelectronics X-CUBE-TOUCHGFX 4.20.0
2023-09-15 14:28:03,467 [INFO] ThirdParty:1030 - CMSIS Pack Vendor :STMicroelectronics X-CUBE-FREERTOS 1.1.0
2023-09-15 14:28:03,467 [INFO] ThirdParty:1030 - CMSIS Pack Vendor :STMicroelectronics X-CUBE-AZRTOS-WL 1.0.0
2023-09-15 14:28:03,467 [INFO] ThirdParty:1030 - CMSIS Pack Vendor :portGmbH I-Cube-SoM-uGOAL 1.1.0
2023-09-15 14:28:03,467 [INFO] ThirdParty:1030 - CMSIS Pack Vendor :STMicroelectronics X-CUBE-ALS 1.0.1
2023-09-15 14:28:03,467 [INFO] ThirdParty:1030 - CMSIS Pack Vendor :STMicroelectronics X-CUBE-MEMS1 9.5.0
2023-09-15 14:28:03,467 [INFO] ThirdParty:1030 - CMSIS Pack Vendor :STMicroelectronics ThreadX 1.0.0
2023-09-15 14:28:03,467 [INFO] ThirdParty:1030 - CMSIS Pack Vendor :STMicroelectronics X-CUBE-AZRTOS-WB 1.1.0
2023-09-15 14:28:03,467 [INFO] ThirdParty:1030 - CMSIS Pack Vendor :SEGGER I-CUBE-embOS 1.3.1
2023-09-15 14:28:03,468 [INFO] ThirdParty:1030 - CMSIS Pack Vendor :STMicroelectronics X-CUBE-AZRTOS-L5 1.0.0
2023-09-15 14:28:03,468 [INFO] ThirdParty:1030 - CMSIS Pack Vendor :STMicroelectronics X-CUBE-EEPRMA1 3.1.1
2023-09-15 14:28:03,468 [INFO] ThirdParty:1030 - CMSIS Pack Vendor :STMicroelectronics FP-ATR-ASTRA1 2.0.0
2023-09-15 14:28:03,468 [INFO] ThirdParty:841 - exiting critical section [change project]
2023-09-15 14:28:04,372 [INFO] PinOutPanel:1499 - setPackage(No Configuration,No Configuration)
2023-09-15 14:28:04,373 [INFO] PinOutPanel:1499 - setPackage(STM32WB55RGVx,VFQFPN68)
2023-09-15 14:28:05,225 [INFO] UtilMem:75 - Before build in PCC Used Memory: 648878904 Bytes (1073741824)
2023-09-15 14:28:06,660 [INFO] UtilMem:75 - After build in PCC Used Memory: 754707720 Bytes (1073741824)
2023-09-15 14:28:06,954 [INFO] ApiDbMcu:507 - Load IP Config File for STM32_WPAN
2023-09-15 14:28:06,994 [INFO] IPUIPlugin:80 - create IPUIPlugin
2023-09-15 14:28:06,994 [INFO] IPUIPlugin:80 - create IPUIPlugin
2023-09-15 14:28:06,994 [INFO] IPUIPlugin:80 - create IPUIPlugin
2023-09-15 14:28:06,994 [INFO] IPUIPlugin:80 - create IPUIPlugin
2023-09-15 14:28:06,994 [INFO] IPUIPlugin:80 - create IPUIPlugin
2023-09-15 14:28:06,995 [INFO] IPUIPlugin:80 - create IPUIPlugin
2023-09-15 14:28:06,995 [INFO] IPUIPlugin:80 - create IPUIPlugin
2023-09-15 14:28:06,995 [INFO] IPUIPlugin:80 - create IPUIPlugin
2023-09-15 14:28:06,995 [INFO] IPUIPlugin:80 - create IPUIPlugin
2023-09-15 14:28:06,995 [INFO] IPUIPlugin:80 - create IPUIPlugin
2023-09-15 14:28:06,995 [INFO] IPUIPlugin:80 - create IPUIPlugin
2023-09-15 14:28:06,995 [INFO] IPUIPlugin:80 - create IPUIPlugin
2023-09-15 14:28:06,995 [INFO] IPUIPlugin:80 - create IPUIPlugin
2023-09-15 14:28:06,995 [INFO] IPUIPlugin:80 - create IPUIPlugin
2023-09-15 14:28:06,995 [INFO] IPUIPlugin:80 - create IPUIPlugin
2023-09-15 14:28:06,996 [INFO] IPUIPlugin:80 - create IPUIPlugin
2023-09-15 14:28:06,996 [INFO] IPUIPlugin:80 - create IPUIPlugin
2023-09-15 14:28:06,996 [INFO] IPUIPlugin:80 - create IPUIPlugin
2023-09-15 14:28:06,996 [INFO] IPUIPlugin:80 - create IPUIPlugin
2023-09-15 14:28:06,997 [INFO] IPUIPlugin:80 - create IPUIPlugin
2023-09-15 14:28:06,997 [INFO] IPUIPlugin:80 - create IPUIPlugin
2023-09-15 14:28:06,997 [INFO] IPUIPlugin:80 - create IPUIPlugin
2023-09-15 14:28:06,997 [INFO] IPUIPlugin:80 - create IPUIPlugin
2023-09-15 14:28:06,997 [INFO] IPUIPlugin:80 - create IPUIPlugin
2023-09-15 14:28:06,997 [INFO] IPUIPlugin:80 - create IPUIPlugin
2023-09-15 14:28:06,998 [INFO] IPUIPlugin:80 - create IPUIPlugin
2023-09-15 14:28:06,998 [INFO] IPUIPlugin:80 - create IPUIPlugin
2023-09-15 14:28:06,998 [INFO] IPUIPlugin:80 - create IPUIPlugin
2023-09-15 14:28:06,998 [INFO] IPUIPlugin:80 - create IPUIPlugin
2023-09-15 14:28:06,999 [INFO] IPUIPlugin:80 - create IPUIPlugin
2023-09-15 14:28:06,999 [INFO] IPUIPlugin:80 - create IPUIPlugin
2023-09-15 14:28:07,000 [INFO] IPUIPlugin:80 - create IPUIPlugin
2023-09-15 14:28:07,000 [INFO] IPUIPlugin:80 - create IPUIPlugin
2023-09-15 14:28:07,000 [INFO] IPUIPlugin:80 - create IPUIPlugin
2023-09-15 14:28:07,000 [INFO] IPUIPlugin:80 - create IPUIPlugin
2023-09-15 14:28:07,000 [INFO] IPUIPlugin:80 - create IPUIPlugin
2023-09-15 14:28:07,000 [INFO] IPUIPlugin:80 - create IPUIPlugin
2023-09-15 14:28:07,000 [INFO] IPUIPlugin:80 - create IPUIPlugin
2023-09-15 14:28:07,002 [INFO] IPUIPlugin:80 - create IPUIPlugin
2023-09-15 14:28:07,002 [INFO] IPUIPlugin:80 - create IPUIPlugin
2023-09-15 14:28:07,002 [INFO] IPUIPlugin:80 - create IPUIPlugin
2023-09-15 14:28:07,002 [INFO] IPUIPlugin:80 - create IPUIPlugin
2023-09-15 14:28:07,002 [INFO] IPUIPlugin:80 - create IPUIPlugin
2023-09-15 14:28:07,003 [INFO] IPUIPlugin:80 - create IPUIPlugin
2023-09-15 14:28:07,003 [INFO] IPUIPlugin:80 - create IPUIPlugin
2023-09-15 14:28:07,075 [WARN] IP:2114 - SERVICE2_UUID not found: check if there is a RefParameter without a condition.
2023-09-15 14:28:07,080 [WARN] IP:2114 - SERVICE3_UUID not found: check if there is a RefParameter without a condition.
2023-09-15 14:28:07,083 [WARN] IP:2114 - SERVICE4_UUID not found: check if there is a RefParameter without a condition.
2023-09-15 14:28:07,088 [WARN] IP:2114 - SERVICE5_UUID not found: check if there is a RefParameter without a condition.
2023-09-15 14:28:07,515 [INFO] CADModel:165 - CPN selected for project levelSTM32WB55RGV6
2023-09-15 14:28:07,515 [INFO] CADModel:114 - Register for checkConnection events
2023-09-15 14:28:07,578 [INFO] OpenFileManager:328 - Restore cursor
2023-09-15 14:28:07,759 [WARN] IP:2114 - SERVICE2_UUID not found: check if there is a RefParameter without a condition.
2023-09-15 14:28:07,762 [WARN] IP:2114 - SERVICE3_UUID not found: check if there is a RefParameter without a condition.
2023-09-15 14:28:07,764 [WARN] IP:2114 - SERVICE4_UUID not found: check if there is a RefParameter without a condition.
2023-09-15 14:28:07,768 [WARN] IP:2114 - SERVICE5_UUID not found: check if there is a RefParameter without a condition.
2023-09-15 14:28:07,853 [WARN] IpParametersView:151 - Warning: This peripheral hasn't parameters
2023-09-15 14:28:13,999 [WARN] IpParametersView:151 - Warning: This peripheral hasn't parameters
2023-09-15 14:28:14,105 [WARN] IpParametersView:151 - Warning: This peripheral hasn't parameters
2023-09-15 14:28:14,128 [WARN] IpParametersView:151 - Warning: This peripheral hasn't parameters
2023-09-15 14:28:14,149 [WARN] IpParametersView:151 - Warning: This peripheral hasn't parameters
2023-09-15 14:28:14,161 [WARN] IpParametersView:151 - Warning: This peripheral hasn't parameters
2023-09-15 14:33:02,477 [INFO] MainUpdater:2868 - connection check result : 10
2023-09-15 14:33:02,478 [INFO] MainUpdater:2868 - connection check result : 10
2023-09-15 14:33:02,499 [INFO] MicroXplorer:468 - Change Database Path : 
2023-09-15 14:33:02,499 [INFO] MicroXplorer:498 - Change Database Version : DB.6.0.91
2023-09-15 14:33:02,532 [WARN] ThirdParty:871 - waiting for thirdparty lock release [close project]
2023-09-15 14:33:02,532 [INFO] ThirdParty:873 - entering critical section [close project]
2023-09-15 14:33:02,532 [INFO] ThirdParty:883 - exiting critical section [close project]
2023-09-15 14:33:02,534 [INFO] PinOutPanel:1499 - setPackage(No Configuration,No Configuration)
2023-09-15 14:33:02,561 [INFO] HwResourcesManager:1388 - RZone for current mcu STM32WB55RGVx : STM32_DIE495_256_1024
2023-09-15 14:33:02,598 [INFO] HwResourcesManager:368 - Memory Region Flash added without MPC
2023-09-15 14:33:02,601 [INFO] HwResourcesManager:368 - Memory Region SRAM2_C added without MPC
2023-09-15 14:33:02,603 [INFO] HwResourcesManager:368 - Memory Region SRAM1 added without MPC
2023-09-15 14:33:02,605 [INFO] HwResourcesManager:368 - Memory Region SRAM2 added without MPC
2023-09-15 14:33:02,617 [INFO] MemInfoExtractor$OctoQuadSPIInfoExtractor:1214 - Cannot find QUADSPI start address in the info provided by HWResourceManager => Set it to the default value
2023-09-15 14:33:02,812 [INFO] UtilMem:75 - Begin LoadConfig() Used Memory: 1003171608 Bytes (1073741824)
2023-09-15 14:33:02,813 [INFO] MicroXplorer:468 - Change Database Path : 
2023-09-15 14:33:02,813 [INFO] MicroXplorer:498 - Change Database Version : DB.6.0.91
2023-09-15 14:33:02,813 [INFO] OpenFileManager:308 - Change cursor
2023-09-15 14:33:02,821 [INFO] Mcu:1946 - Initializing MCU STM32WB55RGVx STM32WB55RGVx STM32WB55RGV6
2023-09-15 14:33:04,004 [INFO] Context:659 - Trying to add GPIOservice into a context  which must be forbidden
2023-09-15 14:33:04,459 [INFO] RtosManager:555 - Registered RTOS mode: class=CMSIS, group=RTOS, mode=CMSIS_V1, owner=FREERTOS
2023-09-15 14:33:04,459 [INFO] RtosManager:555 - Registered RTOS mode: class=CMSIS, group=RTOS2, mode=CMSIS_V2, owner=FREERTOS
2023-09-15 14:33:04,460 [INFO] RtosManager:555 - Registered RTOS mode: class=RTOS, group=Core, mode=CMSIS_V1, owner=FREERTOS
2023-09-15 14:33:04,460 [INFO] RtosManager:555 - Registered RTOS mode: class=RTOS, group=Core, mode=CMSIS_V2, owner=FREERTOS
2023-09-15 14:33:04,460 [WARN] ModelIntegratedComponent:184 - Missing modes for component STMicroelectronics:FreeRTOS:0.0.1:STMicroelectronics:RTOS:FreeRTOS:Core:::10.2.0:
2023-09-15 14:33:04,464 [WARN] ModelIntegratedComponent:63 - No mode defined for component null
2023-09-15 14:33:04,464 [WARN] ModelIntegratedComponent:63 - No mode defined for component null
2023-09-15 14:33:04,464 [WARN] ModelIntegratedComponent:63 - No mode defined for component null
2023-09-15 14:33:04,464 [WARN] ModelIntegratedComponent:63 - No mode defined for component null
2023-09-15 14:33:04,464 [WARN] ModelIntegratedComponent:63 - No mode defined for component null
2023-09-15 14:33:04,464 [WARN] ModelIntegratedComponent:63 - No mode defined for component null
2023-09-15 14:33:04,464 [WARN] ModelIntegratedComponent:63 - No mode defined for component null
2023-09-15 14:33:04,464 [WARN] ModelIntegratedComponent:63 - No mode defined for component null
2023-09-15 14:33:04,464 [WARN] ModelIntegratedComponent:63 - No mode defined for component null
2023-09-15 14:33:04,464 [WARN] ModelIntegratedComponent:63 - No mode defined for component null
2023-09-15 14:33:04,464 [WARN] ModelIntegratedComponent:63 - No mode defined for component null
2023-09-15 14:33:04,464 [WARN] ModelIntegratedComponent:63 - No mode defined for component null
2023-09-15 14:33:04,464 [WARN] ModelIntegratedComponent:63 - No mode defined for component null
2023-09-15 14:33:04,464 [WARN] ModelIntegratedComponent:63 - No mode defined for component null
2023-09-15 14:33:04,464 [WARN] ModelIntegratedComponent:63 - No mode defined for component null
2023-09-15 14:33:04,464 [WARN] ModelIntegratedComponent:63 - No mode defined for component null
2023-09-15 14:33:04,464 [WARN] ModelIntegratedComponent:63 - No mode defined for component null
2023-09-15 14:33:04,464 [WARN] ModelIntegratedComponent:63 - No mode defined for component null
2023-09-15 14:33:04,464 [WARN] ModelIntegratedComponent:63 - No mode defined for component null
2023-09-15 14:33:04,464 [WARN] ModelIntegratedComponent:63 - No mode defined for component null
2023-09-15 14:33:04,464 [WARN] ModelIntegratedComponent:63 - No mode defined for component null
2023-09-15 14:33:04,465 [WARN] ModelIntegratedComponent:63 - No mode defined for component null
2023-09-15 14:33:04,465 [WARN] ModelIntegratedComponent:63 - No mode defined for component null
2023-09-15 14:33:04,465 [WARN] ModelIntegratedComponent:63 - No mode defined for component null
2023-09-15 14:33:04,465 [WARN] ModelIntegratedComponent:63 - No mode defined for component null
2023-09-15 14:33:04,465 [WARN] ModelIntegratedComponent:63 - No mode defined for component null
2023-09-15 14:33:04,465 [WARN] ModelIntegratedComponent:63 - No mode defined for component null
2023-09-15 14:33:04,465 [WARN] ModelIntegratedComponent:63 - No mode defined for component null
2023-09-15 14:33:04,465 [WARN] ModelIntegratedComponent:63 - No mode defined for component null
2023-09-15 14:33:04,465 [WARN] ModelIntegratedComponent:63 - No mode defined for component null
2023-09-15 14:33:04,465 [WARN] ModelIntegratedComponent:63 - No mode defined for component null
2023-09-15 14:33:04,465 [WARN] ModelIntegratedComponent:63 - No mode defined for component null
2023-09-15 14:33:04,465 [WARN] ModelIntegratedComponent:63 - No mode defined for component null
2023-09-15 14:33:04,669 [INFO] ThirdPartyModel:298 - Start build external matchings
2023-09-15 14:33:05,974 [INFO] ThirdPartyModel:316 - End build external matchings
2023-09-15 14:33:06,004 [INFO] ImportTextPane:194 - (OptionalMessage_ERROR) IP (ADC1) : Parameter (CommonPathInternal) has invalid value (null|null|null|null)
2023-09-15 14:33:06,004 [INFO] ImportTextPane:194 - (OptionalMessage_ERROR) IP (RCC) : Invalid parameter (FamilyName)
2023-09-15 14:33:06,005 [INFO] ImportTextPane:194 - (OptionalMessage_ERROR) IP (RCC) : Invalid parameter (SMPSCLockSelectionVirtualVirtual)
2023-09-15 14:33:06,047 [WARN] IP:2114 - SERVICE2_UUID not found: check if there is a RefParameter without a condition.
2023-09-15 14:33:06,051 [WARN] IP:2114 - SERVICE3_UUID not found: check if there is a RefParameter without a condition.
2023-09-15 14:33:06,055 [WARN] IP:2114 - SERVICE4_UUID not found: check if there is a RefParameter without a condition.
2023-09-15 14:33:06,060 [WARN] IP:2114 - SERVICE5_UUID not found: check if there is a RefParameter without a condition.
2023-09-15 14:33:06,075 [INFO] ImportTextPane:194 - (OptionalMessage_ERROR) IP (STM32_WPAN) : Parameter (AD_SERVICE_CLASS_UUID_1_INV) has invalid value ([1A, 18])
2023-09-15 14:33:06,336 [INFO] UtilMem:75 - End LoadConfig() Used Memory: 714198568 Bytes (1073741824)
2023-09-15 14:33:06,391 [WARN] ThirdParty:833 - waiting for thirdparty lock release [change project]
2023-09-15 14:33:06,391 [INFO] ThirdParty:835 - entering critical section [change project]
2023-09-15 14:33:06,391 [INFO] ThirdParty:1030 - CMSIS Pack Vendor :STMicroelectronics USBPD 4.1
2023-09-15 14:33:06,391 [INFO] ThirdParty:1030 - CMSIS Pack Vendor :STMicroelectronics X-CUBE-GNSS1 6.0.0
2023-09-15 14:33:06,391 [INFO] ThirdParty:1030 - CMSIS Pack Vendor :STMicroelectronics USB_HOST 2.0.0
2023-09-15 14:33:06,391 [INFO] ThirdParty:1030 - CMSIS Pack Vendor :STMicroelectronics X-CUBE-AZRTOS-F4 1.1.0
2023-09-15 14:33:06,391 [INFO] ThirdParty:1030 - CMSIS Pack Vendor :STMicroelectronics LIBJPEG 8.0.0
2023-09-15 14:33:06,391 [INFO] ThirdParty:1030 - CMSIS Pack Vendor :wolfSSL I-CUBE-wolfSSL 5.6.3
2023-09-15 14:33:06,391 [INFO] ThirdParty:1030 - CMSIS Pack Vendor :STMicroelectronics X-CUBE-SMBUS 2.1.0
2023-09-15 14:33:06,391 [INFO] ThirdParty:1030 - CMSIS Pack Vendor :STMicroelectronics X-CUBE-BLEMGR 1.2.0
2023-09-15 14:33:06,391 [INFO] ThirdParty:1030 - CMSIS Pack Vendor :STMicroelectronics X-CUBE-AZRTOS-F7 1.1.0
2023-09-15 14:33:06,391 [INFO] ThirdParty:1030 - CMSIS Pack Vendor :STMicroelectronics X-CUBE-AZRTOS-L5 2.0.0
2023-09-15 14:33:06,391 [INFO] ThirdParty:1030 - CMSIS Pack Vendor :STMicroelectronics USB_DEVICE 2.0.0
2023-09-15 14:33:06,391 [INFO] ThirdParty:1030 - CMSIS Pack Vendor :STMicroelectronics X-CUBE-MEMS1 9.6.0
2023-09-15 14:33:06,391 [INFO] ThirdParty:1030 - CMSIS Pack Vendor :STMicroelectronics FP-SNS-MOTENV1 4.3.0
2023-09-15 14:33:06,391 [INFO] ThirdParty:1030 - CMSIS Pack Vendor :STMicroelectronics FP-SNS-MOTENV1 4.3.2
2023-09-15 14:33:06,391 [INFO] ThirdParty:1030 - CMSIS Pack Vendor :STMicroelectronics FP-SNS-FLIGHT1 5.0.0
2023-09-15 14:33:06,391 [INFO] ThirdParty:1030 - CMSIS Pack Vendor :STMicroelectronics FP-SNS-MOTENV1 4.3.1
2023-09-15 14:33:06,392 [INFO] ThirdParty:1030 - CMSIS Pack Vendor :STMicroelectronics FP-SNS-FLIGHT1 5.0.1
2023-09-15 14:33:06,392 [INFO] ThirdParty:1030 - CMSIS Pack Vendor :STMicroelectronics X-CUBE-BLE1 6.2.3
2023-09-15 14:33:06,392 [INFO] ThirdParty:1030 - CMSIS Pack Vendor :STMicroelectronics X-CUBE-BLE1 6.2.4
2023-09-15 14:33:06,392 [INFO] ThirdParty:1030 - CMSIS Pack Vendor :STMicroelectronics FreeRTOS 0.0.1
2023-09-15 14:33:06,392 [INFO] ThirdParty:1030 - CMSIS Pack Vendor :emotas I-CUBE-CANOPEN 1.1.3
2023-09-15 14:33:06,392 [INFO] ThirdParty:1030 - CMSIS Pack Vendor :STMicroelectronics X-CUBE-BLEMGR 2.0.0
2023-09-15 14:33:06,392 [INFO] ThirdParty:1030 - CMSIS Pack Vendor :STMicroelectronics FP-SNS-FLIGHT1 5.0.2
2023-09-15 14:33:06,392 [INFO] ThirdParty:1030 - CMSIS Pack Vendor :STMicroelectronics X-CUBE-NFC4 2.0.5
2023-09-15 14:33:06,392 [INFO] ThirdParty:1030 - CMSIS Pack Vendor :STMicroelectronics X-CUBE-NFC4 2.0.4
2023-09-15 14:33:06,392 [INFO] ThirdParty:1030 - CMSIS Pack Vendor :STMicroelectronics X-CUBE-AZRTOS-H7 3.1.0
2023-09-15 14:33:06,392 [INFO] ThirdParty:1030 - CMSIS Pack Vendor :STMicroelectronics PDM2PCM 3.3.0
2023-09-15 14:33:06,392 [INFO] ThirdParty:1030 - CMSIS Pack Vendor :STMicroelectronics X-CUBE-DISPLAY 3.0.0
2023-09-15 14:33:06,392 [INFO] ThirdParty:1030 - CMSIS Pack Vendor :wolfSSL I-CUBE-wolfSSL 5.5.3
2023-09-15 14:33:06,392 [INFO] ThirdParty:1030 - CMSIS Pack Vendor :STMicroelectronics X-CUBE-BLE1 7.0.0
2023-09-15 14:33:06,392 [INFO] ThirdParty:1030 - CMSIS Pack Vendor :STMicroelectronics HAL Drivers 0.0.0
2023-09-15 14:33:06,392 [INFO] ThirdParty:1030 - CMSIS Pack Vendor :emotas I-CUBE-CANOPEN 1.3.0
2023-09-15 14:33:06,392 [INFO] ThirdParty:1030 - CMSIS Pack Vendor :STMicroelectronics X-CUBE-TOUCHGFX 4.22.0
2023-09-15 14:33:06,392 [INFO] ThirdParty:1030 - CMSIS Pack Vendor :STMicroelectronics X-CUBE-NFC7 1.0.1
2023-09-15 14:33:06,392 [INFO] ThirdParty:1030 - CMSIS Pack Vendor :STMicroelectronics MBEDTLS 2.14.1
2023-09-15 14:33:06,392 [INFO] ThirdParty:1030 - CMSIS Pack Vendor :STMicroelectronics X-CUBE-NFC7 1.0.0
2023-09-15 14:33:06,392 [INFO] ThirdParty:1030 - CMSIS Pack Vendor :STMicroelectronics X-CUBE-NFC6 3.0.0
2023-09-15 14:33:06,392 [INFO] ThirdParty:1030 - CMSIS Pack Vendor :STMicroelectronics X-CUBE-MEMS1 9.3.0
2023-09-15 14:33:06,392 [INFO] ThirdParty:1030 - CMSIS Pack Vendor :STMicroelectronics X-CUBE-EEPRMA1 4.1.0
2023-09-15 14:33:06,392 [INFO] ThirdParty:1030 - CMSIS Pack Vendor :STMicroelectronics FP-SNS-SMARTAG2 1.2.0
2023-09-15 14:33:06,392 [INFO] ThirdParty:1030 - CMSIS Pack Vendor :STMicroelectronics X-CUBE-AZRTOS-WL 2.0.0
2023-09-15 14:33:06,392 [INFO] ThirdParty:1030 - CMSIS Pack Vendor :STMicroelectronics USB_DEVICE 1.0.0
2023-09-15 14:33:06,392 [INFO] ThirdParty:1030 - CMSIS Pack Vendor :STMicroelectronics X-CUBE-AI 8.1.0
2023-09-15 14:33:06,392 [INFO] ThirdParty:1030 - CMSIS Pack Vendor :STMicroelectronics X-CUBE-AZRTOS-L4 2.0.0
2023-09-15 14:33:06,392 [INFO] ThirdParty:1030 - CMSIS Pack Vendor :STMicroelectronics ThreadX 0.0.2
2023-09-15 14:33:06,392 [INFO] ThirdParty:1030 - CMSIS Pack Vendor :WES I-CUBE-Cesium 1.3.0
2023-09-15 14:33:06,392 [INFO] ThirdParty:1030 - CMSIS Pack Vendor :STMicroelectronics lwIP 2.1.2
2023-09-15 14:33:06,393 [INFO] ThirdParty:1030 - CMSIS Pack Vendor :STMicroelectronics X-CUBE-SFXS2LP1 4.0.0
2023-09-15 14:33:06,393 [INFO] ThirdParty:1030 - CMSIS Pack Vendor :STMicroelectronics X-CUBE-BLE2 3.3.0
2023-09-15 14:33:06,393 [INFO] ThirdParty:1030 - CMSIS Pack Vendor :STMicroelectronics X-CUBE-DISPLAY 2.2.0
2023-09-15 14:33:06,393 [INFO] ThirdParty:1030 - CMSIS Pack Vendor :STMicroelectronics X-CUBE-TOF1 3.2.0
2023-09-15 14:33:06,393 [INFO] ThirdParty:1030 - CMSIS Pack Vendor :STMicroelectronics PDM2PCM 3.2.0
2023-09-15 14:33:06,393 [INFO] ThirdParty:1030 - CMSIS Pack Vendor :STMicroelectronics X-CUBE-AZRTOS-H7 3.0.0
2023-09-15 14:33:06,393 [INFO] ThirdParty:1030 - CMSIS Pack Vendor :STMicroelectronics X-CUBE-ISPU 1.1.0
2023-09-15 14:33:06,393 [INFO] ThirdParty:1030 - CMSIS Pack Vendor :RoweBots I-CUBE-UNISONRTOS 5.5.0-4
2023-09-15 14:33:06,393 [INFO] ThirdParty:1030 - CMSIS Pack Vendor :STMicroelectronics X-CUBE-AZRTOS-H7 2.1.0
2023-09-15 14:33:06,393 [INFO] ThirdParty:1030 - CMSIS Pack Vendor :STMicroelectronics USB_DEVICE 3.0.0
2023-09-15 14:33:06,393 [INFO] ThirdParty:1030 - CMSIS Pack Vendor :STMicroelectronics X-CUBE-AI 8.0.0
2023-09-15 14:33:06,393 [INFO] ThirdParty:1030 - CMSIS Pack Vendor :STMicroelectronics X-CUBE-AZRTOS-WB 2.0.0
2023-09-15 14:33:06,393 [INFO] ThirdParty:1030 - CMSIS Pack Vendor :STMicroelectronics X-CUBE-FREERTOS 1.0.1
2023-09-15 14:33:06,393 [INFO] ThirdParty:1030 - CMSIS Pack Vendor :STMicroelectronics X-CUBE-TOUCHGFX 4.21.1
2023-09-15 14:33:06,393 [INFO] ThirdParty:1030 - CMSIS Pack Vendor :STMicroelectronics X-CUBE-TOUCHGFX 4.21.0
2023-09-15 14:33:06,393 [INFO] ThirdParty:1030 - CMSIS Pack Vendor :STMicroelectronics X-CUBE-TOUCHGFX 4.21.3
2023-09-15 14:33:06,393 [INFO] ThirdParty:1030 - CMSIS Pack Vendor :STMicroelectronics X-CUBE-TOUCHGFX 4.21.4
2023-09-15 14:33:06,393 [INFO] ThirdParty:1030 - CMSIS Pack Vendor :STMicroelectronics X-CUBE-MEMS1 9.4.0
2023-09-15 14:33:06,393 [INFO] ThirdParty:1030 - CMSIS Pack Vendor :STMicroelectronics X-CUBE-AI 7.3.0
2023-09-15 14:33:06,393 [INFO] ThirdParty:1030 - CMSIS Pack Vendor :STMicroelectronics X-CUBE-ALGOBUILD 1.3.0
2023-09-15 14:33:06,393 [INFO] ThirdParty:1030 - CMSIS Pack Vendor :STMicroelectronics X-CUBE-AZRTOS-L5 1.1.0
2023-09-15 14:33:06,393 [INFO] ThirdParty:1030 - CMSIS Pack Vendor :STMicroelectronics X-CUBE-AZRTOS-G0 1.1.0
2023-09-15 14:33:06,393 [INFO] ThirdParty:1030 - CMSIS Pack Vendor :STMicroelectronics X-CUBE-AI 8.0.1
2023-09-15 14:33:06,393 [INFO] ThirdParty:1030 - CMSIS Pack Vendor :STMicroelectronics X-CUBE-NFC4 3.0.0
2023-09-15 14:33:06,393 [INFO] ThirdParty:1030 - CMSIS Pack Vendor :STMicroelectronics X-CUBE-SUBG2 5.0.0
2023-09-15 14:33:06,393 [INFO] ThirdParty:1030 - CMSIS Pack Vendor :STMicroelectronics STM32_WPAN 1.0.0
2023-09-15 14:33:06,393 [INFO] ThirdParty:1030 - CMSIS Pack Vendor :SEGGER I-CUBE-embOS 1.2.1
2023-09-15 14:33:06,393 [INFO] ThirdParty:1030 - CMSIS Pack Vendor :STMicroelectronics lwIP 2.0.3
2023-09-15 14:33:06,393 [INFO] ThirdParty:1030 - CMSIS Pack Vendor :STMicroelectronics USB_HOST 1.0.0
2023-09-15 14:33:06,393 [INFO] ThirdParty:1030 - CMSIS Pack Vendor :STMicroelectronics X-CUBE-TOF1 3.3.1
2023-09-15 14:33:06,393 [INFO] ThirdParty:1030 - CMSIS Pack Vendor :STMicroelectronics X-CUBE-AZRTOS-G4 2.0.0
2023-09-15 14:33:06,393 [INFO] ThirdParty:1030 - CMSIS Pack Vendor :STMicroelectronics PDM2PCM 3.1.0
2023-09-15 14:33:06,394 [INFO] ThirdParty:1030 - CMSIS Pack Vendor :STMicroelectronics X-CUBE-TOF1 3.3.0
2023-09-15 14:33:06,394 [INFO] ThirdParty:1030 - CMSIS Pack Vendor :STMicroelectronics FP-ATR-ASTRA1 1.1.1
2023-09-15 14:33:06,394 [INFO] ThirdParty:1030 - CMSIS Pack Vendor :STMicroelectronics X-CUBE-BLEMGR 1.3.0
2023-09-15 14:33:06,394 [INFO] ThirdParty:1030 - CMSIS Pack Vendor :STMicroelectronics FP-ATR-SIGFOX1 3.2.0
2023-09-15 14:33:06,394 [INFO] ThirdParty:1030 - CMSIS Pack Vendor :STMicroelectronics X-CUBE-AZRTOS-G4 1.0.0
2023-09-15 14:33:06,394 [INFO] ThirdParty:1030 - CMSIS Pack Vendor :STMicroelectronics X-CUBE-AZRTOS-L4 1.0.0
2023-09-15 14:33:06,394 [INFO] ThirdParty:1030 - CMSIS Pack Vendor :STMicroelectronics MBEDTLS 2.16.2
2023-09-15 14:33:06,394 [INFO] ThirdParty:1030 - CMSIS Pack Vendor :STMicroelectronics X-CUBE-TOUCHGFX 4.20.0
2023-09-15 14:33:06,394 [INFO] ThirdParty:1030 - CMSIS Pack Vendor :STMicroelectronics X-CUBE-FREERTOS 1.1.0
2023-09-15 14:33:06,394 [INFO] ThirdParty:1030 - CMSIS Pack Vendor :STMicroelectronics X-CUBE-AZRTOS-WL 1.0.0
2023-09-15 14:33:06,394 [INFO] ThirdParty:1030 - CMSIS Pack Vendor :portGmbH I-Cube-SoM-uGOAL 1.1.0
2023-09-15 14:33:06,394 [INFO] ThirdParty:1030 - CMSIS Pack Vendor :STMicroelectronics X-CUBE-ALS 1.0.1
2023-09-15 14:33:06,394 [INFO] ThirdParty:1030 - CMSIS Pack Vendor :STMicroelectronics X-CUBE-MEMS1 9.5.0
2023-09-15 14:33:06,394 [INFO] ThirdParty:1030 - CMSIS Pack Vendor :STMicroelectronics ThreadX 1.0.0
2023-09-15 14:33:06,394 [INFO] ThirdParty:1030 - CMSIS Pack Vendor :STMicroelectronics X-CUBE-AZRTOS-WB 1.1.0
2023-09-15 14:33:06,394 [INFO] ThirdParty:1030 - CMSIS Pack Vendor :SEGGER I-CUBE-embOS 1.3.1
2023-09-15 14:33:06,394 [INFO] ThirdParty:1030 - CMSIS Pack Vendor :STMicroelectronics X-CUBE-AZRTOS-L5 1.0.0
2023-09-15 14:33:06,394 [INFO] ThirdParty:1030 - CMSIS Pack Vendor :STMicroelectronics X-CUBE-EEPRMA1 3.1.1
2023-09-15 14:33:06,394 [INFO] ThirdParty:1030 - CMSIS Pack Vendor :STMicroelectronics FP-ATR-ASTRA1 2.0.0
2023-09-15 14:33:06,394 [INFO] ThirdParty:841 - exiting critical section [change project]
2023-09-15 14:33:06,568 [INFO] PinOutPanel:1499 - setPackage(No Configuration,No Configuration)
2023-09-15 14:33:06,568 [INFO] PinOutPanel:1499 - setPackage(STM32WB55RGVx,VFQFPN68)
2023-09-15 14:33:06,855 [INFO] UtilMem:75 - Before build in PCC Used Memory: 310768992 Bytes (1073741824)
2023-09-15 14:33:07,151 [INFO] UtilMem:75 - After build in PCC Used Memory: 340567040 Bytes (1073741824)
2023-09-15 14:33:07,167 [INFO] ApiDbMcu:507 - Load IP Config File for STM32_WPAN
2023-09-15 14:33:07,185 [INFO] IPUIPlugin:80 - create IPUIPlugin
2023-09-15 14:33:07,185 [INFO] IPUIPlugin:80 - create IPUIPlugin
2023-09-15 14:33:07,185 [INFO] IPUIPlugin:80 - create IPUIPlugin
2023-09-15 14:33:07,185 [INFO] IPUIPlugin:80 - create IPUIPlugin
2023-09-15 14:33:07,186 [INFO] IPUIPlugin:80 - create IPUIPlugin
2023-09-15 14:33:07,186 [INFO] IPUIPlugin:80 - create IPUIPlugin
2023-09-15 14:33:07,186 [INFO] IPUIPlugin:80 - create IPUIPlugin
2023-09-15 14:33:07,186 [INFO] IPUIPlugin:80 - create IPUIPlugin
2023-09-15 14:33:07,186 [INFO] IPUIPlugin:80 - create IPUIPlugin
2023-09-15 14:33:07,186 [INFO] IPUIPlugin:80 - create IPUIPlugin
2023-09-15 14:33:07,186 [INFO] IPUIPlugin:80 - create IPUIPlugin
2023-09-15 14:33:07,186 [INFO] IPUIPlugin:80 - create IPUIPlugin
2023-09-15 14:33:07,186 [INFO] IPUIPlugin:80 - create IPUIPlugin
2023-09-15 14:33:07,186 [INFO] IPUIPlugin:80 - create IPUIPlugin
2023-09-15 14:33:07,186 [INFO] IPUIPlugin:80 - create IPUIPlugin
2023-09-15 14:33:07,187 [INFO] IPUIPlugin:80 - create IPUIPlugin
2023-09-15 14:33:07,187 [INFO] IPUIPlugin:80 - create IPUIPlugin
2023-09-15 14:33:07,187 [INFO] IPUIPlugin:80 - create IPUIPlugin
2023-09-15 14:33:07,187 [INFO] IPUIPlugin:80 - create IPUIPlugin
2023-09-15 14:33:07,187 [INFO] IPUIPlugin:80 - create IPUIPlugin
2023-09-15 14:33:07,187 [INFO] IPUIPlugin:80 - create IPUIPlugin
2023-09-15 14:33:07,187 [INFO] IPUIPlugin:80 - create IPUIPlugin
2023-09-15 14:33:07,188 [INFO] IPUIPlugin:80 - create IPUIPlugin
2023-09-15 14:33:07,188 [INFO] IPUIPlugin:80 - create IPUIPlugin
2023-09-15 14:33:07,188 [INFO] IPUIPlugin:80 - create IPUIPlugin
2023-09-15 14:33:07,188 [INFO] IPUIPlugin:80 - create IPUIPlugin
2023-09-15 14:33:07,188 [INFO] IPUIPlugin:80 - create IPUIPlugin
2023-09-15 14:33:07,188 [INFO] IPUIPlugin:80 - create IPUIPlugin
2023-09-15 14:33:07,188 [INFO] IPUIPlugin:80 - create IPUIPlugin
2023-09-15 14:33:07,189 [INFO] IPUIPlugin:80 - create IPUIPlugin
2023-09-15 14:33:07,189 [INFO] IPUIPlugin:80 - create IPUIPlugin
2023-09-15 14:33:07,189 [INFO] IPUIPlugin:80 - create IPUIPlugin
2023-09-15 14:33:07,189 [INFO] IPUIPlugin:80 - create IPUIPlugin
2023-09-15 14:33:07,190 [INFO] IPUIPlugin:80 - create IPUIPlugin
2023-09-15 14:33:07,190 [INFO] IPUIPlugin:80 - create IPUIPlugin
2023-09-15 14:33:07,190 [INFO] IPUIPlugin:80 - create IPUIPlugin
2023-09-15 14:33:07,190 [INFO] IPUIPlugin:80 - create IPUIPlugin
2023-09-15 14:33:07,190 [INFO] IPUIPlugin:80 - create IPUIPlugin
2023-09-15 14:33:07,190 [INFO] IPUIPlugin:80 - create IPUIPlugin
2023-09-15 14:33:07,191 [INFO] IPUIPlugin:80 - create IPUIPlugin
2023-09-15 14:33:07,191 [INFO] IPUIPlugin:80 - create IPUIPlugin
2023-09-15 14:33:07,191 [INFO] IPUIPlugin:80 - create IPUIPlugin
2023-09-15 14:33:07,191 [INFO] IPUIPlugin:80 - create IPUIPlugin
2023-09-15 14:33:07,192 [INFO] IPUIPlugin:80 - create IPUIPlugin
2023-09-15 14:33:07,192 [INFO] IPUIPlugin:80 - create IPUIPlugin
2023-09-15 14:33:07,222 [WARN] IP:2114 - SERVICE2_UUID not found: check if there is a RefParameter without a condition.
2023-09-15 14:33:07,225 [WARN] IP:2114 - SERVICE3_UUID not found: check if there is a RefParameter without a condition.
2023-09-15 14:33:07,227 [WARN] IP:2114 - SERVICE4_UUID not found: check if there is a RefParameter without a condition.
2023-09-15 14:33:07,230 [WARN] IP:2114 - SERVICE5_UUID not found: check if there is a RefParameter without a condition.
2023-09-15 14:33:07,339 [INFO] CADModel:165 - CPN selected for project levelSTM32WB55RGV6
2023-09-15 14:33:07,339 [INFO] CADModel:114 - Register for checkConnection events
2023-09-15 14:33:07,404 [INFO] OpenFileManager:328 - Restore cursor
2023-09-15 14:33:07,538 [WARN] IP:2114 - SERVICE2_UUID not found: check if there is a RefParameter without a condition.
2023-09-15 14:33:07,541 [WARN] IP:2114 - SERVICE3_UUID not found: check if there is a RefParameter without a condition.
2023-09-15 14:33:07,544 [WARN] IP:2114 - SERVICE4_UUID not found: check if there is a RefParameter without a condition.
2023-09-15 14:33:07,546 [WARN] IP:2114 - SERVICE5_UUID not found: check if there is a RefParameter without a condition.
2023-09-15 14:33:07,594 [WARN] IpParametersView:151 - Warning: This peripheral hasn't parameters
2023-09-15 14:33:20,900 [WARN] IpParametersView:151 - Warning: This peripheral hasn't parameters
2023-09-15 14:33:20,941 [WARN] IpParametersView:151 - Warning: This peripheral hasn't parameters
2023-09-15 14:33:20,963 [WARN] IpParametersView:151 - Warning: This peripheral hasn't parameters
2023-09-15 14:33:20,976 [WARN] IpParametersView:151 - Warning: This peripheral hasn't parameters
2023-09-15 14:33:20,986 [WARN] IpParametersView:151 - Warning: This peripheral hasn't parameters
2023-09-15 14:34:00,526 [WARN] IP:2114 - SERVICE2_UUID not found: check if there is a RefParameter without a condition.
2023-09-15 14:34:00,528 [WARN] IP:2114 - SERVICE3_UUID not found: check if there is a RefParameter without a condition.
2023-09-15 14:34:00,531 [WARN] IP:2114 - SERVICE4_UUID not found: check if there is a RefParameter without a condition.
2023-09-15 14:34:00,533 [WARN] IP:2114 - SERVICE5_UUID not found: check if there is a RefParameter without a condition.
2023-09-15 14:34:00,595 [INFO] ParamManager:896 - [Generic UI] PropertyChangeEvent: TAB_STATUS_CHANGED , "dont care", "never mind"
2023-09-15 14:34:00,670 [WARN] IP:2114 - SERVICE2_UUID not found: check if there is a RefParameter without a condition.
2023-09-15 14:34:00,673 [WARN] IP:2114 - SERVICE3_UUID not found: check if there is a RefParameter without a condition.
2023-09-15 14:34:00,675 [WARN] IP:2114 - SERVICE4_UUID not found: check if there is a RefParameter without a condition.
2023-09-15 14:34:00,678 [WARN] IP:2114 - SERVICE5_UUID not found: check if there is a RefParameter without a condition.
2023-09-15 14:34:02,282 [WARN] IP:2114 - SERVICE2_UUID not found: check if there is a RefParameter without a condition.
2023-09-15 14:34:02,284 [WARN] IP:2114 - SERVICE3_UUID not found: check if there is a RefParameter without a condition.
2023-09-15 14:34:02,286 [WARN] IP:2114 - SERVICE4_UUID not found: check if there is a RefParameter without a condition.
2023-09-15 14:34:02,288 [WARN] IP:2114 - SERVICE5_UUID not found: check if there is a RefParameter without a condition.
2023-09-15 14:34:02,331 [INFO] ParamManager:896 - [Generic UI] PropertyChangeEvent: TAB_STATUS_CHANGED , "dont care", "never mind"
2023-09-15 14:34:02,356 [WARN] IP:2114 - SERVICE2_UUID not found: check if there is a RefParameter without a condition.
2023-09-15 14:34:02,359 [WARN] IP:2114 - SERVICE3_UUID not found: check if there is a RefParameter without a condition.
2023-09-15 14:34:02,361 [WARN] IP:2114 - SERVICE4_UUID not found: check if there is a RefParameter without a condition.
2023-09-15 14:34:02,363 [WARN] IP:2114 - SERVICE5_UUID not found: check if there is a RefParameter without a condition.
2023-09-15 14:34:02,452 [WARN] IP:2114 - SERVICE2_UUID not found: check if there is a RefParameter without a condition.
2023-09-15 14:34:02,455 [WARN] IP:2114 - SERVICE3_UUID not found: check if there is a RefParameter without a condition.
2023-09-15 14:34:02,457 [WARN] IP:2114 - SERVICE4_UUID not found: check if there is a RefParameter without a condition.
2023-09-15 14:34:02,460 [WARN] IP:2114 - SERVICE5_UUID not found: check if there is a RefParameter without a condition.
2023-09-15 14:34:26,460 [ERROR] LogOutputStream:75 - [STDERR_REDIRECT] Exception in thread "AWT-EventQueue-0" java.lang.ClassCastException: class sun.awt.windows.WEmbeddedFrame cannot be cast to class javax.swing.JFrame (sun.awt.windows.WEmbeddedFrame and javax.swing.JFrame are in module java.desktop of loader 'bootstrap')
2023-09-15 14:34:26,462 [ERROR] LogOutputStream:75 - [STDERR_REDIRECT] 	at com.st.microxplorer.plugins.clock.ClockConfigurationView.activatePlugin(ClockConfigurationView.java:425)
2023-09-15 14:34:26,463 [ERROR] LogOutputStream:75 - [STDERR_REDIRECT] 	at com.st.microxplorer.maingui.MainPanel$1.stateChanged(MainPanel.java:367)
2023-09-15 14:34:26,464 [ERROR] LogOutputStream:75 - [STDERR_REDIRECT] 	at java.desktop/javax.swing.JTabbedPane.fireStateChanged(JTabbedPane.java:444)
2023-09-15 14:34:26,465 [ERROR] LogOutputStream:75 - [STDERR_REDIRECT] 	at java.desktop/javax.swing.JTabbedPane$ModelListener.stateChanged(JTabbedPane.java:295)
2023-09-15 14:34:26,467 [ERROR] LogOutputStream:75 - [STDERR_REDIRECT] 	at java.desktop/javax.swing.DefaultSingleSelectionModel.fireStateChanged(DefaultSingleSelectionModel.java:148)
2023-09-15 14:34:26,469 [ERROR] LogOutputStream:75 - [STDERR_REDIRECT] 	at java.desktop/javax.swing.DefaultSingleSelectionModel.setSelectedIndex(DefaultSingleSelectionModel.java:79)
2023-09-15 14:34:26,470 [ERROR] LogOutputStream:75 - [STDERR_REDIRECT] 	at java.desktop/javax.swing.JTabbedPane.setSelectedIndexImpl(JTabbedPane.java:648)
2023-09-15 14:34:26,471 [ERROR] LogOutputStream:75 - [STDERR_REDIRECT] 	at java.desktop/javax.swing.JTabbedPane.setSelectedIndex(JTabbedPane.java:623)
2023-09-15 14:34:26,473 [ERROR] LogOutputStream:75 - [STDERR_REDIRECT] 	at java.desktop/javax.swing.plaf.basic.BasicTabbedPaneUI$Handler.mousePressed(BasicTabbedPaneUI.java:4101)
2023-09-15 14:34:26,474 [ERROR] LogOutputStream:75 - [STDERR_REDIRECT] 	at java.desktop/java.awt.Component.processMouseEvent(Component.java:6623)
2023-09-15 14:34:26,475 [ERROR] LogOutputStream:75 - [STDERR_REDIRECT] 	at java.desktop/javax.swing.JComponent.processMouseEvent(JComponent.java:3389)
2023-09-15 14:34:26,475 [ERROR] LogOutputStream:75 - [STDERR_REDIRECT] 	at java.desktop/java.awt.Component.processEvent(Component.java:6391)
2023-09-15 14:34:26,476 [ERROR] LogOutputStream:75 - [STDERR_REDIRECT] 	at java.desktop/java.awt.Container.processEvent(Container.java:2266)
2023-09-15 14:34:26,477 [ERROR] LogOutputStream:75 - [STDERR_REDIRECT] 	at java.desktop/java.awt.Component.dispatchEventImpl(Component.java:5001)
2023-09-15 14:34:26,477 [ERROR] LogOutputStream:75 - [STDERR_REDIRECT] 	at java.desktop/java.awt.Container.dispatchEventImpl(Container.java:2324)
2023-09-15 14:34:26,478 [ERROR] LogOutputStream:75 - [STDERR_REDIRECT] 	at java.desktop/java.awt.Component.dispatchEvent(Component.java:4833)
2023-09-15 14:34:26,479 [ERROR] LogOutputStream:75 - [STDERR_REDIRECT] 	at java.desktop/java.awt.LightweightDispatcher.retargetMouseEvent(Container.java:4948)
2023-09-15 14:34:26,480 [ERROR] LogOutputStream:75 - [STDERR_REDIRECT] 	at java.desktop/java.awt.LightweightDispatcher.processMouseEvent(Container.java:4572)
2023-09-15 14:34:26,481 [ERROR] LogOutputStream:75 - [STDERR_REDIRECT] 	at java.desktop/java.awt.LightweightDispatcher.dispatchEvent(Container.java:4516)
2023-09-15 14:34:26,481 [ERROR] LogOutputStream:75 - [STDERR_REDIRECT] 	at java.desktop/java.awt.Container.dispatchEventImpl(Container.java:2310)
2023-09-15 14:34:26,482 [ERROR] LogOutputStream:75 - [STDERR_REDIRECT] 	at java.desktop/java.awt.Component.dispatchEvent(Component.java:4833)
2023-09-15 14:34:26,483 [ERROR] LogOutputStream:75 - [STDERR_REDIRECT] 	at java.desktop/java.awt.EventQueue.dispatchEventImpl(EventQueue.java:773)
2023-09-15 14:34:26,484 [ERROR] LogOutputStream:75 - [STDERR_REDIRECT] 	at java.desktop/java.awt.EventQueue$4.run(EventQueue.java:722)
2023-09-15 14:34:26,484 [ERROR] LogOutputStream:75 - [STDERR_REDIRECT] 	at java.desktop/java.awt.EventQueue$4.run(EventQueue.java:716)
2023-09-15 14:34:26,485 [ERROR] LogOutputStream:75 - [STDERR_REDIRECT] 	at java.base/java.security.AccessController.doPrivileged(AccessController.java:399)
2023-09-15 14:34:26,486 [ERROR] LogOutputStream:75 - [STDERR_REDIRECT] 	at java.base/java.security.ProtectionDomain$JavaSecurityAccessImpl.doIntersectionPrivilege(ProtectionDomain.java:86)
2023-09-15 14:34:26,487 [ERROR] LogOutputStream:75 - [STDERR_REDIRECT] 	at java.base/java.security.ProtectionDomain$JavaSecurityAccessImpl.doIntersectionPrivilege(ProtectionDomain.java:97)
2023-09-15 14:34:26,488 [ERROR] LogOutputStream:75 - [STDERR_REDIRECT] 	at java.desktop/java.awt.EventQueue$5.run(EventQueue.java:746)
2023-09-15 14:34:26,489 [ERROR] LogOutputStream:75 - [STDERR_REDIRECT] 	at java.desktop/java.awt.EventQueue$5.run(EventQueue.java:744)
2023-09-15 14:34:26,489 [ERROR] LogOutputStream:75 - [STDERR_REDIRECT] 	at java.base/java.security.AccessController.doPrivileged(AccessController.java:399)
2023-09-15 14:34:26,490 [ERROR] LogOutputStream:75 - [STDERR_REDIRECT] 	at java.base/java.security.ProtectionDomain$JavaSecurityAccessImpl.doIntersectionPrivilege(ProtectionDomain.java:86)
2023-09-15 14:34:26,491 [ERROR] LogOutputStream:75 - [STDERR_REDIRECT] 	at java.desktop/java.awt.EventQueue.dispatchEvent(EventQueue.java:743)
2023-09-15 14:34:26,492 [ERROR] LogOutputStream:75 - [STDERR_REDIRECT] 	at java.desktop/java.awt.EventDispatchThread.pumpOneEventForFilters(EventDispatchThread.java:203)
2023-09-15 14:34:26,493 [ERROR] LogOutputStream:75 - [STDERR_REDIRECT] 	at java.desktop/java.awt.EventDispatchThread.pumpEventsForFilter(EventDispatchThread.java:124)
2023-09-15 14:34:26,494 [ERROR] LogOutputStream:75 - [STDERR_REDIRECT] 	at java.desktop/java.awt.EventDispatchThread.pumpEventsForHierarchy(EventDispatchThread.java:113)
2023-09-15 14:34:26,495 [ERROR] LogOutputStream:75 - [STDERR_REDIRECT] 	at java.desktop/java.awt.EventDispatchThread.pumpEvents(EventDispatchThread.java:109)
2023-09-15 14:34:26,496 [ERROR] LogOutputStream:75 - [STDERR_REDIRECT] 	at java.desktop/java.awt.EventDispatchThread.pumpEvents(EventDispatchThread.java:101)
2023-09-15 14:34:26,497 [ERROR] LogOutputStream:75 - [STDERR_REDIRECT] 	at java.desktop/java.awt.EventDispatchThread.run(EventDispatchThread.java:90)
2023-09-15 14:34:28,281 [WARN] IP:2114 - SERVICE2_UUID not found: check if there is a RefParameter without a condition.
2023-09-15 14:34:28,285 [WARN] IP:2114 - SERVICE3_UUID not found: check if there is a RefParameter without a condition.
2023-09-15 14:34:28,287 [WARN] IP:2114 - SERVICE4_UUID not found: check if there is a RefParameter without a condition.
2023-09-15 14:34:28,291 [WARN] IP:2114 - SERVICE5_UUID not found: check if there is a RefParameter without a condition.
2023-09-15 14:34:28,453 [WARN] IpParametersView:151 - Warning: This peripheral hasn't parameters
2023-09-15 14:34:28,479 [WARN] IpParametersView:151 - Warning: This peripheral hasn't parameters
2023-09-15 14:34:28,486 [WARN] IpParametersView:151 - Warning: This peripheral hasn't parameters
2023-09-15 14:34:28,494 [WARN] IpParametersView:151 - Warning: This peripheral hasn't parameters
2023-09-15 14:34:28,501 [WARN] IpParametersView:151 - Warning: This peripheral hasn't parameters
2023-09-15 14:34:28,577 [WARN] IP:2114 - SERVICE2_UUID not found: check if there is a RefParameter without a condition.
2023-09-15 14:34:28,580 [WARN] IP:2114 - SERVICE3_UUID not found: check if there is a RefParameter without a condition.
2023-09-15 14:34:28,582 [WARN] IP:2114 - SERVICE4_UUID not found: check if there is a RefParameter without a condition.
2023-09-15 14:34:28,584 [WARN] IP:2114 - SERVICE5_UUID not found: check if there is a RefParameter without a condition.
2023-09-15 14:34:28,735 [WARN] IpParametersView:151 - Warning: This peripheral hasn't parameters
2023-09-15 14:34:28,778 [WARN] IpParametersView:151 - Warning: This peripheral hasn't parameters
2023-09-15 14:34:28,791 [WARN] IpParametersView:151 - Warning: This peripheral hasn't parameters
2023-09-15 14:34:28,804 [WARN] IpParametersView:151 - Warning: This peripheral hasn't parameters
2023-09-15 14:34:28,814 [WARN] IpParametersView:151 - Warning: This peripheral hasn't parameters
